2022-11-14 01:31:34,927 WARN [HikariPool-1 housekeeper] c.z.h.p.HikariPool [HikariPool.java:787] HikariPool-1 - Thread starvation or clock leap detected (housekeeper delta=2h25s38ms).
2022-11-14 03:45:15,053 WARN [HikariPool-1 housekeeper] c.z.h.p.HikariPool [HikariPool.java:787] HikariPool-1 - Thread starvation or clock leap detected (housekeeper delta=2h13m10s157ms).
2022-11-14 05:46:13,020 WARN [HikariPool-1 housekeeper] c.z.h.p.HikariPool [HikariPool.java:787] HikariPool-1 - Thread starvation or clock leap detected (housekeeper delta=2h27s926ms).
2022-11-14 07:47:10,584 WARN [HikariPool-1 housekeeper] c.z.h.p.HikariPool [HikariPool.java:787] HikariPool-1 - Thread starvation or clock leap detected (housekeeper delta=2h27s579ms).
2022-11-14 08:37:06,779 WARN [HikariPool-1 housekeeper] c.z.h.p.HikariPool [HikariPool.java:787] HikariPool-1 - Thread starvation or clock leap detected (housekeeper delta=49m26s189ms).
2022-11-14 08:39:32,083 WARN [HikariPool-1 housekeeper] c.z.h.p.HikariPool [HikariPool.java:787] HikariPool-1 - Thread starvation or clock leap detected (housekeeper delta=1m25s239ms).
2022-11-14 08:51:12,903 WARN [HikariPool-1 housekeeper] c.z.h.p.HikariPool [HikariPool.java:787] HikariPool-1 - Thread starvation or clock leap detected (housekeeper delta=11m10s808ms).
2022-11-14 08:55:04,274 WARN [HikariPool-1 housekeeper] c.z.h.p.HikariPool [HikariPool.java:787] HikariPool-1 - Thread starvation or clock leap detected (housekeeper delta=3m21s354ms).
2022-11-14 09:08:43,933 WARN [http-nio-8080-exec-8] o.s.w.s.m.m.a.ExceptionHandlerExceptionResolver [AbstractHandlerExceptionResolver.java:199] Resolved [java.lang.NullPointerException]
2022-11-14 09:12:12,932 WARN [restartedMain] o.a.t.u.m.Registry [DirectJDKLog.java:173] The MBean registry cannot be disabled because it has already been initialised
2022-11-14 09:27:34,667 WARN [restartedMain] o.a.t.u.m.Registry [DirectJDKLog.java:173] The MBean registry cannot be disabled because it has already been initialised
2022-11-14 09:54:50,008 WARN [restartedMain] o.a.t.u.m.Registry [DirectJDKLog.java:173] The MBean registry cannot be disabled because it has already been initialised
2022-11-14 10:21:41,245 WARN [restartedMain] o.a.t.u.m.Registry [DirectJDKLog.java:173] The MBean registry cannot be disabled because it has already been initialised
2022-11-14 11:37:35,618 WARN [HikariPool-1 housekeeper] c.z.h.p.HikariPool [HikariPool.java:787] HikariPool-1 - Thread starvation or clock leap detected (housekeeper delta=30m21s150ms).
2022-11-14 11:55:52,547 WARN [HikariPool-1 housekeeper] c.z.h.p.HikariPool [HikariPool.java:787] HikariPool-1 - Thread starvation or clock leap detected (housekeeper delta=17m46s773ms).
2022-11-14 12:13:33,587 WARN [HikariPool-1 housekeeper] c.z.h.p.HikariPool [HikariPool.java:787] HikariPool-1 - Thread starvation or clock leap detected (housekeeper delta=16m10s998ms).
2022-11-14 12:31:30,536 WARN [HikariPool-1 housekeeper] c.z.h.p.HikariPool [HikariPool.java:787] HikariPool-1 - Thread starvation or clock leap detected (housekeeper delta=15m56s915ms).
2022-11-14 13:36:46,163 WARN [HikariPool-1 housekeeper] c.z.h.p.HikariPool [HikariPool.java:787] HikariPool-1 - Thread starvation or clock leap detected (housekeeper delta=1h5m14s883ms).
2022-11-14 13:46:21,151 WARN [HikariPool-1 housekeeper] c.z.h.p.HikariPool [HikariPool.java:787] HikariPool-1 - Thread starvation or clock leap detected (housekeeper delta=9m4s924ms).
2022-11-14 14:49:05,217 WARN [HikariPool-1 housekeeper] c.z.h.p.HikariPool [HikariPool.java:787] HikariPool-1 - Thread starvation or clock leap detected (housekeeper delta=1h2m14s24ms).
2022-11-14 16:28:22,398 WARN [HikariPool-1 housekeeper] c.z.h.p.HikariPool [HikariPool.java:787] HikariPool-1 - Thread starvation or clock leap detected (housekeeper delta=16m46s577ms).
2022-11-14 17:15:47,522 WARN [HikariPool-1 housekeeper] c.z.h.p.HikariPool [HikariPool.java:787] HikariPool-1 - Thread starvation or clock leap detected (housekeeper delta=30m24s172ms).
2022-11-14 17:38:00,536 WARN [HikariPool-1 housekeeper] c.z.h.p.HikariPool [HikariPool.java:787] HikariPool-1 - Thread starvation or clock leap detected (housekeeper delta=21m42s427ms).
2022-11-14 17:54:13,409 WARN [HikariPool-1 housekeeper] c.z.h.p.HikariPool [HikariPool.java:787] HikariPool-1 - Thread starvation or clock leap detected (housekeeper delta=15m42s866ms).
2022-11-14 18:38:42,329 WARN [HikariPool-1 housekeeper] c.z.h.p.HikariPool [HikariPool.java:787] HikariPool-1 - Thread starvation or clock leap detected (housekeeper delta=43m58s898ms).
2022-11-14 19:38:57,116 WARN [HikariPool-1 housekeeper] c.z.h.p.HikariPool [HikariPool.java:787] HikariPool-1 - Thread starvation or clock leap detected (housekeeper delta=59m14s717ms).
2022-11-14 19:47:29,189 WARN [HikariPool-1 housekeeper] c.z.h.p.HikariPool [HikariPool.java:787] HikariPool-1 - Thread starvation or clock leap detected (housekeeper delta=8m2s71ms).
2022-11-14 23:29:49,780 WARN [HikariPool-1 housekeeper] c.z.h.p.HikariPool [HikariPool.java:787] HikariPool-1 - Thread starvation or clock leap detected (housekeeper delta=30m19s90ms).
2022-11-14 23:47:14,420 WARN [HikariPool-1 housekeeper] c.z.h.p.HikariPool [HikariPool.java:787] HikariPool-1 - Thread starvation or clock leap detected (housekeeper delta=16m54s613ms).
