2022-11-12 01:29:10,054 WARN [HikariPool-1 housekeeper] c.z.h.p.HikariPool [HikariPool.java:787] HikariPool-1 - Thread starvation or clock leap detected (housekeeper delta=2h22s145ms).
2022-11-12 03:29:38,323 WARN [HikariPool-1 housekeeper] c.z.h.p.HikariPool [HikariPool.java:787] HikariPool-1 - Thread starvation or clock leap detected (housekeeper delta=2h28s230ms).
2022-11-12 05:30:35,894 WARN [HikariPool-1 housekeeper] c.z.h.p.HikariPool [HikariPool.java:787] HikariPool-1 - Thread starvation or clock leap detected (housekeeper delta=2h27s418ms).
2022-11-12 07:31:31,534 WARN [HikariPool-1 housekeeper] c.z.h.p.HikariPool [HikariPool.java:787] HikariPool-1 - Thread starvation or clock leap detected (housekeeper delta=2h25s636ms).
2022-11-12 09:56:14,695 WARN [HikariPool-1 housekeeper] c.z.h.p.HikariPool [HikariPool.java:787] HikariPool-1 - Thread starvation or clock leap detected (housekeeper delta=2h24m13s134ms).
2022-11-12 10:11:59,448 WARN [HikariPool-1 housekeeper] c.z.h.p.HikariPool [HikariPool.java:787] HikariPool-1 - Thread starvation or clock leap detected (housekeeper delta=14m14s691ms).
2022-11-12 10:34:59,720 WARN [http-nio-8080-exec-1] o.s.w.s.m.m.a.ExceptionHandlerExceptionResolver [AbstractHandlerExceptionResolver.java:199] Resolved [org.springframework.web.bind.MissingRequestCookieException: Missing cookie 'ticket' for method parameter of type String]
2022-11-12 10:57:58,206 WARN [http-nio-8080-exec-4] o.s.w.s.m.m.a.ExceptionHandlerExceptionResolver [AbstractHandlerExceptionResolver.java:199] Resolved [org.springframework.web.bind.MissingRequestCookieException: Missing cookie 'kaptchaOwner' for method parameter of type String]
2022-11-12 11:30:21,141 WARN [HikariPool-1 housekeeper] c.z.h.p.HikariPool [HikariPool.java:787] HikariPool-1 - Thread starvation or clock leap detected (housekeeper delta=30m19s404ms).
2022-11-12 11:47:35,753 WARN [HikariPool-1 housekeeper] c.z.h.p.HikariPool [HikariPool.java:787] HikariPool-1 - Thread starvation or clock leap detected (housekeeper delta=16m44s563ms).
2022-11-12 12:07:29,750 WARN [HikariPool-1 housekeeper] c.z.h.p.HikariPool [HikariPool.java:787] HikariPool-1 - Thread starvation or clock leap detected (housekeeper delta=18m23s960ms).
2022-11-12 13:13:33,023 WARN [HikariPool-1 housekeeper] c.z.h.p.HikariPool [HikariPool.java:787] HikariPool-1 - Thread starvation or clock leap detected (housekeeper delta=1h5m33s250ms).
2022-11-12 13:28:00,899 WARN [HikariPool-1 housekeeper] c.z.h.p.HikariPool [HikariPool.java:787] HikariPool-1 - Thread starvation or clock leap detected (housekeeper delta=13m27s859ms).
2022-11-12 13:44:40,857 WARN [HikariPool-1 housekeeper] c.z.h.p.HikariPool [HikariPool.java:787] HikariPool-1 - Thread starvation or clock leap detected (housekeeper delta=16m39s958ms).
2022-11-12 14:09:26,743 WARN [HikariPool-1 housekeeper] c.z.h.p.HikariPool [HikariPool.java:787] HikariPool-1 - Thread starvation or clock leap detected (housekeeper delta=24m15s862ms).
2022-11-12 15:04:45,114 WARN [HikariPool-1 housekeeper] c.z.h.p.HikariPool [HikariPool.java:787] HikariPool-1 - Thread starvation or clock leap detected (housekeeper delta=1m39s611ms).
2022-11-12 15:13:12,085 WARN [http-nio-8080-exec-6] o.s.w.s.m.m.a.ExceptionHandlerExceptionResolver [AbstractHandlerExceptionResolver.java:199] Resolved [org.springframework.web.method.annotation.MethodArgumentTypeMismatchException: Failed to convert value of type 'java.lang.String' to required type 'int'; nested exception is java.lang.NumberFormatException: For input string: "my-post.html"]
2022-11-12 15:40:51,008 WARN [restartedMain] o.a.t.u.m.Registry [DirectJDKLog.java:173] The MBean registry cannot be disabled because it has already been initialised
2022-11-12 17:04:10,995 WARN [restartedMain] o.a.t.u.m.Registry [DirectJDKLog.java:173] The MBean registry cannot be disabled because it has already been initialised
2022-11-12 17:10:13,566 WARN [kafka-admin-client-thread | adminclient-1] o.a.k.c.NetworkClient [NetworkClient.java:950] [AdminClient clientId=adminclient-1] Error connecting to node host.docker.internal:9092 (id: 0 rack: null)
java.net.UnknownHostException: host.docker.internal: nodename nor servname provided, or not known
	at java.net.Inet6AddressImpl.lookupAllHostAddr(Native Method)
	at java.net.InetAddress$2.lookupAllHostAddr(InetAddress.java:929)
	at java.net.InetAddress.getAddressesFromNameService(InetAddress.java:1324)
	at java.net.InetAddress.getAllByName0(InetAddress.java:1277)
	at java.net.InetAddress.getAllByName(InetAddress.java:1193)
	at java.net.InetAddress.getAllByName(InetAddress.java:1127)
	at org.apache.kafka.clients.ClientUtils.resolve(ClientUtils.java:104)
	at org.apache.kafka.clients.ClusterConnectionStates$NodeConnectionState.currentAddress(ClusterConnectionStates.java:403)
	at org.apache.kafka.clients.ClusterConnectionStates$NodeConnectionState.access$200(ClusterConnectionStates.java:363)
	at org.apache.kafka.clients.ClusterConnectionStates.currentAddress(ClusterConnectionStates.java:151)
	at org.apache.kafka.clients.NetworkClient.initiateConnect(NetworkClient.java:943)
	at org.apache.kafka.clients.NetworkClient.ready(NetworkClient.java:288)
	at org.apache.kafka.clients.admin.KafkaAdminClient$AdminClientRunnable.sendEligibleCalls(KafkaAdminClient.java:925)
	at org.apache.kafka.clients.admin.KafkaAdminClient$AdminClientRunnable.run(KafkaAdminClient.java:1140)
	at java.lang.Thread.run(Thread.java:748)
2022-11-12 17:10:13,620 WARN [kafka-admin-client-thread | adminclient-1] o.a.k.c.NetworkClient [NetworkClient.java:950] [AdminClient clientId=adminclient-1] Error connecting to node host.docker.internal:9092 (id: 0 rack: null)
java.net.UnknownHostException: host.docker.internal
	at java.net.InetAddress.getAllByName0(InetAddress.java:1281)
	at java.net.InetAddress.getAllByName(InetAddress.java:1193)
	at java.net.InetAddress.getAllByName(InetAddress.java:1127)
	at org.apache.kafka.clients.ClientUtils.resolve(ClientUtils.java:104)
	at org.apache.kafka.clients.ClusterConnectionStates$NodeConnectionState.currentAddress(ClusterConnectionStates.java:403)
	at org.apache.kafka.clients.ClusterConnectionStates$NodeConnectionState.access$200(ClusterConnectionStates.java:363)
	at org.apache.kafka.clients.ClusterConnectionStates.currentAddress(ClusterConnectionStates.java:151)
	at org.apache.kafka.clients.NetworkClient.initiateConnect(NetworkClient.java:943)
	at org.apache.kafka.clients.NetworkClient.ready(NetworkClient.java:288)
	at org.apache.kafka.clients.admin.KafkaAdminClient$AdminClientRunnable.sendEligibleCalls(KafkaAdminClient.java:925)
	at org.apache.kafka.clients.admin.KafkaAdminClient$AdminClientRunnable.run(KafkaAdminClient.java:1140)
	at java.lang.Thread.run(Thread.java:748)
2022-11-12 17:10:13,728 WARN [kafka-admin-client-thread | adminclient-1] o.a.k.c.NetworkClient [NetworkClient.java:950] [AdminClient clientId=adminclient-1] Error connecting to node host.docker.internal:9092 (id: 0 rack: null)
java.net.UnknownHostException: host.docker.internal
	at java.net.InetAddress.getAllByName0(InetAddress.java:1281)
	at java.net.InetAddress.getAllByName(InetAddress.java:1193)
	at java.net.InetAddress.getAllByName(InetAddress.java:1127)
	at org.apache.kafka.clients.ClientUtils.resolve(ClientUtils.java:104)
	at org.apache.kafka.clients.ClusterConnectionStates$NodeConnectionState.currentAddress(ClusterConnectionStates.java:403)
	at org.apache.kafka.clients.ClusterConnectionStates$NodeConnectionState.access$200(ClusterConnectionStates.java:363)
	at org.apache.kafka.clients.ClusterConnectionStates.currentAddress(ClusterConnectionStates.java:151)
	at org.apache.kafka.clients.NetworkClient.initiateConnect(NetworkClient.java:943)
	at org.apache.kafka.clients.NetworkClient.ready(NetworkClient.java:288)
	at org.apache.kafka.clients.admin.KafkaAdminClient$AdminClientRunnable.sendEligibleCalls(KafkaAdminClient.java:925)
	at org.apache.kafka.clients.admin.KafkaAdminClient$AdminClientRunnable.run(KafkaAdminClient.java:1140)
	at java.lang.Thread.run(Thread.java:748)
2022-11-12 17:10:13,970 WARN [kafka-admin-client-thread | adminclient-1] o.a.k.c.NetworkClient [NetworkClient.java:950] [AdminClient clientId=adminclient-1] Error connecting to node host.docker.internal:9092 (id: 0 rack: null)
java.net.UnknownHostException: host.docker.internal
	at java.net.InetAddress.getAllByName0(InetAddress.java:1281)
	at java.net.InetAddress.getAllByName(InetAddress.java:1193)
	at java.net.InetAddress.getAllByName(InetAddress.java:1127)
	at org.apache.kafka.clients.ClientUtils.resolve(ClientUtils.java:104)
	at org.apache.kafka.clients.ClusterConnectionStates$NodeConnectionState.currentAddress(ClusterConnectionStates.java:403)
	at org.apache.kafka.clients.ClusterConnectionStates$NodeConnectionState.access$200(ClusterConnectionStates.java:363)
	at org.apache.kafka.clients.ClusterConnectionStates.currentAddress(ClusterConnectionStates.java:151)
	at org.apache.kafka.clients.NetworkClient.initiateConnect(NetworkClient.java:943)
	at org.apache.kafka.clients.NetworkClient.ready(NetworkClient.java:288)
	at org.apache.kafka.clients.admin.KafkaAdminClient$AdminClientRunnable.sendEligibleCalls(KafkaAdminClient.java:925)
	at org.apache.kafka.clients.admin.KafkaAdminClient$AdminClientRunnable.run(KafkaAdminClient.java:1140)
	at java.lang.Thread.run(Thread.java:748)
2022-11-12 17:10:14,410 WARN [kafka-admin-client-thread | adminclient-1] o.a.k.c.NetworkClient [NetworkClient.java:950] [AdminClient clientId=adminclient-1] Error connecting to node host.docker.internal:9092 (id: 0 rack: null)
java.net.UnknownHostException: host.docker.internal
	at java.net.InetAddress.getAllByName0(InetAddress.java:1281)
	at java.net.InetAddress.getAllByName(InetAddress.java:1193)
	at java.net.InetAddress.getAllByName(InetAddress.java:1127)
	at org.apache.kafka.clients.ClientUtils.resolve(ClientUtils.java:104)
	at org.apache.kafka.clients.ClusterConnectionStates$NodeConnectionState.currentAddress(ClusterConnectionStates.java:403)
	at org.apache.kafka.clients.ClusterConnectionStates$NodeConnectionState.access$200(ClusterConnectionStates.java:363)
	at org.apache.kafka.clients.ClusterConnectionStates.currentAddress(ClusterConnectionStates.java:151)
	at org.apache.kafka.clients.NetworkClient.initiateConnect(NetworkClient.java:943)
	at org.apache.kafka.clients.NetworkClient.ready(NetworkClient.java:288)
	at org.apache.kafka.clients.admin.KafkaAdminClient$AdminClientRunnable.sendEligibleCalls(KafkaAdminClient.java:925)
	at org.apache.kafka.clients.admin.KafkaAdminClient$AdminClientRunnable.run(KafkaAdminClient.java:1140)
	at java.lang.Thread.run(Thread.java:748)
2022-11-12 17:10:15,244 WARN [kafka-admin-client-thread | adminclient-1] o.a.k.c.NetworkClient [NetworkClient.java:950] [AdminClient clientId=adminclient-1] Error connecting to node host.docker.internal:9092 (id: 0 rack: null)
java.net.UnknownHostException: host.docker.internal
	at java.net.InetAddress.getAllByName0(InetAddress.java:1281)
	at java.net.InetAddress.getAllByName(InetAddress.java:1193)
	at java.net.InetAddress.getAllByName(InetAddress.java:1127)
	at org.apache.kafka.clients.ClientUtils.resolve(ClientUtils.java:104)
	at org.apache.kafka.clients.ClusterConnectionStates$NodeConnectionState.currentAddress(ClusterConnectionStates.java:403)
	at org.apache.kafka.clients.ClusterConnectionStates$NodeConnectionState.access$200(ClusterConnectionStates.java:363)
	at org.apache.kafka.clients.ClusterConnectionStates.currentAddress(ClusterConnectionStates.java:151)
	at org.apache.kafka.clients.NetworkClient.initiateConnect(NetworkClient.java:943)
	at org.apache.kafka.clients.NetworkClient.ready(NetworkClient.java:288)
	at org.apache.kafka.clients.admin.KafkaAdminClient$AdminClientRunnable.sendEligibleCalls(KafkaAdminClient.java:925)
	at org.apache.kafka.clients.admin.KafkaAdminClient$AdminClientRunnable.run(KafkaAdminClient.java:1140)
	at java.lang.Thread.run(Thread.java:748)
2022-11-12 17:10:16,393 WARN [kafka-admin-client-thread | adminclient-1] o.a.k.c.NetworkClient [NetworkClient.java:950] [AdminClient clientId=adminclient-1] Error connecting to node host.docker.internal:9092 (id: 0 rack: null)
java.net.UnknownHostException: host.docker.internal
	at java.net.InetAddress.getAllByName0(InetAddress.java:1281)
	at java.net.InetAddress.getAllByName(InetAddress.java:1193)
	at java.net.InetAddress.getAllByName(InetAddress.java:1127)
	at org.apache.kafka.clients.ClientUtils.resolve(ClientUtils.java:104)
	at org.apache.kafka.clients.ClusterConnectionStates$NodeConnectionState.currentAddress(ClusterConnectionStates.java:403)
	at org.apache.kafka.clients.ClusterConnectionStates$NodeConnectionState.access$200(ClusterConnectionStates.java:363)
	at org.apache.kafka.clients.ClusterConnectionStates.currentAddress(ClusterConnectionStates.java:151)
	at org.apache.kafka.clients.NetworkClient.initiateConnect(NetworkClient.java:943)
	at org.apache.kafka.clients.NetworkClient.ready(NetworkClient.java:288)
	at org.apache.kafka.clients.admin.KafkaAdminClient$AdminClientRunnable.sendEligibleCalls(KafkaAdminClient.java:925)
	at org.apache.kafka.clients.admin.KafkaAdminClient$AdminClientRunnable.run(KafkaAdminClient.java:1140)
	at java.lang.Thread.run(Thread.java:748)
2022-11-12 17:10:17,374 WARN [kafka-admin-client-thread | adminclient-1] o.a.k.c.NetworkClient [NetworkClient.java:950] [AdminClient clientId=adminclient-1] Error connecting to node host.docker.internal:9092 (id: 0 rack: null)
java.net.UnknownHostException: host.docker.internal
	at java.net.InetAddress.getAllByName0(InetAddress.java:1281)
	at java.net.InetAddress.getAllByName(InetAddress.java:1193)
	at java.net.InetAddress.getAllByName(InetAddress.java:1127)
	at org.apache.kafka.clients.ClientUtils.resolve(ClientUtils.java:104)
	at org.apache.kafka.clients.ClusterConnectionStates$NodeConnectionState.currentAddress(ClusterConnectionStates.java:403)
	at org.apache.kafka.clients.ClusterConnectionStates$NodeConnectionState.access$200(ClusterConnectionStates.java:363)
	at org.apache.kafka.clients.ClusterConnectionStates.currentAddress(ClusterConnectionStates.java:151)
	at org.apache.kafka.clients.NetworkClient.initiateConnect(NetworkClient.java:943)
	at org.apache.kafka.clients.NetworkClient.ready(NetworkClient.java:288)
	at org.apache.kafka.clients.admin.KafkaAdminClient$AdminClientRunnable.sendEligibleCalls(KafkaAdminClient.java:925)
	at org.apache.kafka.clients.admin.KafkaAdminClient$AdminClientRunnable.run(KafkaAdminClient.java:1140)
	at java.lang.Thread.run(Thread.java:748)
2022-11-12 17:10:18,518 WARN [kafka-admin-client-thread | adminclient-1] o.a.k.c.NetworkClient [NetworkClient.java:950] [AdminClient clientId=adminclient-1] Error connecting to node host.docker.internal:9092 (id: 0 rack: null)
java.net.UnknownHostException: host.docker.internal
	at java.net.InetAddress.getAllByName0(InetAddress.java:1281)
	at java.net.InetAddress.getAllByName(InetAddress.java:1193)
	at java.net.InetAddress.getAllByName(InetAddress.java:1127)
	at org.apache.kafka.clients.ClientUtils.resolve(ClientUtils.java:104)
	at org.apache.kafka.clients.ClusterConnectionStates$NodeConnectionState.currentAddress(ClusterConnectionStates.java:403)
	at org.apache.kafka.clients.ClusterConnectionStates$NodeConnectionState.access$200(ClusterConnectionStates.java:363)
	at org.apache.kafka.clients.ClusterConnectionStates.currentAddress(ClusterConnectionStates.java:151)
	at org.apache.kafka.clients.NetworkClient.initiateConnect(NetworkClient.java:943)
	at org.apache.kafka.clients.NetworkClient.ready(NetworkClient.java:288)
	at org.apache.kafka.clients.admin.KafkaAdminClient$AdminClientRunnable.sendEligibleCalls(KafkaAdminClient.java:925)
	at org.apache.kafka.clients.admin.KafkaAdminClient$AdminClientRunnable.run(KafkaAdminClient.java:1140)
	at java.lang.Thread.run(Thread.java:748)
2022-11-12 17:10:19,442 WARN [kafka-admin-client-thread | adminclient-1] o.a.k.c.NetworkClient [NetworkClient.java:950] [AdminClient clientId=adminclient-1] Error connecting to node host.docker.internal:9092 (id: 0 rack: null)
java.net.UnknownHostException: host.docker.internal
	at java.net.InetAddress.getAllByName0(InetAddress.java:1281)
	at java.net.InetAddress.getAllByName(InetAddress.java:1193)
	at java.net.InetAddress.getAllByName(InetAddress.java:1127)
	at org.apache.kafka.clients.ClientUtils.resolve(ClientUtils.java:104)
	at org.apache.kafka.clients.ClusterConnectionStates$NodeConnectionState.currentAddress(ClusterConnectionStates.java:403)
	at org.apache.kafka.clients.ClusterConnectionStates$NodeConnectionState.access$200(ClusterConnectionStates.java:363)
	at org.apache.kafka.clients.ClusterConnectionStates.currentAddress(ClusterConnectionStates.java:151)
	at org.apache.kafka.clients.NetworkClient.initiateConnect(NetworkClient.java:943)
	at org.apache.kafka.clients.NetworkClient.ready(NetworkClient.java:288)
	at org.apache.kafka.clients.admin.KafkaAdminClient$AdminClientRunnable.sendEligibleCalls(KafkaAdminClient.java:925)
	at org.apache.kafka.clients.admin.KafkaAdminClient$AdminClientRunnable.run(KafkaAdminClient.java:1140)
	at java.lang.Thread.run(Thread.java:748)
2022-11-12 17:10:20,469 WARN [kafka-admin-client-thread | adminclient-1] o.a.k.c.NetworkClient [NetworkClient.java:950] [AdminClient clientId=adminclient-1] Error connecting to node host.docker.internal:9092 (id: 0 rack: null)
java.net.UnknownHostException: host.docker.internal
	at java.net.InetAddress.getAllByName0(InetAddress.java:1281)
	at java.net.InetAddress.getAllByName(InetAddress.java:1193)
	at java.net.InetAddress.getAllByName(InetAddress.java:1127)
	at org.apache.kafka.clients.ClientUtils.resolve(ClientUtils.java:104)
	at org.apache.kafka.clients.ClusterConnectionStates$NodeConnectionState.currentAddress(ClusterConnectionStates.java:403)
	at org.apache.kafka.clients.ClusterConnectionStates$NodeConnectionState.access$200(ClusterConnectionStates.java:363)
	at org.apache.kafka.clients.ClusterConnectionStates.currentAddress(ClusterConnectionStates.java:151)
	at org.apache.kafka.clients.NetworkClient.initiateConnect(NetworkClient.java:943)
	at org.apache.kafka.clients.NetworkClient.ready(NetworkClient.java:288)
	at org.apache.kafka.clients.admin.KafkaAdminClient$AdminClientRunnable.sendEligibleCalls(KafkaAdminClient.java:925)
	at org.apache.kafka.clients.admin.KafkaAdminClient$AdminClientRunnable.run(KafkaAdminClient.java:1140)
	at java.lang.Thread.run(Thread.java:748)
2022-11-12 17:10:21,542 WARN [kafka-admin-client-thread | adminclient-1] o.a.k.c.NetworkClient [NetworkClient.java:950] [AdminClient clientId=adminclient-1] Error connecting to node host.docker.internal:9092 (id: 0 rack: null)
java.net.UnknownHostException: host.docker.internal
	at java.net.InetAddress.getAllByName0(InetAddress.java:1281)
	at java.net.InetAddress.getAllByName(InetAddress.java:1193)
	at java.net.InetAddress.getAllByName(InetAddress.java:1127)
	at org.apache.kafka.clients.ClientUtils.resolve(ClientUtils.java:104)
	at org.apache.kafka.clients.ClusterConnectionStates$NodeConnectionState.currentAddress(ClusterConnectionStates.java:403)
	at org.apache.kafka.clients.ClusterConnectionStates$NodeConnectionState.access$200(ClusterConnectionStates.java:363)
	at org.apache.kafka.clients.ClusterConnectionStates.currentAddress(ClusterConnectionStates.java:151)
	at org.apache.kafka.clients.NetworkClient.initiateConnect(NetworkClient.java:943)
	at org.apache.kafka.clients.NetworkClient.ready(NetworkClient.java:288)
	at org.apache.kafka.clients.admin.KafkaAdminClient$AdminClientRunnable.sendEligibleCalls(KafkaAdminClient.java:925)
	at org.apache.kafka.clients.admin.KafkaAdminClient$AdminClientRunnable.run(KafkaAdminClient.java:1140)
	at java.lang.Thread.run(Thread.java:748)
2022-11-12 17:10:22,348 WARN [kafka-admin-client-thread | adminclient-1] o.a.k.c.NetworkClient [NetworkClient.java:950] [AdminClient clientId=adminclient-1] Error connecting to node host.docker.internal:9092 (id: 0 rack: null)
java.net.UnknownHostException: host.docker.internal
	at java.net.InetAddress.getAllByName0(InetAddress.java:1281)
	at java.net.InetAddress.getAllByName(InetAddress.java:1193)
	at java.net.InetAddress.getAllByName(InetAddress.java:1127)
	at org.apache.kafka.clients.ClientUtils.resolve(ClientUtils.java:104)
	at org.apache.kafka.clients.ClusterConnectionStates$NodeConnectionState.currentAddress(ClusterConnectionStates.java:403)
	at org.apache.kafka.clients.ClusterConnectionStates$NodeConnectionState.access$200(ClusterConnectionStates.java:363)
	at org.apache.kafka.clients.ClusterConnectionStates.currentAddress(ClusterConnectionStates.java:151)
	at org.apache.kafka.clients.NetworkClient.initiateConnect(NetworkClient.java:943)
	at org.apache.kafka.clients.NetworkClient.ready(NetworkClient.java:288)
	at org.apache.kafka.clients.admin.KafkaAdminClient$AdminClientRunnable.sendEligibleCalls(KafkaAdminClient.java:925)
	at org.apache.kafka.clients.admin.KafkaAdminClient$AdminClientRunnable.run(KafkaAdminClient.java:1140)
	at java.lang.Thread.run(Thread.java:748)
2022-11-12 17:10:23,523 WARN [kafka-admin-client-thread | adminclient-1] o.a.k.c.NetworkClient [NetworkClient.java:950] [AdminClient clientId=adminclient-1] Error connecting to node host.docker.internal:9092 (id: 0 rack: null)
java.net.UnknownHostException: host.docker.internal
	at java.net.InetAddress.getAllByName0(InetAddress.java:1281)
	at java.net.InetAddress.getAllByName(InetAddress.java:1193)
	at java.net.InetAddress.getAllByName(InetAddress.java:1127)
	at org.apache.kafka.clients.ClientUtils.resolve(ClientUtils.java:104)
	at org.apache.kafka.clients.ClusterConnectionStates$NodeConnectionState.currentAddress(ClusterConnectionStates.java:403)
	at org.apache.kafka.clients.ClusterConnectionStates$NodeConnectionState.access$200(ClusterConnectionStates.java:363)
	at org.apache.kafka.clients.ClusterConnectionStates.currentAddress(ClusterConnectionStates.java:151)
	at org.apache.kafka.clients.NetworkClient.initiateConnect(NetworkClient.java:943)
	at org.apache.kafka.clients.NetworkClient.ready(NetworkClient.java:288)
	at org.apache.kafka.clients.admin.KafkaAdminClient$AdminClientRunnable.sendEligibleCalls(KafkaAdminClient.java:925)
	at org.apache.kafka.clients.admin.KafkaAdminClient$AdminClientRunnable.run(KafkaAdminClient.java:1140)
	at java.lang.Thread.run(Thread.java:748)
2022-11-12 17:10:24,461 WARN [kafka-admin-client-thread | adminclient-1] o.a.k.c.NetworkClient [NetworkClient.java:950] [AdminClient clientId=adminclient-1] Error connecting to node host.docker.internal:9092 (id: 0 rack: null)
java.net.UnknownHostException: host.docker.internal: nodename nor servname provided, or not known
	at java.net.Inet6AddressImpl.lookupAllHostAddr(Native Method)
	at java.net.InetAddress$2.lookupAllHostAddr(InetAddress.java:929)
	at java.net.InetAddress.getAddressesFromNameService(InetAddress.java:1324)
	at java.net.InetAddress.getAllByName0(InetAddress.java:1277)
	at java.net.InetAddress.getAllByName(InetAddress.java:1193)
	at java.net.InetAddress.getAllByName(InetAddress.java:1127)
	at org.apache.kafka.clients.ClientUtils.resolve(ClientUtils.java:104)
	at org.apache.kafka.clients.ClusterConnectionStates$NodeConnectionState.currentAddress(ClusterConnectionStates.java:403)
	at org.apache.kafka.clients.ClusterConnectionStates$NodeConnectionState.access$200(ClusterConnectionStates.java:363)
	at org.apache.kafka.clients.ClusterConnectionStates.currentAddress(ClusterConnectionStates.java:151)
	at org.apache.kafka.clients.NetworkClient.initiateConnect(NetworkClient.java:943)
	at org.apache.kafka.clients.NetworkClient.ready(NetworkClient.java:288)
	at org.apache.kafka.clients.admin.KafkaAdminClient$AdminClientRunnable.sendEligibleCalls(KafkaAdminClient.java:925)
	at org.apache.kafka.clients.admin.KafkaAdminClient$AdminClientRunnable.run(KafkaAdminClient.java:1140)
	at java.lang.Thread.run(Thread.java:748)
2022-11-12 17:10:25,272 WARN [kafka-admin-client-thread | adminclient-1] o.a.k.c.NetworkClient [NetworkClient.java:950] [AdminClient clientId=adminclient-1] Error connecting to node host.docker.internal:9092 (id: 0 rack: null)
java.net.UnknownHostException: host.docker.internal
	at java.net.InetAddress.getAllByName0(InetAddress.java:1281)
	at java.net.InetAddress.getAllByName(InetAddress.java:1193)
	at java.net.InetAddress.getAllByName(InetAddress.java:1127)
	at org.apache.kafka.clients.ClientUtils.resolve(ClientUtils.java:104)
	at org.apache.kafka.clients.ClusterConnectionStates$NodeConnectionState.currentAddress(ClusterConnectionStates.java:403)
	at org.apache.kafka.clients.ClusterConnectionStates$NodeConnectionState.access$200(ClusterConnectionStates.java:363)
	at org.apache.kafka.clients.ClusterConnectionStates.currentAddress(ClusterConnectionStates.java:151)
	at org.apache.kafka.clients.NetworkClient.initiateConnect(NetworkClient.java:943)
	at org.apache.kafka.clients.NetworkClient.ready(NetworkClient.java:288)
	at org.apache.kafka.clients.admin.KafkaAdminClient$AdminClientRunnable.sendEligibleCalls(KafkaAdminClient.java:925)
	at org.apache.kafka.clients.admin.KafkaAdminClient$AdminClientRunnable.run(KafkaAdminClient.java:1140)
	at java.lang.Thread.run(Thread.java:748)
2022-11-12 17:10:26,476 WARN [kafka-admin-client-thread | adminclient-1] o.a.k.c.NetworkClient [NetworkClient.java:950] [AdminClient clientId=adminclient-1] Error connecting to node host.docker.internal:9092 (id: 0 rack: null)
java.net.UnknownHostException: host.docker.internal
	at java.net.InetAddress.getAllByName0(InetAddress.java:1281)
	at java.net.InetAddress.getAllByName(InetAddress.java:1193)
	at java.net.InetAddress.getAllByName(InetAddress.java:1127)
	at org.apache.kafka.clients.ClientUtils.resolve(ClientUtils.java:104)
	at org.apache.kafka.clients.ClusterConnectionStates$NodeConnectionState.currentAddress(ClusterConnectionStates.java:403)
	at org.apache.kafka.clients.ClusterConnectionStates$NodeConnectionState.access$200(ClusterConnectionStates.java:363)
	at org.apache.kafka.clients.ClusterConnectionStates.currentAddress(ClusterConnectionStates.java:151)
	at org.apache.kafka.clients.NetworkClient.initiateConnect(NetworkClient.java:943)
	at org.apache.kafka.clients.NetworkClient.ready(NetworkClient.java:288)
	at org.apache.kafka.clients.admin.KafkaAdminClient$AdminClientRunnable.sendEligibleCalls(KafkaAdminClient.java:925)
	at org.apache.kafka.clients.admin.KafkaAdminClient$AdminClientRunnable.run(KafkaAdminClient.java:1140)
	at java.lang.Thread.run(Thread.java:748)
2022-11-12 17:13:58,638 WARN [kafka-admin-client-thread | adminclient-1] o.a.k.c.NetworkClient [NetworkClient.java:950] [AdminClient clientId=adminclient-1] Error connecting to node host.docker.internal:9092 (id: 0 rack: null)
java.net.UnknownHostException: host.docker.internal: nodename nor servname provided, or not known
	at java.net.Inet6AddressImpl.lookupAllHostAddr(Native Method)
	at java.net.InetAddress$2.lookupAllHostAddr(InetAddress.java:929)
	at java.net.InetAddress.getAddressesFromNameService(InetAddress.java:1324)
	at java.net.InetAddress.getAllByName0(InetAddress.java:1277)
	at java.net.InetAddress.getAllByName(InetAddress.java:1193)
	at java.net.InetAddress.getAllByName(InetAddress.java:1127)
	at org.apache.kafka.clients.ClientUtils.resolve(ClientUtils.java:104)
	at org.apache.kafka.clients.ClusterConnectionStates$NodeConnectionState.currentAddress(ClusterConnectionStates.java:403)
	at org.apache.kafka.clients.ClusterConnectionStates$NodeConnectionState.access$200(ClusterConnectionStates.java:363)
	at org.apache.kafka.clients.ClusterConnectionStates.currentAddress(ClusterConnectionStates.java:151)
	at org.apache.kafka.clients.NetworkClient.initiateConnect(NetworkClient.java:943)
	at org.apache.kafka.clients.NetworkClient.ready(NetworkClient.java:288)
	at org.apache.kafka.clients.admin.KafkaAdminClient$AdminClientRunnable.sendEligibleCalls(KafkaAdminClient.java:925)
	at org.apache.kafka.clients.admin.KafkaAdminClient$AdminClientRunnable.run(KafkaAdminClient.java:1140)
	at java.lang.Thread.run(Thread.java:748)
2022-11-12 17:13:58,698 WARN [kafka-admin-client-thread | adminclient-1] o.a.k.c.NetworkClient [NetworkClient.java:950] [AdminClient clientId=adminclient-1] Error connecting to node host.docker.internal:9092 (id: 0 rack: null)
java.net.UnknownHostException: host.docker.internal
	at java.net.InetAddress.getAllByName0(InetAddress.java:1281)
	at java.net.InetAddress.getAllByName(InetAddress.java:1193)
	at java.net.InetAddress.getAllByName(InetAddress.java:1127)
	at org.apache.kafka.clients.ClientUtils.resolve(ClientUtils.java:104)
	at org.apache.kafka.clients.ClusterConnectionStates$NodeConnectionState.currentAddress(ClusterConnectionStates.java:403)
	at org.apache.kafka.clients.ClusterConnectionStates$NodeConnectionState.access$200(ClusterConnectionStates.java:363)
	at org.apache.kafka.clients.ClusterConnectionStates.currentAddress(ClusterConnectionStates.java:151)
	at org.apache.kafka.clients.NetworkClient.initiateConnect(NetworkClient.java:943)
	at org.apache.kafka.clients.NetworkClient.ready(NetworkClient.java:288)
	at org.apache.kafka.clients.admin.KafkaAdminClient$AdminClientRunnable.sendEligibleCalls(KafkaAdminClient.java:925)
	at org.apache.kafka.clients.admin.KafkaAdminClient$AdminClientRunnable.run(KafkaAdminClient.java:1140)
	at java.lang.Thread.run(Thread.java:748)
2022-11-12 17:13:58,790 WARN [kafka-admin-client-thread | adminclient-1] o.a.k.c.NetworkClient [NetworkClient.java:950] [AdminClient clientId=adminclient-1] Error connecting to node host.docker.internal:9092 (id: 0 rack: null)
java.net.UnknownHostException: host.docker.internal
	at java.net.InetAddress.getAllByName0(InetAddress.java:1281)
	at java.net.InetAddress.getAllByName(InetAddress.java:1193)
	at java.net.InetAddress.getAllByName(InetAddress.java:1127)
	at org.apache.kafka.clients.ClientUtils.resolve(ClientUtils.java:104)
	at org.apache.kafka.clients.ClusterConnectionStates$NodeConnectionState.currentAddress(ClusterConnectionStates.java:403)
	at org.apache.kafka.clients.ClusterConnectionStates$NodeConnectionState.access$200(ClusterConnectionStates.java:363)
	at org.apache.kafka.clients.ClusterConnectionStates.currentAddress(ClusterConnectionStates.java:151)
	at org.apache.kafka.clients.NetworkClient.initiateConnect(NetworkClient.java:943)
	at org.apache.kafka.clients.NetworkClient.ready(NetworkClient.java:288)
	at org.apache.kafka.clients.admin.KafkaAdminClient$AdminClientRunnable.sendEligibleCalls(KafkaAdminClient.java:925)
	at org.apache.kafka.clients.admin.KafkaAdminClient$AdminClientRunnable.run(KafkaAdminClient.java:1140)
	at java.lang.Thread.run(Thread.java:748)
2022-11-12 17:13:58,970 WARN [kafka-admin-client-thread | adminclient-1] o.a.k.c.NetworkClient [NetworkClient.java:950] [AdminClient clientId=adminclient-1] Error connecting to node host.docker.internal:9092 (id: 0 rack: null)
java.net.UnknownHostException: host.docker.internal
	at java.net.InetAddress.getAllByName0(InetAddress.java:1281)
	at java.net.InetAddress.getAllByName(InetAddress.java:1193)
	at java.net.InetAddress.getAllByName(InetAddress.java:1127)
	at org.apache.kafka.clients.ClientUtils.resolve(ClientUtils.java:104)
	at org.apache.kafka.clients.ClusterConnectionStates$NodeConnectionState.currentAddress(ClusterConnectionStates.java:403)
	at org.apache.kafka.clients.ClusterConnectionStates$NodeConnectionState.access$200(ClusterConnectionStates.java:363)
	at org.apache.kafka.clients.ClusterConnectionStates.currentAddress(ClusterConnectionStates.java:151)
	at org.apache.kafka.clients.NetworkClient.initiateConnect(NetworkClient.java:943)
	at org.apache.kafka.clients.NetworkClient.ready(NetworkClient.java:288)
	at org.apache.kafka.clients.admin.KafkaAdminClient$AdminClientRunnable.sendEligibleCalls(KafkaAdminClient.java:925)
	at org.apache.kafka.clients.admin.KafkaAdminClient$AdminClientRunnable.run(KafkaAdminClient.java:1140)
	at java.lang.Thread.run(Thread.java:748)
2022-11-12 17:13:59,407 WARN [kafka-admin-client-thread | adminclient-1] o.a.k.c.NetworkClient [NetworkClient.java:950] [AdminClient clientId=adminclient-1] Error connecting to node host.docker.internal:9092 (id: 0 rack: null)
java.net.UnknownHostException: host.docker.internal
	at java.net.InetAddress.getAllByName0(InetAddress.java:1281)
	at java.net.InetAddress.getAllByName(InetAddress.java:1193)
	at java.net.InetAddress.getAllByName(InetAddress.java:1127)
	at org.apache.kafka.clients.ClientUtils.resolve(ClientUtils.java:104)
	at org.apache.kafka.clients.ClusterConnectionStates$NodeConnectionState.currentAddress(ClusterConnectionStates.java:403)
	at org.apache.kafka.clients.ClusterConnectionStates$NodeConnectionState.access$200(ClusterConnectionStates.java:363)
	at org.apache.kafka.clients.ClusterConnectionStates.currentAddress(ClusterConnectionStates.java:151)
	at org.apache.kafka.clients.NetworkClient.initiateConnect(NetworkClient.java:943)
	at org.apache.kafka.clients.NetworkClient.ready(NetworkClient.java:288)
	at org.apache.kafka.clients.admin.KafkaAdminClient$AdminClientRunnable.sendEligibleCalls(KafkaAdminClient.java:925)
	at org.apache.kafka.clients.admin.KafkaAdminClient$AdminClientRunnable.run(KafkaAdminClient.java:1140)
	at java.lang.Thread.run(Thread.java:748)
2022-11-12 17:14:00,330 WARN [kafka-admin-client-thread | adminclient-1] o.a.k.c.NetworkClient [NetworkClient.java:950] [AdminClient clientId=adminclient-1] Error connecting to node host.docker.internal:9092 (id: 0 rack: null)
java.net.UnknownHostException: host.docker.internal
	at java.net.InetAddress.getAllByName0(InetAddress.java:1281)
	at java.net.InetAddress.getAllByName(InetAddress.java:1193)
	at java.net.InetAddress.getAllByName(InetAddress.java:1127)
	at org.apache.kafka.clients.ClientUtils.resolve(ClientUtils.java:104)
	at org.apache.kafka.clients.ClusterConnectionStates$NodeConnectionState.currentAddress(ClusterConnectionStates.java:403)
	at org.apache.kafka.clients.ClusterConnectionStates$NodeConnectionState.access$200(ClusterConnectionStates.java:363)
	at org.apache.kafka.clients.ClusterConnectionStates.currentAddress(ClusterConnectionStates.java:151)
	at org.apache.kafka.clients.NetworkClient.initiateConnect(NetworkClient.java:943)
	at org.apache.kafka.clients.NetworkClient.ready(NetworkClient.java:288)
	at org.apache.kafka.clients.admin.KafkaAdminClient$AdminClientRunnable.sendEligibleCalls(KafkaAdminClient.java:925)
	at org.apache.kafka.clients.admin.KafkaAdminClient$AdminClientRunnable.run(KafkaAdminClient.java:1140)
	at java.lang.Thread.run(Thread.java:748)
2022-11-12 17:14:01,161 WARN [kafka-admin-client-thread | adminclient-1] o.a.k.c.NetworkClient [NetworkClient.java:950] [AdminClient clientId=adminclient-1] Error connecting to node host.docker.internal:9092 (id: 0 rack: null)
java.net.UnknownHostException: host.docker.internal
	at java.net.InetAddress.getAllByName0(InetAddress.java:1281)
	at java.net.InetAddress.getAllByName(InetAddress.java:1193)
	at java.net.InetAddress.getAllByName(InetAddress.java:1127)
	at org.apache.kafka.clients.ClientUtils.resolve(ClientUtils.java:104)
	at org.apache.kafka.clients.ClusterConnectionStates$NodeConnectionState.currentAddress(ClusterConnectionStates.java:403)
	at org.apache.kafka.clients.ClusterConnectionStates$NodeConnectionState.access$200(ClusterConnectionStates.java:363)
	at org.apache.kafka.clients.ClusterConnectionStates.currentAddress(ClusterConnectionStates.java:151)
	at org.apache.kafka.clients.NetworkClient.initiateConnect(NetworkClient.java:943)
	at org.apache.kafka.clients.NetworkClient.ready(NetworkClient.java:288)
	at org.apache.kafka.clients.admin.KafkaAdminClient$AdminClientRunnable.sendEligibleCalls(KafkaAdminClient.java:925)
	at org.apache.kafka.clients.admin.KafkaAdminClient$AdminClientRunnable.run(KafkaAdminClient.java:1140)
	at java.lang.Thread.run(Thread.java:748)
2022-11-12 17:14:02,358 WARN [kafka-admin-client-thread | adminclient-1] o.a.k.c.NetworkClient [NetworkClient.java:950] [AdminClient clientId=adminclient-1] Error connecting to node host.docker.internal:9092 (id: 0 rack: null)
java.net.UnknownHostException: host.docker.internal
	at java.net.InetAddress.getAllByName0(InetAddress.java:1281)
	at java.net.InetAddress.getAllByName(InetAddress.java:1193)
	at java.net.InetAddress.getAllByName(InetAddress.java:1127)
	at org.apache.kafka.clients.ClientUtils.resolve(ClientUtils.java:104)
	at org.apache.kafka.clients.ClusterConnectionStates$NodeConnectionState.currentAddress(ClusterConnectionStates.java:403)
	at org.apache.kafka.clients.ClusterConnectionStates$NodeConnectionState.access$200(ClusterConnectionStates.java:363)
	at org.apache.kafka.clients.ClusterConnectionStates.currentAddress(ClusterConnectionStates.java:151)
	at org.apache.kafka.clients.NetworkClient.initiateConnect(NetworkClient.java:943)
	at org.apache.kafka.clients.NetworkClient.ready(NetworkClient.java:288)
	at org.apache.kafka.clients.admin.KafkaAdminClient$AdminClientRunnable.sendEligibleCalls(KafkaAdminClient.java:925)
	at org.apache.kafka.clients.admin.KafkaAdminClient$AdminClientRunnable.run(KafkaAdminClient.java:1140)
	at java.lang.Thread.run(Thread.java:748)
2022-11-12 17:14:03,207 WARN [kafka-admin-client-thread | adminclient-1] o.a.k.c.NetworkClient [NetworkClient.java:950] [AdminClient clientId=adminclient-1] Error connecting to node host.docker.internal:9092 (id: 0 rack: null)
java.net.UnknownHostException: host.docker.internal
	at java.net.InetAddress.getAllByName0(InetAddress.java:1281)
	at java.net.InetAddress.getAllByName(InetAddress.java:1193)
	at java.net.InetAddress.getAllByName(InetAddress.java:1127)
	at org.apache.kafka.clients.ClientUtils.resolve(ClientUtils.java:104)
	at org.apache.kafka.clients.ClusterConnectionStates$NodeConnectionState.currentAddress(ClusterConnectionStates.java:403)
	at org.apache.kafka.clients.ClusterConnectionStates$NodeConnectionState.access$200(ClusterConnectionStates.java:363)
	at org.apache.kafka.clients.ClusterConnectionStates.currentAddress(ClusterConnectionStates.java:151)
	at org.apache.kafka.clients.NetworkClient.initiateConnect(NetworkClient.java:943)
	at org.apache.kafka.clients.NetworkClient.ready(NetworkClient.java:288)
	at org.apache.kafka.clients.admin.KafkaAdminClient$AdminClientRunnable.sendEligibleCalls(KafkaAdminClient.java:925)
	at org.apache.kafka.clients.admin.KafkaAdminClient$AdminClientRunnable.run(KafkaAdminClient.java:1140)
	at java.lang.Thread.run(Thread.java:748)
2022-11-12 17:14:04,074 WARN [kafka-admin-client-thread | adminclient-1] o.a.k.c.NetworkClient [NetworkClient.java:950] [AdminClient clientId=adminclient-1] Error connecting to node host.docker.internal:9092 (id: 0 rack: null)
java.net.UnknownHostException: host.docker.internal
	at java.net.InetAddress.getAllByName0(InetAddress.java:1281)
	at java.net.InetAddress.getAllByName(InetAddress.java:1193)
	at java.net.InetAddress.getAllByName(InetAddress.java:1127)
	at org.apache.kafka.clients.ClientUtils.resolve(ClientUtils.java:104)
	at org.apache.kafka.clients.ClusterConnectionStates$NodeConnectionState.currentAddress(ClusterConnectionStates.java:403)
	at org.apache.kafka.clients.ClusterConnectionStates$NodeConnectionState.access$200(ClusterConnectionStates.java:363)
	at org.apache.kafka.clients.ClusterConnectionStates.currentAddress(ClusterConnectionStates.java:151)
	at org.apache.kafka.clients.NetworkClient.initiateConnect(NetworkClient.java:943)
	at org.apache.kafka.clients.NetworkClient.ready(NetworkClient.java:288)
	at org.apache.kafka.clients.admin.KafkaAdminClient$AdminClientRunnable.sendEligibleCalls(KafkaAdminClient.java:925)
	at org.apache.kafka.clients.admin.KafkaAdminClient$AdminClientRunnable.run(KafkaAdminClient.java:1140)
	at java.lang.Thread.run(Thread.java:748)
2022-11-12 17:14:05,238 WARN [kafka-admin-client-thread | adminclient-1] o.a.k.c.NetworkClient [NetworkClient.java:950] [AdminClient clientId=adminclient-1] Error connecting to node host.docker.internal:9092 (id: 0 rack: null)
java.net.UnknownHostException: host.docker.internal
	at java.net.InetAddress.getAllByName0(InetAddress.java:1281)
	at java.net.InetAddress.getAllByName(InetAddress.java:1193)
	at java.net.InetAddress.getAllByName(InetAddress.java:1127)
	at org.apache.kafka.clients.ClientUtils.resolve(ClientUtils.java:104)
	at org.apache.kafka.clients.ClusterConnectionStates$NodeConnectionState.currentAddress(ClusterConnectionStates.java:403)
	at org.apache.kafka.clients.ClusterConnectionStates$NodeConnectionState.access$200(ClusterConnectionStates.java:363)
	at org.apache.kafka.clients.ClusterConnectionStates.currentAddress(ClusterConnectionStates.java:151)
	at org.apache.kafka.clients.NetworkClient.initiateConnect(NetworkClient.java:943)
	at org.apache.kafka.clients.NetworkClient.ready(NetworkClient.java:288)
	at org.apache.kafka.clients.admin.KafkaAdminClient$AdminClientRunnable.sendEligibleCalls(KafkaAdminClient.java:925)
	at org.apache.kafka.clients.admin.KafkaAdminClient$AdminClientRunnable.run(KafkaAdminClient.java:1140)
	at java.lang.Thread.run(Thread.java:748)
2022-11-12 17:35:50,887 WARN [restartedMain] o.a.t.u.m.Registry [DirectJDKLog.java:173] The MBean registry cannot be disabled because it has already been initialised
