2022-11-13 13:22:46,429 WARN [restartedMain] o.a.t.u.m.Registry [DirectJDKLog.java:173] The MBean registry cannot be disabled because it has already been initialised
2022-11-13 13:22:46,701 WARN [restartedMain] o.s.b.w.s.c.AnnotationConfigServletWebServerApplicationContext [AbstractApplicationContext.java:558] Exception encountered during context initialization - cancelling refresh attempt: org.springframework.beans.factory.UnsatisfiedDependencyException: Error creating bean with name 'commentController': Unsatisfied dependency expressed through field 'eventProducer'; nested exception is org.springframework.beans.factory.BeanCreationException: Error creating bean with name 'eventProducer' defined in file [/Users/li/Downloads/community-ljn/target/classes/com/ljn/communityljn/event/EventProducer.class]: Post-processing of merged bean definition failed; nested exception is java.lang.IllegalStateException: Failed to introspect Class [com.ljn.communityljn.event.EventProducer] from ClassLoader [org.springframework.boot.devtools.restart.classloader.RestartClassLoader@798a9bf1]
2022-11-13 13:22:50,613 WARN [restartedMain] o.a.t.u.m.Registry [DirectJDKLog.java:173] The MBean registry cannot be disabled because it has already been initialised
2022-11-13 13:22:50,893 WARN [restartedMain] o.s.b.w.s.c.AnnotationConfigServletWebServerApplicationContext [AbstractApplicationContext.java:558] Exception encountered during context initialization - cancelling refresh attempt: org.springframework.beans.factory.UnsatisfiedDependencyException: Error creating bean with name 'commentController': Unsatisfied dependency expressed through field 'eventProducer'; nested exception is org.springframework.beans.factory.BeanCreationException: Error creating bean with name 'eventProducer' defined in file [/Users/li/Downloads/community-ljn/target/classes/com/ljn/communityljn/event/EventProducer.class]: Post-processing of merged bean definition failed; nested exception is java.lang.IllegalStateException: Failed to introspect Class [com.ljn.communityljn.event.EventProducer] from ClassLoader [org.springframework.boot.devtools.restart.classloader.RestartClassLoader@17f48408]
2022-11-13 13:23:38,402 WARN [restartedMain] o.s.b.w.s.c.AnnotationConfigServletWebServerApplicationContext [AbstractApplicationContext.java:558] Exception encountered during context initialization - cancelling refresh attempt: org.springframework.context.ApplicationContextException: Failed to start bean 'org.springframework.kafka.config.internalKafkaListenerEndpointRegistry'; nested exception is java.lang.IllegalStateException: Topic(s) [comment, follow, like] is/are not present and missingTopicsFatal is true
2022-11-13 13:37:57,946 WARN [http-nio-8080-exec-6] o.s.w.s.m.m.a.ExceptionHandlerExceptionResolver [AbstractHandlerExceptionResolver.java:199] Resolved [org.mybatis.spring.MyBatisSystemException: nested exception is org.apache.ibatis.exceptions.PersistenceException: 
### Error querying database.  Cause: org.springframework.jdbc.CannotGetJdbcConnectionException: Failed to obtain JDBC Connection; nested exception is com.mysql.cj.jdbc.exceptions.CommunicationsException: Communications link failure

The last packet sent successfully to the server was 0 milliseconds ago. The driver has not received any packets from the server.
### The error may exist in file [/Users/li/Downloads/community-ljn/target/classes/mapper/discusspost-mapper.xml]
### The error may involve com.ljn.communityljn.dao.DiscussPostMapper.selectDiscussPostById
### The error occurred while executing a query
### Cause: org.springframework.jdbc.CannotGetJdbcConnectionException: Failed to obtain JDBC Connection; nested exception is com.mysql.cj.jdbc.exceptions.CommunicationsException: Communications link failure

The last packet sent successfully to the server was 0 milliseconds ago. The driver has not received any packets from the server.]
2022-11-13 13:39:28,932 WARN [org.springframework.kafka.KafkaListenerEndpointContainer#0-0-C-1] o.a.k.c.NetworkClient [NetworkClient.java:748] [Consumer clientId=consumer-1, groupId=test-consumer-group] Connection to node 0 (host.docker.internal/127.0.0.1:9092) could not be established. Broker may not be available.
2022-11-13 13:39:29,986 WARN [org.springframework.kafka.KafkaListenerEndpointContainer#0-0-C-1] o.a.k.c.NetworkClient [NetworkClient.java:748] [Consumer clientId=consumer-1, groupId=test-consumer-group] Connection to node 0 (host.docker.internal/127.0.0.1:9092) could not be established. Broker may not be available.
2022-11-13 13:46:01,100 WARN [http-nio-8080-exec-8] o.s.w.s.m.m.a.ExceptionHandlerExceptionResolver [AbstractHandlerExceptionResolver.java:199] Resolved [org.springframework.web.method.annotation.MethodArgumentTypeMismatchException: Failed to convert value of type 'java.lang.String' to required type 'int'; nested exception is java.lang.NumberFormatException: For input string: "profile.html"]
2022-11-13 13:46:09,921 WARN [http-nio-8080-exec-10] o.s.w.s.m.m.a.ExceptionHandlerExceptionResolver [AbstractHandlerExceptionResolver.java:199] Resolved [org.springframework.web.method.annotation.MethodArgumentTypeMismatchException: Failed to convert value of type 'java.lang.String' to required type 'int'; nested exception is java.lang.NumberFormatException: For input string: "profile.html"]
2022-11-13 13:46:39,685 WARN [http-nio-8080-exec-1] o.s.w.s.m.m.a.ExceptionHandlerExceptionResolver [AbstractHandlerExceptionResolver.java:199] Resolved [org.springframework.web.method.annotation.MethodArgumentTypeMismatchException: Failed to convert value of type 'java.lang.String' to required type 'int'; nested exception is java.lang.NumberFormatException: For input string: "profile.html"]
2022-11-13 13:46:44,204 WARN [http-nio-8080-exec-10] o.s.w.s.m.m.a.ExceptionHandlerExceptionResolver [AbstractHandlerExceptionResolver.java:199] Resolved [org.springframework.web.method.annotation.MethodArgumentTypeMismatchException: Failed to convert value of type 'java.lang.String' to required type 'int'; nested exception is java.lang.NumberFormatException: For input string: "profile.html"]
2022-11-13 13:47:12,981 WARN [http-nio-8080-exec-3] o.s.w.s.m.m.a.ExceptionHandlerExceptionResolver [AbstractHandlerExceptionResolver.java:199] Resolved [org.springframework.web.method.annotation.MethodArgumentTypeMismatchException: Failed to convert value of type 'java.lang.String' to required type 'int'; nested exception is java.lang.NumberFormatException: For input string: "profile.html"]
2022-11-13 13:48:34,906 WARN [http-nio-8080-exec-1] o.s.w.s.m.m.a.ExceptionHandlerExceptionResolver [AbstractHandlerExceptionResolver.java:199] Resolved [org.springframework.web.method.annotation.MethodArgumentTypeMismatchException: Failed to convert value of type 'java.lang.String' to required type 'int'; nested exception is java.lang.NumberFormatException: For input string: "profile.html"]
2022-11-13 14:04:57,287 WARN [HikariPool-1 housekeeper] c.z.h.p.HikariPool [HikariPool.java:787] HikariPool-1 - Thread starvation or clock leap detected (housekeeper delta=2m42s373ms).
2022-11-13 14:44:09,212 WARN [HikariPool-1 housekeeper] c.z.h.p.HikariPool [HikariPool.java:787] HikariPool-1 - Thread starvation or clock leap detected (housekeeper delta=55s848ms).
2022-11-13 15:31:30,979 WARN [HikariPool-1 housekeeper] c.z.h.p.HikariPool [HikariPool.java:787] HikariPool-1 - Thread starvation or clock leap detected (housekeeper delta=30m21s636ms).
2022-11-13 15:49:19,788 WARN [HikariPool-1 housekeeper] c.z.h.p.HikariPool [HikariPool.java:787] HikariPool-1 - Thread starvation or clock leap detected (housekeeper delta=17m18s823ms).
2022-11-13 16:06:20,852 WARN [HikariPool-1 housekeeper] c.z.h.p.HikariPool [HikariPool.java:787] HikariPool-1 - Thread starvation or clock leap detected (housekeeper delta=16m31s43ms).
2022-11-13 18:07:13,033 WARN [HikariPool-1 housekeeper] c.z.h.p.HikariPool [HikariPool.java:787] HikariPool-1 - Thread starvation or clock leap detected (housekeeper delta=2h22s173ms).
2022-11-13 20:08:01,643 WARN [HikariPool-1 housekeeper] c.z.h.p.HikariPool [HikariPool.java:787] HikariPool-1 - Thread starvation or clock leap detected (housekeeper delta=2h18s625ms).
2022-11-13 21:08:16,405 WARN [HikariPool-1 housekeeper] c.z.h.p.HikariPool [HikariPool.java:787] HikariPool-1 - Thread starvation or clock leap detected (housekeeper delta=59m44s756ms).
2022-11-13 21:49:23,884 WARN [HikariPool-1 housekeeper] c.z.h.p.HikariPool [HikariPool.java:787] HikariPool-1 - Thread starvation or clock leap detected (housekeeper delta=40m7s467ms).
2022-11-13 21:53:49,784 WARN [HikariPool-1 housekeeper] c.z.h.p.HikariPool [HikariPool.java:787] HikariPool-1 - Thread starvation or clock leap detected (housekeeper delta=4m25s898ms).
2022-11-13 21:56:09,976 WARN [HikariPool-1 housekeeper] c.z.h.p.HikariPool [HikariPool.java:787] HikariPool-1 - Thread starvation or clock leap detected (housekeeper delta=1m20s241ms).
2022-11-13 21:58:10,226 WARN [HikariPool-1 housekeeper] c.z.h.p.HikariPool [HikariPool.java:787] HikariPool-1 - Thread starvation or clock leap detected (housekeeper delta=1m30s215ms).
2022-11-13 23:24:28,996 WARN [HikariPool-1 housekeeper] c.z.h.p.HikariPool [HikariPool.java:787] HikariPool-1 - Thread starvation or clock leap detected (housekeeper delta=1h26m18s770ms).
2022-11-13 23:30:07,597 WARN [HikariPool-1 housekeeper] c.z.h.p.HikariPool [HikariPool.java:787] HikariPool-1 - Thread starvation or clock leap detected (housekeeper delta=5m8s596ms).
