2022-11-06 00:02:21,745 WARN [HikariPool-1 housekeeper] c.z.h.p.HikariPool [HikariPool.java:787] HikariPool-1 - Thread starvation or clock leap detected (housekeeper delta=14m40s920ms).
2022-11-06 00:17:32,797 WARN [HikariPool-1 housekeeper] c.z.h.p.HikariPool [HikariPool.java:787] HikariPool-1 - Thread starvation or clock leap detected (housekeeper delta=14m40s860ms).
2022-11-06 00:32:43,627 WARN [HikariPool-1 housekeeper] c.z.h.p.HikariPool [HikariPool.java:787] HikariPool-1 - Thread starvation or clock leap detected (housekeeper delta=14m40s819ms).
2022-11-06 00:37:40,613 WARN [HikariPool-1 housekeeper] c.z.h.p.HikariPool [HikariPool.java:787] HikariPool-1 - Thread starvation or clock leap detected (housekeeper delta=4m56s986ms).
2022-11-06 00:53:06,706 WARN [HikariPool-1 housekeeper] c.z.h.p.HikariPool [HikariPool.java:787] HikariPool-1 - Thread starvation or clock leap detected (housekeeper delta=15m26s89ms).
2022-11-06 01:07:50,797 WARN [HikariPool-1 housekeeper] c.z.h.p.HikariPool [HikariPool.java:787] HikariPool-1 - Thread starvation or clock leap detected (housekeeper delta=14m44s45ms).
2022-11-06 01:23:03,508 WARN [HikariPool-1 housekeeper] c.z.h.p.HikariPool [HikariPool.java:787] HikariPool-1 - Thread starvation or clock leap detected (housekeeper delta=14m42s640ms).
2022-11-06 01:38:19,516 WARN [HikariPool-1 housekeeper] c.z.h.p.HikariPool [HikariPool.java:787] HikariPool-1 - Thread starvation or clock leap detected (housekeeper delta=14m15s984ms).
2022-11-06 03:39:18,149 WARN [HikariPool-1 housekeeper] c.z.h.p.HikariPool [HikariPool.java:787] HikariPool-1 - Thread starvation or clock leap detected (housekeeper delta=2h28s608ms).
2022-11-06 04:22:10,719 WARN [HikariPool-1 housekeeper] c.z.h.p.HikariPool [HikariPool.java:787] HikariPool-1 - Thread starvation or clock leap detected (housekeeper delta=42m52s572ms).
2022-11-06 04:38:18,282 WARN [HikariPool-1 housekeeper] c.z.h.p.HikariPool [HikariPool.java:787] HikariPool-1 - Thread starvation or clock leap detected (housekeeper delta=15m37s546ms).
2022-11-06 05:38:32,970 WARN [HikariPool-1 housekeeper] c.z.h.p.HikariPool [HikariPool.java:787] HikariPool-1 - Thread starvation or clock leap detected (housekeeper delta=59m44s661ms).
2022-11-06 07:39:29,912 WARN [HikariPool-1 housekeeper] c.z.h.p.HikariPool [HikariPool.java:787] HikariPool-1 - Thread starvation or clock leap detected (housekeeper delta=2h26s920ms).
2022-11-06 08:30:06,812 WARN [HikariPool-1 housekeeper] c.z.h.p.HikariPool [HikariPool.java:787] HikariPool-1 - Thread starvation or clock leap detected (housekeeper delta=50m36s901ms).
2022-11-06 08:38:39,567 WARN [HikariPool-1 housekeeper] c.z.h.p.HikariPool [HikariPool.java:787] HikariPool-1 - Thread starvation or clock leap detected (housekeeper delta=8m32s756ms).
2022-11-06 09:05:33,991 WARN [HikariPool-1 housekeeper] c.z.h.p.HikariPool [HikariPool.java:787] HikariPool-1 - Thread starvation or clock leap detected (housekeeper delta=26m54s424ms).
2022-11-06 09:12:30,106 WARN [HikariPool-1 housekeeper] c.z.h.p.HikariPool [HikariPool.java:787] HikariPool-1 - Thread starvation or clock leap detected (housekeeper delta=5m23s623ms).
2022-11-06 10:27:03,071 WARN [restartedMain] o.a.t.u.m.Registry [DirectJDKLog.java:173] The MBean registry cannot be disabled because it has already been initialised
2022-11-06 10:27:03,338 WARN [restartedMain] o.s.b.w.s.c.AnnotationConfigServletWebServerApplicationContext [AbstractApplicationContext.java:558] Exception encountered during context initialization - cancelling refresh attempt: org.springframework.beans.factory.BeanCreationException: Error creating bean with name 'sensitiveFilter': Invocation of init method failed; nested exception is java.lang.NullPointerException
2022-11-06 10:27:07,643 WARN [main] o.s.w.c.s.GenericWebApplicationContext [AbstractApplicationContext.java:558] Exception encountered during context initialization - cancelling refresh attempt: org.springframework.beans.factory.BeanCreationException: Error creating bean with name 'sensitiveFilter': Invocation of init method failed; nested exception is java.lang.NullPointerException
2022-11-06 10:30:27,440 WARN [restartedMain] o.a.t.u.m.Registry [DirectJDKLog.java:173] The MBean registry cannot be disabled because it has already been initialised
2022-11-06 10:30:27,746 WARN [restartedMain] o.s.b.w.s.c.AnnotationConfigServletWebServerApplicationContext [AbstractApplicationContext.java:558] Exception encountered during context initialization - cancelling refresh attempt: org.springframework.beans.factory.BeanCreationException: Error creating bean with name 'sensitiveFilter': Invocation of init method failed; nested exception is java.lang.NullPointerException
2022-11-06 10:33:13,713 WARN [restartedMain] o.a.t.u.m.Registry [DirectJDKLog.java:173] The MBean registry cannot be disabled because it has already been initialised
2022-11-06 10:33:13,820 WARN [restartedMain] o.s.b.w.s.c.AnnotationConfigServletWebServerApplicationContext [AbstractApplicationContext.java:558] Exception encountered during context initialization - cancelling refresh attempt: org.springframework.beans.factory.BeanCreationException: Error creating bean with name 'sensitiveFilter': Invocation of init method failed; nested exception is java.lang.NullPointerException
2022-11-06 10:33:49,039 WARN [main] o.s.w.c.s.GenericWebApplicationContext [AbstractApplicationContext.java:558] Exception encountered during context initialization - cancelling refresh attempt: org.springframework.beans.factory.BeanCreationException: Error creating bean with name 'sensitiveFilter': Invocation of init method failed; nested exception is java.lang.NullPointerException
2022-11-06 10:39:46,987 WARN [restartedMain] o.a.t.u.m.Registry [DirectJDKLog.java:173] The MBean registry cannot be disabled because it has already been initialised
2022-11-06 10:39:47,110 WARN [restartedMain] o.s.b.w.s.c.AnnotationConfigServletWebServerApplicationContext [AbstractApplicationContext.java:558] Exception encountered during context initialization - cancelling refresh attempt: org.springframework.beans.factory.BeanCreationException: Error creating bean with name 'sensitiveFilter': Invocation of init method failed; nested exception is java.lang.NullPointerException
2022-11-06 11:05:30,338 WARN [restartedMain] o.a.t.u.m.Registry [DirectJDKLog.java:173] The MBean registry cannot be disabled because it has already been initialised
2022-11-06 15:01:58,166 WARN [restartedMain] o.a.t.u.m.Registry [DirectJDKLog.java:173] The MBean registry cannot be disabled because it has already been initialised
2022-11-06 15:17:09,767 WARN [restartedMain] o.a.t.u.m.Registry [DirectJDKLog.java:173] The MBean registry cannot be disabled because it has already been initialised
2022-11-06 15:46:22,703 WARN [restartedMain] o.a.t.u.m.Registry [DirectJDKLog.java:173] The MBean registry cannot be disabled because it has already been initialised
2022-11-06 16:34:40,068 WARN [restartedMain] o.a.t.u.m.Registry [DirectJDKLog.java:173] The MBean registry cannot be disabled because it has already been initialised
2022-11-06 17:07:16,557 WARN [HikariPool-1 housekeeper] c.z.h.p.HikariPool [HikariPool.java:787] HikariPool-1 - Thread starvation or clock leap detected (housekeeper delta=2m38s94ms).
2022-11-06 19:08:12,079 WARN [HikariPool-1 housekeeper] c.z.h.p.HikariPool [HikariPool.java:787] HikariPool-1 - Thread starvation or clock leap detected (housekeeper delta=2h25s610ms).
2022-11-06 21:03:44,808 WARN [HikariPool-1 housekeeper] c.z.h.p.HikariPool [HikariPool.java:787] HikariPool-1 - Thread starvation or clock leap detected (housekeeper delta=1h55m2s635ms).
2022-11-06 23:34:51,334 WARN [HikariPool-1 housekeeper] c.z.h.p.HikariPool [HikariPool.java:787] HikariPool-1 - Thread starvation or clock leap detected (housekeeper delta=1h15m1s765ms).
2022-11-06 23:40:31,540 WARN [HikariPool-1 housekeeper] c.z.h.p.HikariPool [HikariPool.java:787] HikariPool-1 - Thread starvation or clock leap detected (housekeeper delta=5m10s174ms).
