2022-11-16 10:37:32,356 ERROR [restartedMain] o.s.b.d.LoggingFailureAnalysisReporter [LoggingFailureAnalysisReporter.java:40] 

***************************
APPLICATION FAILED TO START
***************************

Description:

Web server failed to start. Port 8080 was already in use.

Action:

Identify and stop the process that's listening on port 8080 or configure this application to listen on another port.

2022-11-16 10:55:58,875 ERROR [http-nio-8080-exec-4] c.l.c.c.a.ExceptionAdvice [ExceptionAdvice.java:26] 服务器发生异常: Missing cookie 'kaptchaOwner' for method parameter of type String
2022-11-16 10:55:58,876 ERROR [http-nio-8080-exec-4] c.l.c.c.a.ExceptionAdvice [ExceptionAdvice.java:28] org.springframework.web.method.annotation.AbstractCookieValueMethodArgumentResolver.handleMissingValue(AbstractCookieValueMethodArgumentResolver.java:70)
2022-11-16 10:55:58,876 ERROR [http-nio-8080-exec-4] c.l.c.c.a.ExceptionAdvice [ExceptionAdvice.java:28] org.springframework.web.method.annotation.AbstractNamedValueMethodArgumentResolver.handleMissingValue(AbstractNamedValueMethodArgumentResolver.java:221)
2022-11-16 10:55:58,877 ERROR [http-nio-8080-exec-4] c.l.c.c.a.ExceptionAdvice [ExceptionAdvice.java:28] org.springframework.web.method.annotation.AbstractNamedValueMethodArgumentResolver.resolveArgument(AbstractNamedValueMethodArgumentResolver.java:114)
2022-11-16 10:55:58,877 ERROR [http-nio-8080-exec-4] c.l.c.c.a.ExceptionAdvice [ExceptionAdvice.java:28] org.springframework.web.method.support.HandlerMethodArgumentResolverComposite.resolveArgument(HandlerMethodArgumentResolverComposite.java:121)
2022-11-16 10:55:58,877 ERROR [http-nio-8080-exec-4] c.l.c.c.a.ExceptionAdvice [ExceptionAdvice.java:28] org.springframework.web.method.support.InvocableHandlerMethod.getMethodArgumentValues(InvocableHandlerMethod.java:167)
2022-11-16 10:55:58,878 ERROR [http-nio-8080-exec-4] c.l.c.c.a.ExceptionAdvice [ExceptionAdvice.java:28] org.springframework.web.method.support.InvocableHandlerMethod.invokeForRequest(InvocableHandlerMethod.java:134)
2022-11-16 10:55:58,878 ERROR [http-nio-8080-exec-4] c.l.c.c.a.ExceptionAdvice [ExceptionAdvice.java:28] org.springframework.web.servlet.mvc.method.annotation.ServletInvocableHandlerMethod.invokeAndHandle(ServletInvocableHandlerMethod.java:106)
2022-11-16 10:55:58,879 ERROR [http-nio-8080-exec-4] c.l.c.c.a.ExceptionAdvice [ExceptionAdvice.java:28] org.springframework.web.servlet.mvc.method.annotation.RequestMappingHandlerAdapter.invokeHandlerMethod(RequestMappingHandlerAdapter.java:888)
2022-11-16 10:55:58,879 ERROR [http-nio-8080-exec-4] c.l.c.c.a.ExceptionAdvice [ExceptionAdvice.java:28] org.springframework.web.servlet.mvc.method.annotation.RequestMappingHandlerAdapter.handleInternal(RequestMappingHandlerAdapter.java:793)
2022-11-16 10:55:58,879 ERROR [http-nio-8080-exec-4] c.l.c.c.a.ExceptionAdvice [ExceptionAdvice.java:28] org.springframework.web.servlet.mvc.method.AbstractHandlerMethodAdapter.handle(AbstractHandlerMethodAdapter.java:87)
2022-11-16 10:55:58,879 ERROR [http-nio-8080-exec-4] c.l.c.c.a.ExceptionAdvice [ExceptionAdvice.java:28] org.springframework.web.servlet.DispatcherServlet.doDispatch(DispatcherServlet.java:1040)
2022-11-16 10:55:58,880 ERROR [http-nio-8080-exec-4] c.l.c.c.a.ExceptionAdvice [ExceptionAdvice.java:28] org.springframework.web.servlet.DispatcherServlet.doService(DispatcherServlet.java:943)
2022-11-16 10:55:58,880 ERROR [http-nio-8080-exec-4] c.l.c.c.a.ExceptionAdvice [ExceptionAdvice.java:28] org.springframework.web.servlet.FrameworkServlet.processRequest(FrameworkServlet.java:1006)
2022-11-16 10:55:58,880 ERROR [http-nio-8080-exec-4] c.l.c.c.a.ExceptionAdvice [ExceptionAdvice.java:28] org.springframework.web.servlet.FrameworkServlet.doPost(FrameworkServlet.java:909)
2022-11-16 10:55:58,880 ERROR [http-nio-8080-exec-4] c.l.c.c.a.ExceptionAdvice [ExceptionAdvice.java:28] javax.servlet.http.HttpServlet.service(HttpServlet.java:660)
2022-11-16 10:55:58,880 ERROR [http-nio-8080-exec-4] c.l.c.c.a.ExceptionAdvice [ExceptionAdvice.java:28] org.springframework.web.servlet.FrameworkServlet.service(FrameworkServlet.java:883)
2022-11-16 10:55:58,881 ERROR [http-nio-8080-exec-4] c.l.c.c.a.ExceptionAdvice [ExceptionAdvice.java:28] javax.servlet.http.HttpServlet.service(HttpServlet.java:741)
2022-11-16 10:55:58,881 ERROR [http-nio-8080-exec-4] c.l.c.c.a.ExceptionAdvice [ExceptionAdvice.java:28] org.apache.catalina.core.ApplicationFilterChain.internalDoFilter(ApplicationFilterChain.java:231)
2022-11-16 10:55:58,881 ERROR [http-nio-8080-exec-4] c.l.c.c.a.ExceptionAdvice [ExceptionAdvice.java:28] org.apache.catalina.core.ApplicationFilterChain.doFilter(ApplicationFilterChain.java:166)
2022-11-16 10:55:58,881 ERROR [http-nio-8080-exec-4] c.l.c.c.a.ExceptionAdvice [ExceptionAdvice.java:28] org.apache.tomcat.websocket.server.WsFilter.doFilter(WsFilter.java:53)
2022-11-16 10:55:58,882 ERROR [http-nio-8080-exec-4] c.l.c.c.a.ExceptionAdvice [ExceptionAdvice.java:28] org.apache.catalina.core.ApplicationFilterChain.internalDoFilter(ApplicationFilterChain.java:193)
2022-11-16 10:55:58,882 ERROR [http-nio-8080-exec-4] c.l.c.c.a.ExceptionAdvice [ExceptionAdvice.java:28] org.apache.catalina.core.ApplicationFilterChain.doFilter(ApplicationFilterChain.java:166)
2022-11-16 10:55:58,882 ERROR [http-nio-8080-exec-4] c.l.c.c.a.ExceptionAdvice [ExceptionAdvice.java:28] org.springframework.security.web.FilterChainProxy$VirtualFilterChain.doFilter(FilterChainProxy.java:320)
2022-11-16 10:55:58,883 ERROR [http-nio-8080-exec-4] c.l.c.c.a.ExceptionAdvice [ExceptionAdvice.java:28] org.springframework.security.web.access.intercept.FilterSecurityInterceptor.invoke(FilterSecurityInterceptor.java:126)
2022-11-16 10:55:58,887 ERROR [http-nio-8080-exec-4] c.l.c.c.a.ExceptionAdvice [ExceptionAdvice.java:28] org.springframework.security.web.access.intercept.FilterSecurityInterceptor.doFilter(FilterSecurityInterceptor.java:90)
2022-11-16 10:55:58,887 ERROR [http-nio-8080-exec-4] c.l.c.c.a.ExceptionAdvice [ExceptionAdvice.java:28] org.springframework.security.web.FilterChainProxy$VirtualFilterChain.doFilter(FilterChainProxy.java:334)
2022-11-16 10:55:58,887 ERROR [http-nio-8080-exec-4] c.l.c.c.a.ExceptionAdvice [ExceptionAdvice.java:28] org.springframework.security.web.access.ExceptionTranslationFilter.doFilter(ExceptionTranslationFilter.java:118)
2022-11-16 10:55:58,887 ERROR [http-nio-8080-exec-4] c.l.c.c.a.ExceptionAdvice [ExceptionAdvice.java:28] org.springframework.security.web.FilterChainProxy$VirtualFilterChain.doFilter(FilterChainProxy.java:334)
2022-11-16 10:55:58,888 ERROR [http-nio-8080-exec-4] c.l.c.c.a.ExceptionAdvice [ExceptionAdvice.java:28] org.springframework.security.web.session.SessionManagementFilter.doFilter(SessionManagementFilter.java:137)
2022-11-16 10:55:58,888 ERROR [http-nio-8080-exec-4] c.l.c.c.a.ExceptionAdvice [ExceptionAdvice.java:28] org.springframework.security.web.FilterChainProxy$VirtualFilterChain.doFilter(FilterChainProxy.java:334)
2022-11-16 10:55:58,888 ERROR [http-nio-8080-exec-4] c.l.c.c.a.ExceptionAdvice [ExceptionAdvice.java:28] org.springframework.security.web.authentication.AnonymousAuthenticationFilter.doFilter(AnonymousAuthenticationFilter.java:111)
2022-11-16 10:55:58,888 ERROR [http-nio-8080-exec-4] c.l.c.c.a.ExceptionAdvice [ExceptionAdvice.java:28] org.springframework.security.web.FilterChainProxy$VirtualFilterChain.doFilter(FilterChainProxy.java:334)
2022-11-16 10:55:58,889 ERROR [http-nio-8080-exec-4] c.l.c.c.a.ExceptionAdvice [ExceptionAdvice.java:28] org.springframework.security.web.servletapi.SecurityContextHolderAwareRequestFilter.doFilter(SecurityContextHolderAwareRequestFilter.java:158)
2022-11-16 10:55:58,889 ERROR [http-nio-8080-exec-4] c.l.c.c.a.ExceptionAdvice [ExceptionAdvice.java:28] org.springframework.security.web.FilterChainProxy$VirtualFilterChain.doFilter(FilterChainProxy.java:334)
2022-11-16 10:55:58,889 ERROR [http-nio-8080-exec-4] c.l.c.c.a.ExceptionAdvice [ExceptionAdvice.java:28] org.springframework.security.web.savedrequest.RequestCacheAwareFilter.doFilter(RequestCacheAwareFilter.java:63)
2022-11-16 10:55:58,889 ERROR [http-nio-8080-exec-4] c.l.c.c.a.ExceptionAdvice [ExceptionAdvice.java:28] org.springframework.security.web.FilterChainProxy$VirtualFilterChain.doFilter(FilterChainProxy.java:334)
2022-11-16 10:55:58,890 ERROR [http-nio-8080-exec-4] c.l.c.c.a.ExceptionAdvice [ExceptionAdvice.java:28] org.springframework.security.web.authentication.logout.LogoutFilter.doFilter(LogoutFilter.java:116)
2022-11-16 10:55:58,890 ERROR [http-nio-8080-exec-4] c.l.c.c.a.ExceptionAdvice [ExceptionAdvice.java:28] org.springframework.security.web.FilterChainProxy$VirtualFilterChain.doFilter(FilterChainProxy.java:334)
2022-11-16 10:55:58,890 ERROR [http-nio-8080-exec-4] c.l.c.c.a.ExceptionAdvice [ExceptionAdvice.java:28] org.springframework.security.web.header.HeaderWriterFilter.doHeadersAfter(HeaderWriterFilter.java:92)
2022-11-16 10:55:58,890 ERROR [http-nio-8080-exec-4] c.l.c.c.a.ExceptionAdvice [ExceptionAdvice.java:28] org.springframework.security.web.header.HeaderWriterFilter.doFilterInternal(HeaderWriterFilter.java:77)
2022-11-16 10:55:58,890 ERROR [http-nio-8080-exec-4] c.l.c.c.a.ExceptionAdvice [ExceptionAdvice.java:28] org.springframework.web.filter.OncePerRequestFilter.doFilter(OncePerRequestFilter.java:119)
2022-11-16 10:55:58,891 ERROR [http-nio-8080-exec-4] c.l.c.c.a.ExceptionAdvice [ExceptionAdvice.java:28] org.springframework.security.web.FilterChainProxy$VirtualFilterChain.doFilter(FilterChainProxy.java:334)
2022-11-16 10:55:58,891 ERROR [http-nio-8080-exec-4] c.l.c.c.a.ExceptionAdvice [ExceptionAdvice.java:28] org.springframework.security.web.context.SecurityContextPersistenceFilter.doFilter(SecurityContextPersistenceFilter.java:105)
2022-11-16 10:55:58,891 ERROR [http-nio-8080-exec-4] c.l.c.c.a.ExceptionAdvice [ExceptionAdvice.java:28] org.springframework.security.web.FilterChainProxy$VirtualFilterChain.doFilter(FilterChainProxy.java:334)
2022-11-16 10:55:58,891 ERROR [http-nio-8080-exec-4] c.l.c.c.a.ExceptionAdvice [ExceptionAdvice.java:28] org.springframework.security.web.context.request.async.WebAsyncManagerIntegrationFilter.doFilterInternal(WebAsyncManagerIntegrationFilter.java:56)
2022-11-16 10:55:58,892 ERROR [http-nio-8080-exec-4] c.l.c.c.a.ExceptionAdvice [ExceptionAdvice.java:28] org.springframework.web.filter.OncePerRequestFilter.doFilter(OncePerRequestFilter.java:119)
2022-11-16 10:55:58,892 ERROR [http-nio-8080-exec-4] c.l.c.c.a.ExceptionAdvice [ExceptionAdvice.java:28] org.springframework.security.web.FilterChainProxy$VirtualFilterChain.doFilter(FilterChainProxy.java:334)
2022-11-16 10:55:58,892 ERROR [http-nio-8080-exec-4] c.l.c.c.a.ExceptionAdvice [ExceptionAdvice.java:28] org.springframework.security.web.FilterChainProxy.doFilterInternal(FilterChainProxy.java:215)
2022-11-16 10:55:58,892 ERROR [http-nio-8080-exec-4] c.l.c.c.a.ExceptionAdvice [ExceptionAdvice.java:28] org.springframework.security.web.FilterChainProxy.doFilter(FilterChainProxy.java:178)
2022-11-16 10:55:58,892 ERROR [http-nio-8080-exec-4] c.l.c.c.a.ExceptionAdvice [ExceptionAdvice.java:28] org.springframework.web.filter.DelegatingFilterProxy.invokeDelegate(DelegatingFilterProxy.java:358)
2022-11-16 10:55:58,892 ERROR [http-nio-8080-exec-4] c.l.c.c.a.ExceptionAdvice [ExceptionAdvice.java:28] org.springframework.web.filter.DelegatingFilterProxy.doFilter(DelegatingFilterProxy.java:271)
2022-11-16 10:55:58,893 ERROR [http-nio-8080-exec-4] c.l.c.c.a.ExceptionAdvice [ExceptionAdvice.java:28] org.apache.catalina.core.ApplicationFilterChain.internalDoFilter(ApplicationFilterChain.java:193)
2022-11-16 10:55:58,893 ERROR [http-nio-8080-exec-4] c.l.c.c.a.ExceptionAdvice [ExceptionAdvice.java:28] org.apache.catalina.core.ApplicationFilterChain.doFilter(ApplicationFilterChain.java:166)
2022-11-16 10:55:58,893 ERROR [http-nio-8080-exec-4] c.l.c.c.a.ExceptionAdvice [ExceptionAdvice.java:28] org.springframework.web.filter.RequestContextFilter.doFilterInternal(RequestContextFilter.java:100)
2022-11-16 10:55:58,893 ERROR [http-nio-8080-exec-4] c.l.c.c.a.ExceptionAdvice [ExceptionAdvice.java:28] org.springframework.web.filter.OncePerRequestFilter.doFilter(OncePerRequestFilter.java:119)
2022-11-16 10:55:58,894 ERROR [http-nio-8080-exec-4] c.l.c.c.a.ExceptionAdvice [ExceptionAdvice.java:28] org.apache.catalina.core.ApplicationFilterChain.internalDoFilter(ApplicationFilterChain.java:193)
2022-11-16 10:55:58,894 ERROR [http-nio-8080-exec-4] c.l.c.c.a.ExceptionAdvice [ExceptionAdvice.java:28] org.apache.catalina.core.ApplicationFilterChain.doFilter(ApplicationFilterChain.java:166)
2022-11-16 10:55:58,894 ERROR [http-nio-8080-exec-4] c.l.c.c.a.ExceptionAdvice [ExceptionAdvice.java:28] org.springframework.web.filter.FormContentFilter.doFilterInternal(FormContentFilter.java:93)
2022-11-16 10:55:58,895 ERROR [http-nio-8080-exec-4] c.l.c.c.a.ExceptionAdvice [ExceptionAdvice.java:28] org.springframework.web.filter.OncePerRequestFilter.doFilter(OncePerRequestFilter.java:119)
2022-11-16 10:55:58,895 ERROR [http-nio-8080-exec-4] c.l.c.c.a.ExceptionAdvice [ExceptionAdvice.java:28] org.apache.catalina.core.ApplicationFilterChain.internalDoFilter(ApplicationFilterChain.java:193)
2022-11-16 10:55:58,896 ERROR [http-nio-8080-exec-4] c.l.c.c.a.ExceptionAdvice [ExceptionAdvice.java:28] org.apache.catalina.core.ApplicationFilterChain.doFilter(ApplicationFilterChain.java:166)
2022-11-16 10:55:58,897 ERROR [http-nio-8080-exec-4] c.l.c.c.a.ExceptionAdvice [ExceptionAdvice.java:28] org.springframework.web.filter.CharacterEncodingFilter.doFilterInternal(CharacterEncodingFilter.java:201)
2022-11-16 10:55:58,897 ERROR [http-nio-8080-exec-4] c.l.c.c.a.ExceptionAdvice [ExceptionAdvice.java:28] org.springframework.web.filter.OncePerRequestFilter.doFilter(OncePerRequestFilter.java:119)
2022-11-16 10:55:58,897 ERROR [http-nio-8080-exec-4] c.l.c.c.a.ExceptionAdvice [ExceptionAdvice.java:28] org.apache.catalina.core.ApplicationFilterChain.internalDoFilter(ApplicationFilterChain.java:193)
2022-11-16 10:55:58,898 ERROR [http-nio-8080-exec-4] c.l.c.c.a.ExceptionAdvice [ExceptionAdvice.java:28] org.apache.catalina.core.ApplicationFilterChain.doFilter(ApplicationFilterChain.java:166)
2022-11-16 10:55:58,898 ERROR [http-nio-8080-exec-4] c.l.c.c.a.ExceptionAdvice [ExceptionAdvice.java:28] org.apache.catalina.core.StandardWrapperValve.invoke(StandardWrapperValve.java:202)
2022-11-16 10:55:58,898 ERROR [http-nio-8080-exec-4] c.l.c.c.a.ExceptionAdvice [ExceptionAdvice.java:28] org.apache.catalina.core.StandardContextValve.invoke(StandardContextValve.java:96)
2022-11-16 10:55:58,898 ERROR [http-nio-8080-exec-4] c.l.c.c.a.ExceptionAdvice [ExceptionAdvice.java:28] org.apache.catalina.authenticator.AuthenticatorBase.invoke(AuthenticatorBase.java:526)
2022-11-16 10:55:58,898 ERROR [http-nio-8080-exec-4] c.l.c.c.a.ExceptionAdvice [ExceptionAdvice.java:28] org.apache.catalina.core.StandardHostValve.invoke(StandardHostValve.java:139)
2022-11-16 10:55:58,899 ERROR [http-nio-8080-exec-4] c.l.c.c.a.ExceptionAdvice [ExceptionAdvice.java:28] org.apache.catalina.valves.ErrorReportValve.invoke(ErrorReportValve.java:92)
2022-11-16 10:55:58,899 ERROR [http-nio-8080-exec-4] c.l.c.c.a.ExceptionAdvice [ExceptionAdvice.java:28] org.apache.catalina.core.StandardEngineValve.invoke(StandardEngineValve.java:74)
2022-11-16 10:55:58,899 ERROR [http-nio-8080-exec-4] c.l.c.c.a.ExceptionAdvice [ExceptionAdvice.java:28] org.apache.catalina.connector.CoyoteAdapter.service(CoyoteAdapter.java:343)
2022-11-16 10:55:58,899 ERROR [http-nio-8080-exec-4] c.l.c.c.a.ExceptionAdvice [ExceptionAdvice.java:28] org.apache.coyote.http11.Http11Processor.service(Http11Processor.java:367)
2022-11-16 10:55:58,899 ERROR [http-nio-8080-exec-4] c.l.c.c.a.ExceptionAdvice [ExceptionAdvice.java:28] org.apache.coyote.AbstractProcessorLight.process(AbstractProcessorLight.java:65)
2022-11-16 10:55:58,900 ERROR [http-nio-8080-exec-4] c.l.c.c.a.ExceptionAdvice [ExceptionAdvice.java:28] org.apache.coyote.AbstractProtocol$ConnectionHandler.process(AbstractProtocol.java:860)
2022-11-16 10:55:58,900 ERROR [http-nio-8080-exec-4] c.l.c.c.a.ExceptionAdvice [ExceptionAdvice.java:28] org.apache.tomcat.util.net.NioEndpoint$SocketProcessor.doRun(NioEndpoint.java:1591)
2022-11-16 10:55:58,900 ERROR [http-nio-8080-exec-4] c.l.c.c.a.ExceptionAdvice [ExceptionAdvice.java:28] org.apache.tomcat.util.net.SocketProcessorBase.run(SocketProcessorBase.java:49)
2022-11-16 10:55:58,900 ERROR [http-nio-8080-exec-4] c.l.c.c.a.ExceptionAdvice [ExceptionAdvice.java:28] java.util.concurrent.ThreadPoolExecutor.runWorker(ThreadPoolExecutor.java:1149)
2022-11-16 10:55:58,900 ERROR [http-nio-8080-exec-4] c.l.c.c.a.ExceptionAdvice [ExceptionAdvice.java:28] java.util.concurrent.ThreadPoolExecutor$Worker.run(ThreadPoolExecutor.java:624)
2022-11-16 10:55:58,901 ERROR [http-nio-8080-exec-4] c.l.c.c.a.ExceptionAdvice [ExceptionAdvice.java:28] org.apache.tomcat.util.threads.TaskThread$WrappingRunnable.run(TaskThread.java:61)
2022-11-16 10:55:58,901 ERROR [http-nio-8080-exec-4] c.l.c.c.a.ExceptionAdvice [ExceptionAdvice.java:28] java.lang.Thread.run(Thread.java:748)
2022-11-16 13:42:13,021 ERROR [restartedMain] o.s.b.SpringApplication [SpringApplication.java:826] Application run failed
org.springframework.context.ApplicationContextException: Failed to start bean 'org.springframework.kafka.config.internalKafkaListenerEndpointRegistry'; nested exception is java.lang.IllegalStateException: Topic(s) [delete] is/are not present and missingTopicsFatal is true
	at org.springframework.context.support.DefaultLifecycleProcessor.doStart(DefaultLifecycleProcessor.java:185)
	at org.springframework.context.support.DefaultLifecycleProcessor.access$200(DefaultLifecycleProcessor.java:53)
	at org.springframework.context.support.DefaultLifecycleProcessor$LifecycleGroup.start(DefaultLifecycleProcessor.java:360)
	at org.springframework.context.support.DefaultLifecycleProcessor.startBeans(DefaultLifecycleProcessor.java:158)
	at org.springframework.context.support.DefaultLifecycleProcessor.onRefresh(DefaultLifecycleProcessor.java:122)
	at org.springframework.context.support.AbstractApplicationContext.finishRefresh(AbstractApplicationContext.java:894)
	at org.springframework.boot.web.servlet.context.ServletWebServerApplicationContext.finishRefresh(ServletWebServerApplicationContext.java:162)
	at org.springframework.context.support.AbstractApplicationContext.refresh(AbstractApplicationContext.java:553)
	at org.springframework.boot.web.servlet.context.ServletWebServerApplicationContext.refresh(ServletWebServerApplicationContext.java:141)
	at org.springframework.boot.SpringApplication.refresh(SpringApplication.java:747)
	at org.springframework.boot.SpringApplication.refreshContext(SpringApplication.java:397)
	at org.springframework.boot.SpringApplication.run(SpringApplication.java:315)
	at org.springframework.boot.SpringApplication.run(SpringApplication.java:1226)
	at org.springframework.boot.SpringApplication.run(SpringApplication.java:1215)
	at com.ljn.communityljn.CommunityLjnApplication.main(CommunityLjnApplication.java:19)
	at sun.reflect.NativeMethodAccessorImpl.invoke0(Native Method)
	at sun.reflect.NativeMethodAccessorImpl.invoke(NativeMethodAccessorImpl.java:62)
	at sun.reflect.DelegatingMethodAccessorImpl.invoke(DelegatingMethodAccessorImpl.java:43)
	at java.lang.reflect.Method.invoke(Method.java:498)
	at org.springframework.boot.devtools.restart.RestartLauncher.run(RestartLauncher.java:49)
Caused by: java.lang.IllegalStateException: Topic(s) [delete] is/are not present and missingTopicsFatal is true
	at org.springframework.kafka.listener.AbstractMessageListenerContainer.checkTopics(AbstractMessageListenerContainer.java:383)
	at org.springframework.kafka.listener.ConcurrentMessageListenerContainer.doStart(ConcurrentMessageListenerContainer.java:136)
	at org.springframework.kafka.listener.AbstractMessageListenerContainer.start(AbstractMessageListenerContainer.java:340)
	at org.springframework.kafka.config.KafkaListenerEndpointRegistry.startIfNecessary(KafkaListenerEndpointRegistry.java:309)
	at org.springframework.kafka.config.KafkaListenerEndpointRegistry.start(KafkaListenerEndpointRegistry.java:256)
	at org.springframework.context.support.DefaultLifecycleProcessor.doStart(DefaultLifecycleProcessor.java:182)
	... 19 common frames omitted
2022-11-16 13:48:47,001 ERROR [restartedMain] o.s.b.SpringApplication [SpringApplication.java:826] Application run failed
org.springframework.context.ApplicationContextException: Failed to start bean 'org.springframework.kafka.config.internalKafkaListenerEndpointRegistry'; nested exception is java.lang.IllegalStateException: Topic(s) [delete] is/are not present and missingTopicsFatal is true
	at org.springframework.context.support.DefaultLifecycleProcessor.doStart(DefaultLifecycleProcessor.java:185)
	at org.springframework.context.support.DefaultLifecycleProcessor.access$200(DefaultLifecycleProcessor.java:53)
	at org.springframework.context.support.DefaultLifecycleProcessor$LifecycleGroup.start(DefaultLifecycleProcessor.java:360)
	at org.springframework.context.support.DefaultLifecycleProcessor.startBeans(DefaultLifecycleProcessor.java:158)
	at org.springframework.context.support.DefaultLifecycleProcessor.onRefresh(DefaultLifecycleProcessor.java:122)
	at org.springframework.context.support.AbstractApplicationContext.finishRefresh(AbstractApplicationContext.java:894)
	at org.springframework.boot.web.servlet.context.ServletWebServerApplicationContext.finishRefresh(ServletWebServerApplicationContext.java:162)
	at org.springframework.context.support.AbstractApplicationContext.refresh(AbstractApplicationContext.java:553)
	at org.springframework.boot.web.servlet.context.ServletWebServerApplicationContext.refresh(ServletWebServerApplicationContext.java:141)
	at org.springframework.boot.SpringApplication.refresh(SpringApplication.java:747)
	at org.springframework.boot.SpringApplication.refreshContext(SpringApplication.java:397)
	at org.springframework.boot.SpringApplication.run(SpringApplication.java:315)
	at org.springframework.boot.SpringApplication.run(SpringApplication.java:1226)
	at org.springframework.boot.SpringApplication.run(SpringApplication.java:1215)
	at com.ljn.communityljn.CommunityLjnApplication.main(CommunityLjnApplication.java:19)
	at sun.reflect.NativeMethodAccessorImpl.invoke0(Native Method)
	at sun.reflect.NativeMethodAccessorImpl.invoke(NativeMethodAccessorImpl.java:62)
	at sun.reflect.DelegatingMethodAccessorImpl.invoke(DelegatingMethodAccessorImpl.java:43)
	at java.lang.reflect.Method.invoke(Method.java:498)
	at org.springframework.boot.devtools.restart.RestartLauncher.run(RestartLauncher.java:49)
Caused by: java.lang.IllegalStateException: Topic(s) [delete] is/are not present and missingTopicsFatal is true
	at org.springframework.kafka.listener.AbstractMessageListenerContainer.checkTopics(AbstractMessageListenerContainer.java:383)
	at org.springframework.kafka.listener.ConcurrentMessageListenerContainer.doStart(ConcurrentMessageListenerContainer.java:136)
	at org.springframework.kafka.listener.AbstractMessageListenerContainer.start(AbstractMessageListenerContainer.java:340)
	at org.springframework.kafka.config.KafkaListenerEndpointRegistry.startIfNecessary(KafkaListenerEndpointRegistry.java:309)
	at org.springframework.kafka.config.KafkaListenerEndpointRegistry.start(KafkaListenerEndpointRegistry.java:256)
	at org.springframework.context.support.DefaultLifecycleProcessor.doStart(DefaultLifecycleProcessor.java:182)
	... 19 common frames omitted
2022-11-16 14:13:26,675 ERROR [http-nio-8080-exec-2] c.l.c.c.a.ExceptionAdvice [ExceptionAdvice.java:26] 服务器发生异常: Missing cookie 'kaptchaOwner' for method parameter of type String
2022-11-16 14:13:26,681 ERROR [http-nio-8080-exec-2] c.l.c.c.a.ExceptionAdvice [ExceptionAdvice.java:28] org.springframework.web.method.annotation.AbstractCookieValueMethodArgumentResolver.handleMissingValue(AbstractCookieValueMethodArgumentResolver.java:70)
2022-11-16 14:13:26,681 ERROR [http-nio-8080-exec-2] c.l.c.c.a.ExceptionAdvice [ExceptionAdvice.java:28] org.springframework.web.method.annotation.AbstractNamedValueMethodArgumentResolver.handleMissingValue(AbstractNamedValueMethodArgumentResolver.java:221)
2022-11-16 14:13:26,682 ERROR [http-nio-8080-exec-2] c.l.c.c.a.ExceptionAdvice [ExceptionAdvice.java:28] org.springframework.web.method.annotation.AbstractNamedValueMethodArgumentResolver.resolveArgument(AbstractNamedValueMethodArgumentResolver.java:114)
2022-11-16 14:13:26,682 ERROR [http-nio-8080-exec-2] c.l.c.c.a.ExceptionAdvice [ExceptionAdvice.java:28] org.springframework.web.method.support.HandlerMethodArgumentResolverComposite.resolveArgument(HandlerMethodArgumentResolverComposite.java:121)
2022-11-16 14:13:26,682 ERROR [http-nio-8080-exec-2] c.l.c.c.a.ExceptionAdvice [ExceptionAdvice.java:28] org.springframework.web.method.support.InvocableHandlerMethod.getMethodArgumentValues(InvocableHandlerMethod.java:167)
2022-11-16 14:13:26,682 ERROR [http-nio-8080-exec-2] c.l.c.c.a.ExceptionAdvice [ExceptionAdvice.java:28] org.springframework.web.method.support.InvocableHandlerMethod.invokeForRequest(InvocableHandlerMethod.java:134)
2022-11-16 14:13:26,682 ERROR [http-nio-8080-exec-2] c.l.c.c.a.ExceptionAdvice [ExceptionAdvice.java:28] org.springframework.web.servlet.mvc.method.annotation.ServletInvocableHandlerMethod.invokeAndHandle(ServletInvocableHandlerMethod.java:106)
2022-11-16 14:13:26,683 ERROR [http-nio-8080-exec-2] c.l.c.c.a.ExceptionAdvice [ExceptionAdvice.java:28] org.springframework.web.servlet.mvc.method.annotation.RequestMappingHandlerAdapter.invokeHandlerMethod(RequestMappingHandlerAdapter.java:888)
2022-11-16 14:13:26,683 ERROR [http-nio-8080-exec-2] c.l.c.c.a.ExceptionAdvice [ExceptionAdvice.java:28] org.springframework.web.servlet.mvc.method.annotation.RequestMappingHandlerAdapter.handleInternal(RequestMappingHandlerAdapter.java:793)
2022-11-16 14:13:26,683 ERROR [http-nio-8080-exec-2] c.l.c.c.a.ExceptionAdvice [ExceptionAdvice.java:28] org.springframework.web.servlet.mvc.method.AbstractHandlerMethodAdapter.handle(AbstractHandlerMethodAdapter.java:87)
2022-11-16 14:13:26,683 ERROR [http-nio-8080-exec-2] c.l.c.c.a.ExceptionAdvice [ExceptionAdvice.java:28] org.springframework.web.servlet.DispatcherServlet.doDispatch(DispatcherServlet.java:1040)
2022-11-16 14:13:26,683 ERROR [http-nio-8080-exec-2] c.l.c.c.a.ExceptionAdvice [ExceptionAdvice.java:28] org.springframework.web.servlet.DispatcherServlet.doService(DispatcherServlet.java:943)
2022-11-16 14:13:26,684 ERROR [http-nio-8080-exec-2] c.l.c.c.a.ExceptionAdvice [ExceptionAdvice.java:28] org.springframework.web.servlet.FrameworkServlet.processRequest(FrameworkServlet.java:1006)
2022-11-16 14:13:26,684 ERROR [http-nio-8080-exec-2] c.l.c.c.a.ExceptionAdvice [ExceptionAdvice.java:28] org.springframework.web.servlet.FrameworkServlet.doPost(FrameworkServlet.java:909)
2022-11-16 14:13:26,684 ERROR [http-nio-8080-exec-2] c.l.c.c.a.ExceptionAdvice [ExceptionAdvice.java:28] javax.servlet.http.HttpServlet.service(HttpServlet.java:660)
2022-11-16 14:13:26,684 ERROR [http-nio-8080-exec-2] c.l.c.c.a.ExceptionAdvice [ExceptionAdvice.java:28] org.springframework.web.servlet.FrameworkServlet.service(FrameworkServlet.java:883)
2022-11-16 14:13:26,685 ERROR [http-nio-8080-exec-2] c.l.c.c.a.ExceptionAdvice [ExceptionAdvice.java:28] javax.servlet.http.HttpServlet.service(HttpServlet.java:741)
2022-11-16 14:13:26,685 ERROR [http-nio-8080-exec-2] c.l.c.c.a.ExceptionAdvice [ExceptionAdvice.java:28] org.apache.catalina.core.ApplicationFilterChain.internalDoFilter(ApplicationFilterChain.java:231)
2022-11-16 14:13:26,686 ERROR [http-nio-8080-exec-2] c.l.c.c.a.ExceptionAdvice [ExceptionAdvice.java:28] org.apache.catalina.core.ApplicationFilterChain.doFilter(ApplicationFilterChain.java:166)
2022-11-16 14:13:26,686 ERROR [http-nio-8080-exec-2] c.l.c.c.a.ExceptionAdvice [ExceptionAdvice.java:28] org.apache.tomcat.websocket.server.WsFilter.doFilter(WsFilter.java:53)
2022-11-16 14:13:26,686 ERROR [http-nio-8080-exec-2] c.l.c.c.a.ExceptionAdvice [ExceptionAdvice.java:28] org.apache.catalina.core.ApplicationFilterChain.internalDoFilter(ApplicationFilterChain.java:193)
2022-11-16 14:13:26,687 ERROR [http-nio-8080-exec-2] c.l.c.c.a.ExceptionAdvice [ExceptionAdvice.java:28] org.apache.catalina.core.ApplicationFilterChain.doFilter(ApplicationFilterChain.java:166)
2022-11-16 14:13:26,688 ERROR [http-nio-8080-exec-2] c.l.c.c.a.ExceptionAdvice [ExceptionAdvice.java:28] org.springframework.security.web.FilterChainProxy$VirtualFilterChain.doFilter(FilterChainProxy.java:320)
2022-11-16 14:13:26,688 ERROR [http-nio-8080-exec-2] c.l.c.c.a.ExceptionAdvice [ExceptionAdvice.java:28] org.springframework.security.web.access.intercept.FilterSecurityInterceptor.invoke(FilterSecurityInterceptor.java:126)
2022-11-16 14:13:26,688 ERROR [http-nio-8080-exec-2] c.l.c.c.a.ExceptionAdvice [ExceptionAdvice.java:28] org.springframework.security.web.access.intercept.FilterSecurityInterceptor.doFilter(FilterSecurityInterceptor.java:90)
2022-11-16 14:13:26,689 ERROR [http-nio-8080-exec-2] c.l.c.c.a.ExceptionAdvice [ExceptionAdvice.java:28] org.springframework.security.web.FilterChainProxy$VirtualFilterChain.doFilter(FilterChainProxy.java:334)
2022-11-16 14:13:26,689 ERROR [http-nio-8080-exec-2] c.l.c.c.a.ExceptionAdvice [ExceptionAdvice.java:28] org.springframework.security.web.access.ExceptionTranslationFilter.doFilter(ExceptionTranslationFilter.java:118)
2022-11-16 14:13:26,689 ERROR [http-nio-8080-exec-2] c.l.c.c.a.ExceptionAdvice [ExceptionAdvice.java:28] org.springframework.security.web.FilterChainProxy$VirtualFilterChain.doFilter(FilterChainProxy.java:334)
2022-11-16 14:13:26,689 ERROR [http-nio-8080-exec-2] c.l.c.c.a.ExceptionAdvice [ExceptionAdvice.java:28] org.springframework.security.web.session.SessionManagementFilter.doFilter(SessionManagementFilter.java:137)
2022-11-16 14:13:26,689 ERROR [http-nio-8080-exec-2] c.l.c.c.a.ExceptionAdvice [ExceptionAdvice.java:28] org.springframework.security.web.FilterChainProxy$VirtualFilterChain.doFilter(FilterChainProxy.java:334)
2022-11-16 14:13:26,690 ERROR [http-nio-8080-exec-2] c.l.c.c.a.ExceptionAdvice [ExceptionAdvice.java:28] org.springframework.security.web.authentication.AnonymousAuthenticationFilter.doFilter(AnonymousAuthenticationFilter.java:111)
2022-11-16 14:13:26,690 ERROR [http-nio-8080-exec-2] c.l.c.c.a.ExceptionAdvice [ExceptionAdvice.java:28] org.springframework.security.web.FilterChainProxy$VirtualFilterChain.doFilter(FilterChainProxy.java:334)
2022-11-16 14:13:26,690 ERROR [http-nio-8080-exec-2] c.l.c.c.a.ExceptionAdvice [ExceptionAdvice.java:28] org.springframework.security.web.servletapi.SecurityContextHolderAwareRequestFilter.doFilter(SecurityContextHolderAwareRequestFilter.java:158)
2022-11-16 14:13:26,690 ERROR [http-nio-8080-exec-2] c.l.c.c.a.ExceptionAdvice [ExceptionAdvice.java:28] org.springframework.security.web.FilterChainProxy$VirtualFilterChain.doFilter(FilterChainProxy.java:334)
2022-11-16 14:13:26,690 ERROR [http-nio-8080-exec-2] c.l.c.c.a.ExceptionAdvice [ExceptionAdvice.java:28] org.springframework.security.web.savedrequest.RequestCacheAwareFilter.doFilter(RequestCacheAwareFilter.java:63)
2022-11-16 14:13:26,690 ERROR [http-nio-8080-exec-2] c.l.c.c.a.ExceptionAdvice [ExceptionAdvice.java:28] org.springframework.security.web.FilterChainProxy$VirtualFilterChain.doFilter(FilterChainProxy.java:334)
2022-11-16 14:13:26,690 ERROR [http-nio-8080-exec-2] c.l.c.c.a.ExceptionAdvice [ExceptionAdvice.java:28] org.springframework.security.web.authentication.logout.LogoutFilter.doFilter(LogoutFilter.java:116)
2022-11-16 14:13:26,691 ERROR [http-nio-8080-exec-2] c.l.c.c.a.ExceptionAdvice [ExceptionAdvice.java:28] org.springframework.security.web.FilterChainProxy$VirtualFilterChain.doFilter(FilterChainProxy.java:334)
2022-11-16 14:13:26,691 ERROR [http-nio-8080-exec-2] c.l.c.c.a.ExceptionAdvice [ExceptionAdvice.java:28] org.springframework.security.web.header.HeaderWriterFilter.doHeadersAfter(HeaderWriterFilter.java:92)
2022-11-16 14:13:26,691 ERROR [http-nio-8080-exec-2] c.l.c.c.a.ExceptionAdvice [ExceptionAdvice.java:28] org.springframework.security.web.header.HeaderWriterFilter.doFilterInternal(HeaderWriterFilter.java:77)
2022-11-16 14:13:26,692 ERROR [http-nio-8080-exec-2] c.l.c.c.a.ExceptionAdvice [ExceptionAdvice.java:28] org.springframework.web.filter.OncePerRequestFilter.doFilter(OncePerRequestFilter.java:119)
2022-11-16 14:13:26,692 ERROR [http-nio-8080-exec-2] c.l.c.c.a.ExceptionAdvice [ExceptionAdvice.java:28] org.springframework.security.web.FilterChainProxy$VirtualFilterChain.doFilter(FilterChainProxy.java:334)
2022-11-16 14:13:26,692 ERROR [http-nio-8080-exec-2] c.l.c.c.a.ExceptionAdvice [ExceptionAdvice.java:28] org.springframework.security.web.context.SecurityContextPersistenceFilter.doFilter(SecurityContextPersistenceFilter.java:105)
2022-11-16 14:13:26,692 ERROR [http-nio-8080-exec-2] c.l.c.c.a.ExceptionAdvice [ExceptionAdvice.java:28] org.springframework.security.web.FilterChainProxy$VirtualFilterChain.doFilter(FilterChainProxy.java:334)
2022-11-16 14:13:26,693 ERROR [http-nio-8080-exec-2] c.l.c.c.a.ExceptionAdvice [ExceptionAdvice.java:28] org.springframework.security.web.context.request.async.WebAsyncManagerIntegrationFilter.doFilterInternal(WebAsyncManagerIntegrationFilter.java:56)
2022-11-16 14:13:26,693 ERROR [http-nio-8080-exec-2] c.l.c.c.a.ExceptionAdvice [ExceptionAdvice.java:28] org.springframework.web.filter.OncePerRequestFilter.doFilter(OncePerRequestFilter.java:119)
2022-11-16 14:13:26,693 ERROR [http-nio-8080-exec-2] c.l.c.c.a.ExceptionAdvice [ExceptionAdvice.java:28] org.springframework.security.web.FilterChainProxy$VirtualFilterChain.doFilter(FilterChainProxy.java:334)
2022-11-16 14:13:26,693 ERROR [http-nio-8080-exec-2] c.l.c.c.a.ExceptionAdvice [ExceptionAdvice.java:28] org.springframework.security.web.FilterChainProxy.doFilterInternal(FilterChainProxy.java:215)
2022-11-16 14:13:26,694 ERROR [http-nio-8080-exec-2] c.l.c.c.a.ExceptionAdvice [ExceptionAdvice.java:28] org.springframework.security.web.FilterChainProxy.doFilter(FilterChainProxy.java:178)
2022-11-16 14:13:26,694 ERROR [http-nio-8080-exec-2] c.l.c.c.a.ExceptionAdvice [ExceptionAdvice.java:28] org.springframework.web.filter.DelegatingFilterProxy.invokeDelegate(DelegatingFilterProxy.java:358)
2022-11-16 14:13:26,694 ERROR [http-nio-8080-exec-2] c.l.c.c.a.ExceptionAdvice [ExceptionAdvice.java:28] org.springframework.web.filter.DelegatingFilterProxy.doFilter(DelegatingFilterProxy.java:271)
2022-11-16 14:13:26,694 ERROR [http-nio-8080-exec-2] c.l.c.c.a.ExceptionAdvice [ExceptionAdvice.java:28] org.apache.catalina.core.ApplicationFilterChain.internalDoFilter(ApplicationFilterChain.java:193)
2022-11-16 14:13:26,694 ERROR [http-nio-8080-exec-2] c.l.c.c.a.ExceptionAdvice [ExceptionAdvice.java:28] org.apache.catalina.core.ApplicationFilterChain.doFilter(ApplicationFilterChain.java:166)
2022-11-16 14:13:26,694 ERROR [http-nio-8080-exec-2] c.l.c.c.a.ExceptionAdvice [ExceptionAdvice.java:28] org.springframework.web.filter.RequestContextFilter.doFilterInternal(RequestContextFilter.java:100)
2022-11-16 14:13:26,695 ERROR [http-nio-8080-exec-2] c.l.c.c.a.ExceptionAdvice [ExceptionAdvice.java:28] org.springframework.web.filter.OncePerRequestFilter.doFilter(OncePerRequestFilter.java:119)
2022-11-16 14:13:26,695 ERROR [http-nio-8080-exec-2] c.l.c.c.a.ExceptionAdvice [ExceptionAdvice.java:28] org.apache.catalina.core.ApplicationFilterChain.internalDoFilter(ApplicationFilterChain.java:193)
2022-11-16 14:13:26,695 ERROR [http-nio-8080-exec-2] c.l.c.c.a.ExceptionAdvice [ExceptionAdvice.java:28] org.apache.catalina.core.ApplicationFilterChain.doFilter(ApplicationFilterChain.java:166)
2022-11-16 14:13:26,695 ERROR [http-nio-8080-exec-2] c.l.c.c.a.ExceptionAdvice [ExceptionAdvice.java:28] org.springframework.web.filter.FormContentFilter.doFilterInternal(FormContentFilter.java:93)
2022-11-16 14:13:26,696 ERROR [http-nio-8080-exec-2] c.l.c.c.a.ExceptionAdvice [ExceptionAdvice.java:28] org.springframework.web.filter.OncePerRequestFilter.doFilter(OncePerRequestFilter.java:119)
2022-11-16 14:13:26,696 ERROR [http-nio-8080-exec-2] c.l.c.c.a.ExceptionAdvice [ExceptionAdvice.java:28] org.apache.catalina.core.ApplicationFilterChain.internalDoFilter(ApplicationFilterChain.java:193)
2022-11-16 14:13:26,696 ERROR [http-nio-8080-exec-2] c.l.c.c.a.ExceptionAdvice [ExceptionAdvice.java:28] org.apache.catalina.core.ApplicationFilterChain.doFilter(ApplicationFilterChain.java:166)
2022-11-16 14:13:26,697 ERROR [http-nio-8080-exec-2] c.l.c.c.a.ExceptionAdvice [ExceptionAdvice.java:28] org.springframework.web.filter.CharacterEncodingFilter.doFilterInternal(CharacterEncodingFilter.java:201)
2022-11-16 14:13:26,697 ERROR [http-nio-8080-exec-2] c.l.c.c.a.ExceptionAdvice [ExceptionAdvice.java:28] org.springframework.web.filter.OncePerRequestFilter.doFilter(OncePerRequestFilter.java:119)
2022-11-16 14:13:26,697 ERROR [http-nio-8080-exec-2] c.l.c.c.a.ExceptionAdvice [ExceptionAdvice.java:28] org.apache.catalina.core.ApplicationFilterChain.internalDoFilter(ApplicationFilterChain.java:193)
2022-11-16 14:13:26,698 ERROR [http-nio-8080-exec-2] c.l.c.c.a.ExceptionAdvice [ExceptionAdvice.java:28] org.apache.catalina.core.ApplicationFilterChain.doFilter(ApplicationFilterChain.java:166)
2022-11-16 14:13:26,698 ERROR [http-nio-8080-exec-2] c.l.c.c.a.ExceptionAdvice [ExceptionAdvice.java:28] org.apache.catalina.core.StandardWrapperValve.invoke(StandardWrapperValve.java:202)
2022-11-16 14:13:26,698 ERROR [http-nio-8080-exec-2] c.l.c.c.a.ExceptionAdvice [ExceptionAdvice.java:28] org.apache.catalina.core.StandardContextValve.invoke(StandardContextValve.java:96)
2022-11-16 14:13:26,698 ERROR [http-nio-8080-exec-2] c.l.c.c.a.ExceptionAdvice [ExceptionAdvice.java:28] org.apache.catalina.authenticator.AuthenticatorBase.invoke(AuthenticatorBase.java:526)
2022-11-16 14:13:26,698 ERROR [http-nio-8080-exec-2] c.l.c.c.a.ExceptionAdvice [ExceptionAdvice.java:28] org.apache.catalina.core.StandardHostValve.invoke(StandardHostValve.java:139)
2022-11-16 14:13:26,699 ERROR [http-nio-8080-exec-2] c.l.c.c.a.ExceptionAdvice [ExceptionAdvice.java:28] org.apache.catalina.valves.ErrorReportValve.invoke(ErrorReportValve.java:92)
2022-11-16 14:13:26,699 ERROR [http-nio-8080-exec-2] c.l.c.c.a.ExceptionAdvice [ExceptionAdvice.java:28] org.apache.catalina.core.StandardEngineValve.invoke(StandardEngineValve.java:74)
2022-11-16 14:13:26,699 ERROR [http-nio-8080-exec-2] c.l.c.c.a.ExceptionAdvice [ExceptionAdvice.java:28] org.apache.catalina.connector.CoyoteAdapter.service(CoyoteAdapter.java:343)
2022-11-16 14:13:26,699 ERROR [http-nio-8080-exec-2] c.l.c.c.a.ExceptionAdvice [ExceptionAdvice.java:28] org.apache.coyote.http11.Http11Processor.service(Http11Processor.java:367)
2022-11-16 14:13:26,699 ERROR [http-nio-8080-exec-2] c.l.c.c.a.ExceptionAdvice [ExceptionAdvice.java:28] org.apache.coyote.AbstractProcessorLight.process(AbstractProcessorLight.java:65)
2022-11-16 14:13:26,699 ERROR [http-nio-8080-exec-2] c.l.c.c.a.ExceptionAdvice [ExceptionAdvice.java:28] org.apache.coyote.AbstractProtocol$ConnectionHandler.process(AbstractProtocol.java:860)
2022-11-16 14:13:26,700 ERROR [http-nio-8080-exec-2] c.l.c.c.a.ExceptionAdvice [ExceptionAdvice.java:28] org.apache.tomcat.util.net.NioEndpoint$SocketProcessor.doRun(NioEndpoint.java:1591)
2022-11-16 14:13:26,701 ERROR [http-nio-8080-exec-2] c.l.c.c.a.ExceptionAdvice [ExceptionAdvice.java:28] org.apache.tomcat.util.net.SocketProcessorBase.run(SocketProcessorBase.java:49)
2022-11-16 14:13:26,702 ERROR [http-nio-8080-exec-2] c.l.c.c.a.ExceptionAdvice [ExceptionAdvice.java:28] java.util.concurrent.ThreadPoolExecutor.runWorker(ThreadPoolExecutor.java:1149)
2022-11-16 14:13:26,702 ERROR [http-nio-8080-exec-2] c.l.c.c.a.ExceptionAdvice [ExceptionAdvice.java:28] java.util.concurrent.ThreadPoolExecutor$Worker.run(ThreadPoolExecutor.java:624)
2022-11-16 14:13:26,703 ERROR [http-nio-8080-exec-2] c.l.c.c.a.ExceptionAdvice [ExceptionAdvice.java:28] org.apache.tomcat.util.threads.TaskThread$WrappingRunnable.run(TaskThread.java:61)
2022-11-16 14:13:26,704 ERROR [http-nio-8080-exec-2] c.l.c.c.a.ExceptionAdvice [ExceptionAdvice.java:28] java.lang.Thread.run(Thread.java:748)
2022-11-16 20:25:41,740 ERROR [restartedMain] o.s.b.d.LoggingFailureAnalysisReporter [LoggingFailureAnalysisReporter.java:40] 

***************************
APPLICATION FAILED TO START
***************************

Description:

Field dataService in com.ljn.communityljn.controller.interceptor.DataInterceptor required a bean of type 'com.ljn.communityljn.service.DataService' that could not be found.


Action:

Consider defining a bean of type 'com.ljn.communityljn.service.DataService' in your configuration.

2022-11-16 20:34:45,138 ERROR [restartedMain] o.s.b.d.LoggingFailureAnalysisReporter [LoggingFailureAnalysisReporter.java:40] 

***************************
APPLICATION FAILED TO START
***************************

Description:

Field dataService in com.ljn.communityljn.controller.interceptor.DataInterceptor required a bean of type 'com.ljn.communityljn.service.DataService' that could not be found.


Action:

Consider defining a bean of type 'com.ljn.communityljn.service.DataService' in your configuration.

