2022-11-08 09:48:42,533 ERROR [http-nio-8080-exec-1] o.a.c.c.C.[.[.[.[dispatcherServlet] [DirectJDKLog.java:175] Servlet.service() for servlet [dispatcherServlet] in context with path [/community] threw exception [Request processing failed; nested exception is java.lang.NullPointerException] with root cause
java.lang.NullPointerException: null
	at com.ljn.communityljn.controller.MessageController.getLetterList(MessageController.java:46)
	at sun.reflect.NativeMethodAccessorImpl.invoke0(Native Method)
	at sun.reflect.NativeMethodAccessorImpl.invoke(NativeMethodAccessorImpl.java:62)
	at sun.reflect.DelegatingMethodAccessorImpl.invoke(DelegatingMethodAccessorImpl.java:43)
	at java.lang.reflect.Method.invoke(Method.java:498)
	at org.springframework.web.method.support.InvocableHandlerMethod.doInvoke(InvocableHandlerMethod.java:190)
	at org.springframework.web.method.support.InvocableHandlerMethod.invokeForRequest(InvocableHandlerMethod.java:138)
	at org.springframework.web.servlet.mvc.method.annotation.ServletInvocableHandlerMethod.invokeAndHandle(ServletInvocableHandlerMethod.java:106)
	at org.springframework.web.servlet.mvc.method.annotation.RequestMappingHandlerAdapter.invokeHandlerMethod(RequestMappingHandlerAdapter.java:888)
	at org.springframework.web.servlet.mvc.method.annotation.RequestMappingHandlerAdapter.handleInternal(RequestMappingHandlerAdapter.java:793)
	at org.springframework.web.servlet.mvc.method.AbstractHandlerMethodAdapter.handle(AbstractHandlerMethodAdapter.java:87)
	at org.springframework.web.servlet.DispatcherServlet.doDispatch(DispatcherServlet.java:1040)
	at org.springframework.web.servlet.DispatcherServlet.doService(DispatcherServlet.java:943)
	at org.springframework.web.servlet.FrameworkServlet.processRequest(FrameworkServlet.java:1006)
	at org.springframework.web.servlet.FrameworkServlet.doGet(FrameworkServlet.java:898)
	at javax.servlet.http.HttpServlet.service(HttpServlet.java:634)
	at org.springframework.web.servlet.FrameworkServlet.service(FrameworkServlet.java:883)
	at javax.servlet.http.HttpServlet.service(HttpServlet.java:741)
	at org.apache.catalina.core.ApplicationFilterChain.internalDoFilter(ApplicationFilterChain.java:231)
	at org.apache.catalina.core.ApplicationFilterChain.doFilter(ApplicationFilterChain.java:166)
	at org.apache.tomcat.websocket.server.WsFilter.doFilter(WsFilter.java:53)
	at org.apache.catalina.core.ApplicationFilterChain.internalDoFilter(ApplicationFilterChain.java:193)
	at org.apache.catalina.core.ApplicationFilterChain.doFilter(ApplicationFilterChain.java:166)
	at org.springframework.web.filter.RequestContextFilter.doFilterInternal(RequestContextFilter.java:100)
	at org.springframework.web.filter.OncePerRequestFilter.doFilter(OncePerRequestFilter.java:119)
	at org.apache.catalina.core.ApplicationFilterChain.internalDoFilter(ApplicationFilterChain.java:193)
	at org.apache.catalina.core.ApplicationFilterChain.doFilter(ApplicationFilterChain.java:166)
	at org.springframework.web.filter.FormContentFilter.doFilterInternal(FormContentFilter.java:93)
	at org.springframework.web.filter.OncePerRequestFilter.doFilter(OncePerRequestFilter.java:119)
	at org.apache.catalina.core.ApplicationFilterChain.internalDoFilter(ApplicationFilterChain.java:193)
	at org.apache.catalina.core.ApplicationFilterChain.doFilter(ApplicationFilterChain.java:166)
	at org.springframework.web.filter.CharacterEncodingFilter.doFilterInternal(CharacterEncodingFilter.java:201)
	at org.springframework.web.filter.OncePerRequestFilter.doFilter(OncePerRequestFilter.java:119)
	at org.apache.catalina.core.ApplicationFilterChain.internalDoFilter(ApplicationFilterChain.java:193)
	at org.apache.catalina.core.ApplicationFilterChain.doFilter(ApplicationFilterChain.java:166)
	at org.apache.catalina.core.StandardWrapperValve.invoke(StandardWrapperValve.java:202)
	at org.apache.catalina.core.StandardContextValve.invoke(StandardContextValve.java:96)
	at org.apache.catalina.authenticator.AuthenticatorBase.invoke(AuthenticatorBase.java:526)
	at org.apache.catalina.core.StandardHostValve.invoke(StandardHostValve.java:139)
	at org.apache.catalina.valves.ErrorReportValve.invoke(ErrorReportValve.java:92)
	at org.apache.catalina.core.StandardEngineValve.invoke(StandardEngineValve.java:74)
	at org.apache.catalina.connector.CoyoteAdapter.service(CoyoteAdapter.java:343)
	at org.apache.coyote.http11.Http11Processor.service(Http11Processor.java:367)
	at org.apache.coyote.AbstractProcessorLight.process(AbstractProcessorLight.java:65)
	at org.apache.coyote.AbstractProtocol$ConnectionHandler.process(AbstractProtocol.java:860)
	at org.apache.tomcat.util.net.NioEndpoint$SocketProcessor.doRun(NioEndpoint.java:1591)
	at org.apache.tomcat.util.net.SocketProcessorBase.run(SocketProcessorBase.java:49)
	at java.util.concurrent.ThreadPoolExecutor.runWorker(ThreadPoolExecutor.java:1149)
	at java.util.concurrent.ThreadPoolExecutor$Worker.run(ThreadPoolExecutor.java:624)
	at org.apache.tomcat.util.threads.TaskThread$WrappingRunnable.run(TaskThread.java:61)
	at java.lang.Thread.run(Thread.java:748)
2022-11-08 09:48:51,731 ERROR [http-nio-8080-exec-2] o.a.c.c.C.[.[.[.[dispatcherServlet] [DirectJDKLog.java:175] Servlet.service() for servlet [dispatcherServlet] in context with path [/community] threw exception [Request processing failed; nested exception is org.apache.ibatis.builder.IncompleteElementException: Could not find SQL statement to include with refid 'com.ljn.communityljn.dao.MessageMapper.insertFields'] with root cause
java.lang.IllegalArgumentException: XML fragments parsed from previous mappers does not contain value for com.ljn.communityljn.dao.MessageMapper.insertFields
	at org.apache.ibatis.session.Configuration$StrictMap.get(Configuration.java:946)
	at org.apache.ibatis.builder.xml.XMLIncludeTransformer.findSqlFragment(XMLIncludeTransformer.java:95)
	at org.apache.ibatis.builder.xml.XMLIncludeTransformer.applyIncludes(XMLIncludeTransformer.java:60)
	at org.apache.ibatis.builder.xml.XMLIncludeTransformer.applyIncludes(XMLIncludeTransformer.java:82)
	at org.apache.ibatis.builder.xml.XMLIncludeTransformer.applyIncludes(XMLIncludeTransformer.java:50)
	at org.apache.ibatis.builder.xml.XMLStatementBuilder.parseStatementNode(XMLStatementBuilder.java:73)
	at org.apache.ibatis.session.Configuration.lambda$buildAllStatements$2(Configuration.java:800)
	at java.util.Collection.removeIf(Collection.java:414)
	at org.apache.ibatis.session.Configuration.buildAllStatements(Configuration.java:799)
	at org.apache.ibatis.session.Configuration.hasStatement(Configuration.java:776)
	at org.apache.ibatis.session.Configuration.hasStatement(Configuration.java:771)
	at org.apache.ibatis.binding.MapperMethod$SqlCommand.resolveMappedStatement(MapperMethod.java:257)
	at org.apache.ibatis.binding.MapperMethod$SqlCommand.<init>(MapperMethod.java:227)
	at org.apache.ibatis.binding.MapperMethod.<init>(MapperMethod.java:53)
	at org.apache.ibatis.binding.MapperProxy.lambda$cachedMapperMethod$0(MapperProxy.java:62)
	at java.util.concurrent.ConcurrentHashMap.computeIfAbsent(ConcurrentHashMap.java:1660)
	at org.apache.ibatis.binding.MapperProxy.cachedMapperMethod(MapperProxy.java:62)
	at org.apache.ibatis.binding.MapperProxy.invoke(MapperProxy.java:57)
	at com.sun.proxy.$Proxy75.selectDiscussPostRows(Unknown Source)
	at com.ljn.communityljn.service.DiscussPostService.findDiscussPostRows(DiscussPostService.java:32)
	at com.ljn.communityljn.controller.HomeController.getIndexPage(HomeController.java:39)
	at sun.reflect.NativeMethodAccessorImpl.invoke0(Native Method)
	at sun.reflect.NativeMethodAccessorImpl.invoke(NativeMethodAccessorImpl.java:62)
	at sun.reflect.DelegatingMethodAccessorImpl.invoke(DelegatingMethodAccessorImpl.java:43)
	at java.lang.reflect.Method.invoke(Method.java:498)
	at org.springframework.web.method.support.InvocableHandlerMethod.doInvoke(InvocableHandlerMethod.java:190)
	at org.springframework.web.method.support.InvocableHandlerMethod.invokeForRequest(InvocableHandlerMethod.java:138)
	at org.springframework.web.servlet.mvc.method.annotation.ServletInvocableHandlerMethod.invokeAndHandle(ServletInvocableHandlerMethod.java:106)
	at org.springframework.web.servlet.mvc.method.annotation.RequestMappingHandlerAdapter.invokeHandlerMethod(RequestMappingHandlerAdapter.java:888)
	at org.springframework.web.servlet.mvc.method.annotation.RequestMappingHandlerAdapter.handleInternal(RequestMappingHandlerAdapter.java:793)
	at org.springframework.web.servlet.mvc.method.AbstractHandlerMethodAdapter.handle(AbstractHandlerMethodAdapter.java:87)
	at org.springframework.web.servlet.DispatcherServlet.doDispatch(DispatcherServlet.java:1040)
	at org.springframework.web.servlet.DispatcherServlet.doService(DispatcherServlet.java:943)
	at org.springframework.web.servlet.FrameworkServlet.processRequest(FrameworkServlet.java:1006)
	at org.springframework.web.servlet.FrameworkServlet.doGet(FrameworkServlet.java:898)
	at javax.servlet.http.HttpServlet.service(HttpServlet.java:634)
	at org.springframework.web.servlet.FrameworkServlet.service(FrameworkServlet.java:883)
	at javax.servlet.http.HttpServlet.service(HttpServlet.java:741)
	at org.apache.catalina.core.ApplicationFilterChain.internalDoFilter(ApplicationFilterChain.java:231)
	at org.apache.catalina.core.ApplicationFilterChain.doFilter(ApplicationFilterChain.java:166)
	at org.apache.tomcat.websocket.server.WsFilter.doFilter(WsFilter.java:53)
	at org.apache.catalina.core.ApplicationFilterChain.internalDoFilter(ApplicationFilterChain.java:193)
	at org.apache.catalina.core.ApplicationFilterChain.doFilter(ApplicationFilterChain.java:166)
	at org.springframework.web.filter.RequestContextFilter.doFilterInternal(RequestContextFilter.java:100)
	at org.springframework.web.filter.OncePerRequestFilter.doFilter(OncePerRequestFilter.java:119)
	at org.apache.catalina.core.ApplicationFilterChain.internalDoFilter(ApplicationFilterChain.java:193)
	at org.apache.catalina.core.ApplicationFilterChain.doFilter(ApplicationFilterChain.java:166)
	at org.springframework.web.filter.FormContentFilter.doFilterInternal(FormContentFilter.java:93)
	at org.springframework.web.filter.OncePerRequestFilter.doFilter(OncePerRequestFilter.java:119)
	at org.apache.catalina.core.ApplicationFilterChain.internalDoFilter(ApplicationFilterChain.java:193)
	at org.apache.catalina.core.ApplicationFilterChain.doFilter(ApplicationFilterChain.java:166)
	at org.springframework.web.filter.CharacterEncodingFilter.doFilterInternal(CharacterEncodingFilter.java:201)
	at org.springframework.web.filter.OncePerRequestFilter.doFilter(OncePerRequestFilter.java:119)
	at org.apache.catalina.core.ApplicationFilterChain.internalDoFilter(ApplicationFilterChain.java:193)
	at org.apache.catalina.core.ApplicationFilterChain.doFilter(ApplicationFilterChain.java:166)
	at org.apache.catalina.core.StandardWrapperValve.invoke(StandardWrapperValve.java:202)
	at org.apache.catalina.core.StandardContextValve.invoke(StandardContextValve.java:96)
	at org.apache.catalina.authenticator.AuthenticatorBase.invoke(AuthenticatorBase.java:526)
	at org.apache.catalina.core.StandardHostValve.invoke(StandardHostValve.java:139)
	at org.apache.catalina.valves.ErrorReportValve.invoke(ErrorReportValve.java:92)
	at org.apache.catalina.core.StandardEngineValve.invoke(StandardEngineValve.java:74)
	at org.apache.catalina.connector.CoyoteAdapter.service(CoyoteAdapter.java:343)
	at org.apache.coyote.http11.Http11Processor.service(Http11Processor.java:367)
	at org.apache.coyote.AbstractProcessorLight.process(AbstractProcessorLight.java:65)
	at org.apache.coyote.AbstractProtocol$ConnectionHandler.process(AbstractProtocol.java:860)
	at org.apache.tomcat.util.net.NioEndpoint$SocketProcessor.doRun(NioEndpoint.java:1591)
	at org.apache.tomcat.util.net.SocketProcessorBase.run(SocketProcessorBase.java:49)
	at java.util.concurrent.ThreadPoolExecutor.runWorker(ThreadPoolExecutor.java:1149)
	at java.util.concurrent.ThreadPoolExecutor$Worker.run(ThreadPoolExecutor.java:624)
	at org.apache.tomcat.util.threads.TaskThread$WrappingRunnable.run(TaskThread.java:61)
	at java.lang.Thread.run(Thread.java:748)
2022-11-08 10:58:20,288 ERROR [http-nio-8080-exec-5] c.l.c.c.a.ExceptionAdvice [ExceptionAdvice.java:26] 服务器发生异常: null
2022-11-08 10:58:20,291 ERROR [http-nio-8080-exec-5] c.l.c.c.a.ExceptionAdvice [ExceptionAdvice.java:28] com.ljn.communityljn.controller.MessageController.getLetterList(MessageController.java:46)
2022-11-08 10:58:20,291 ERROR [http-nio-8080-exec-5] c.l.c.c.a.ExceptionAdvice [ExceptionAdvice.java:28] sun.reflect.NativeMethodAccessorImpl.invoke0(Native Method)
2022-11-08 10:58:20,293 ERROR [http-nio-8080-exec-5] c.l.c.c.a.ExceptionAdvice [ExceptionAdvice.java:28] sun.reflect.NativeMethodAccessorImpl.invoke(NativeMethodAccessorImpl.java:62)
2022-11-08 10:58:20,294 ERROR [http-nio-8080-exec-5] c.l.c.c.a.ExceptionAdvice [ExceptionAdvice.java:28] sun.reflect.DelegatingMethodAccessorImpl.invoke(DelegatingMethodAccessorImpl.java:43)
2022-11-08 10:58:20,295 ERROR [http-nio-8080-exec-5] c.l.c.c.a.ExceptionAdvice [ExceptionAdvice.java:28] java.lang.reflect.Method.invoke(Method.java:498)
2022-11-08 10:58:20,296 ERROR [http-nio-8080-exec-5] c.l.c.c.a.ExceptionAdvice [ExceptionAdvice.java:28] org.springframework.web.method.support.InvocableHandlerMethod.doInvoke(InvocableHandlerMethod.java:190)
2022-11-08 10:58:20,296 ERROR [http-nio-8080-exec-5] c.l.c.c.a.ExceptionAdvice [ExceptionAdvice.java:28] org.springframework.web.method.support.InvocableHandlerMethod.invokeForRequest(InvocableHandlerMethod.java:138)
2022-11-08 10:58:20,297 ERROR [http-nio-8080-exec-5] c.l.c.c.a.ExceptionAdvice [ExceptionAdvice.java:28] org.springframework.web.servlet.mvc.method.annotation.ServletInvocableHandlerMethod.invokeAndHandle(ServletInvocableHandlerMethod.java:106)
2022-11-08 10:58:20,297 ERROR [http-nio-8080-exec-5] c.l.c.c.a.ExceptionAdvice [ExceptionAdvice.java:28] org.springframework.web.servlet.mvc.method.annotation.RequestMappingHandlerAdapter.invokeHandlerMethod(RequestMappingHandlerAdapter.java:888)
2022-11-08 10:58:20,297 ERROR [http-nio-8080-exec-5] c.l.c.c.a.ExceptionAdvice [ExceptionAdvice.java:28] org.springframework.web.servlet.mvc.method.annotation.RequestMappingHandlerAdapter.handleInternal(RequestMappingHandlerAdapter.java:793)
2022-11-08 10:58:20,297 ERROR [http-nio-8080-exec-5] c.l.c.c.a.ExceptionAdvice [ExceptionAdvice.java:28] org.springframework.web.servlet.mvc.method.AbstractHandlerMethodAdapter.handle(AbstractHandlerMethodAdapter.java:87)
2022-11-08 10:58:20,297 ERROR [http-nio-8080-exec-5] c.l.c.c.a.ExceptionAdvice [ExceptionAdvice.java:28] org.springframework.web.servlet.DispatcherServlet.doDispatch(DispatcherServlet.java:1040)
2022-11-08 10:58:20,298 ERROR [http-nio-8080-exec-5] c.l.c.c.a.ExceptionAdvice [ExceptionAdvice.java:28] org.springframework.web.servlet.DispatcherServlet.doService(DispatcherServlet.java:943)
2022-11-08 10:58:20,298 ERROR [http-nio-8080-exec-5] c.l.c.c.a.ExceptionAdvice [ExceptionAdvice.java:28] org.springframework.web.servlet.FrameworkServlet.processRequest(FrameworkServlet.java:1006)
2022-11-08 10:58:20,298 ERROR [http-nio-8080-exec-5] c.l.c.c.a.ExceptionAdvice [ExceptionAdvice.java:28] org.springframework.web.servlet.FrameworkServlet.doGet(FrameworkServlet.java:898)
2022-11-08 10:58:20,298 ERROR [http-nio-8080-exec-5] c.l.c.c.a.ExceptionAdvice [ExceptionAdvice.java:28] javax.servlet.http.HttpServlet.service(HttpServlet.java:634)
2022-11-08 10:58:20,298 ERROR [http-nio-8080-exec-5] c.l.c.c.a.ExceptionAdvice [ExceptionAdvice.java:28] org.springframework.web.servlet.FrameworkServlet.service(FrameworkServlet.java:883)
2022-11-08 10:58:20,299 ERROR [http-nio-8080-exec-5] c.l.c.c.a.ExceptionAdvice [ExceptionAdvice.java:28] javax.servlet.http.HttpServlet.service(HttpServlet.java:741)
2022-11-08 10:58:20,299 ERROR [http-nio-8080-exec-5] c.l.c.c.a.ExceptionAdvice [ExceptionAdvice.java:28] org.apache.catalina.core.ApplicationFilterChain.internalDoFilter(ApplicationFilterChain.java:231)
2022-11-08 10:58:20,299 ERROR [http-nio-8080-exec-5] c.l.c.c.a.ExceptionAdvice [ExceptionAdvice.java:28] org.apache.catalina.core.ApplicationFilterChain.doFilter(ApplicationFilterChain.java:166)
2022-11-08 10:58:20,299 ERROR [http-nio-8080-exec-5] c.l.c.c.a.ExceptionAdvice [ExceptionAdvice.java:28] org.apache.tomcat.websocket.server.WsFilter.doFilter(WsFilter.java:53)
2022-11-08 10:58:20,300 ERROR [http-nio-8080-exec-5] c.l.c.c.a.ExceptionAdvice [ExceptionAdvice.java:28] org.apache.catalina.core.ApplicationFilterChain.internalDoFilter(ApplicationFilterChain.java:193)
2022-11-08 10:58:20,300 ERROR [http-nio-8080-exec-5] c.l.c.c.a.ExceptionAdvice [ExceptionAdvice.java:28] org.apache.catalina.core.ApplicationFilterChain.doFilter(ApplicationFilterChain.java:166)
2022-11-08 10:58:20,300 ERROR [http-nio-8080-exec-5] c.l.c.c.a.ExceptionAdvice [ExceptionAdvice.java:28] org.springframework.web.filter.RequestContextFilter.doFilterInternal(RequestContextFilter.java:100)
2022-11-08 10:58:20,300 ERROR [http-nio-8080-exec-5] c.l.c.c.a.ExceptionAdvice [ExceptionAdvice.java:28] org.springframework.web.filter.OncePerRequestFilter.doFilter(OncePerRequestFilter.java:119)
2022-11-08 10:58:20,300 ERROR [http-nio-8080-exec-5] c.l.c.c.a.ExceptionAdvice [ExceptionAdvice.java:28] org.apache.catalina.core.ApplicationFilterChain.internalDoFilter(ApplicationFilterChain.java:193)
2022-11-08 10:58:20,300 ERROR [http-nio-8080-exec-5] c.l.c.c.a.ExceptionAdvice [ExceptionAdvice.java:28] org.apache.catalina.core.ApplicationFilterChain.doFilter(ApplicationFilterChain.java:166)
2022-11-08 10:58:20,301 ERROR [http-nio-8080-exec-5] c.l.c.c.a.ExceptionAdvice [ExceptionAdvice.java:28] org.springframework.web.filter.FormContentFilter.doFilterInternal(FormContentFilter.java:93)
2022-11-08 10:58:20,301 ERROR [http-nio-8080-exec-5] c.l.c.c.a.ExceptionAdvice [ExceptionAdvice.java:28] org.springframework.web.filter.OncePerRequestFilter.doFilter(OncePerRequestFilter.java:119)
2022-11-08 10:58:20,301 ERROR [http-nio-8080-exec-5] c.l.c.c.a.ExceptionAdvice [ExceptionAdvice.java:28] org.apache.catalina.core.ApplicationFilterChain.internalDoFilter(ApplicationFilterChain.java:193)
2022-11-08 10:58:20,301 ERROR [http-nio-8080-exec-5] c.l.c.c.a.ExceptionAdvice [ExceptionAdvice.java:28] org.apache.catalina.core.ApplicationFilterChain.doFilter(ApplicationFilterChain.java:166)
2022-11-08 10:58:20,301 ERROR [http-nio-8080-exec-5] c.l.c.c.a.ExceptionAdvice [ExceptionAdvice.java:28] org.springframework.web.filter.CharacterEncodingFilter.doFilterInternal(CharacterEncodingFilter.java:201)
2022-11-08 10:58:20,302 ERROR [http-nio-8080-exec-5] c.l.c.c.a.ExceptionAdvice [ExceptionAdvice.java:28] org.springframework.web.filter.OncePerRequestFilter.doFilter(OncePerRequestFilter.java:119)
2022-11-08 10:58:20,302 ERROR [http-nio-8080-exec-5] c.l.c.c.a.ExceptionAdvice [ExceptionAdvice.java:28] org.apache.catalina.core.ApplicationFilterChain.internalDoFilter(ApplicationFilterChain.java:193)
2022-11-08 10:58:20,302 ERROR [http-nio-8080-exec-5] c.l.c.c.a.ExceptionAdvice [ExceptionAdvice.java:28] org.apache.catalina.core.ApplicationFilterChain.doFilter(ApplicationFilterChain.java:166)
2022-11-08 10:58:20,302 ERROR [http-nio-8080-exec-5] c.l.c.c.a.ExceptionAdvice [ExceptionAdvice.java:28] org.apache.catalina.core.StandardWrapperValve.invoke(StandardWrapperValve.java:202)
2022-11-08 10:58:20,302 ERROR [http-nio-8080-exec-5] c.l.c.c.a.ExceptionAdvice [ExceptionAdvice.java:28] org.apache.catalina.core.StandardContextValve.invoke(StandardContextValve.java:96)
2022-11-08 10:58:20,303 ERROR [http-nio-8080-exec-5] c.l.c.c.a.ExceptionAdvice [ExceptionAdvice.java:28] org.apache.catalina.authenticator.AuthenticatorBase.invoke(AuthenticatorBase.java:526)
2022-11-08 10:58:20,303 ERROR [http-nio-8080-exec-5] c.l.c.c.a.ExceptionAdvice [ExceptionAdvice.java:28] org.apache.catalina.core.StandardHostValve.invoke(StandardHostValve.java:139)
2022-11-08 10:58:20,303 ERROR [http-nio-8080-exec-5] c.l.c.c.a.ExceptionAdvice [ExceptionAdvice.java:28] org.apache.catalina.valves.ErrorReportValve.invoke(ErrorReportValve.java:92)
2022-11-08 10:58:20,303 ERROR [http-nio-8080-exec-5] c.l.c.c.a.ExceptionAdvice [ExceptionAdvice.java:28] org.apache.catalina.core.StandardEngineValve.invoke(StandardEngineValve.java:74)
2022-11-08 10:58:20,303 ERROR [http-nio-8080-exec-5] c.l.c.c.a.ExceptionAdvice [ExceptionAdvice.java:28] org.apache.catalina.connector.CoyoteAdapter.service(CoyoteAdapter.java:343)
2022-11-08 10:58:20,303 ERROR [http-nio-8080-exec-5] c.l.c.c.a.ExceptionAdvice [ExceptionAdvice.java:28] org.apache.coyote.http11.Http11Processor.service(Http11Processor.java:367)
2022-11-08 10:58:20,304 ERROR [http-nio-8080-exec-5] c.l.c.c.a.ExceptionAdvice [ExceptionAdvice.java:28] org.apache.coyote.AbstractProcessorLight.process(AbstractProcessorLight.java:65)
2022-11-08 10:58:20,304 ERROR [http-nio-8080-exec-5] c.l.c.c.a.ExceptionAdvice [ExceptionAdvice.java:28] org.apache.coyote.AbstractProtocol$ConnectionHandler.process(AbstractProtocol.java:860)
2022-11-08 10:58:20,304 ERROR [http-nio-8080-exec-5] c.l.c.c.a.ExceptionAdvice [ExceptionAdvice.java:28] org.apache.tomcat.util.net.NioEndpoint$SocketProcessor.doRun(NioEndpoint.java:1591)
2022-11-08 10:58:20,304 ERROR [http-nio-8080-exec-5] c.l.c.c.a.ExceptionAdvice [ExceptionAdvice.java:28] org.apache.tomcat.util.net.SocketProcessorBase.run(SocketProcessorBase.java:49)
2022-11-08 10:58:20,304 ERROR [http-nio-8080-exec-5] c.l.c.c.a.ExceptionAdvice [ExceptionAdvice.java:28] java.util.concurrent.ThreadPoolExecutor.runWorker(ThreadPoolExecutor.java:1149)
2022-11-08 10:58:20,304 ERROR [http-nio-8080-exec-5] c.l.c.c.a.ExceptionAdvice [ExceptionAdvice.java:28] java.util.concurrent.ThreadPoolExecutor$Worker.run(ThreadPoolExecutor.java:624)
2022-11-08 10:58:20,305 ERROR [http-nio-8080-exec-5] c.l.c.c.a.ExceptionAdvice [ExceptionAdvice.java:28] org.apache.tomcat.util.threads.TaskThread$WrappingRunnable.run(TaskThread.java:61)
2022-11-08 10:58:20,305 ERROR [http-nio-8080-exec-5] c.l.c.c.a.ExceptionAdvice [ExceptionAdvice.java:28] java.lang.Thread.run(Thread.java:748)
2022-11-08 11:00:38,150 ERROR [http-nio-8080-exec-1] c.l.c.c.a.ExceptionAdvice [ExceptionAdvice.java:26] 服务器发生异常: null
2022-11-08 11:00:38,151 ERROR [http-nio-8080-exec-1] c.l.c.c.a.ExceptionAdvice [ExceptionAdvice.java:28] com.ljn.communityljn.controller.MessageController.getLetterList(MessageController.java:47)
2022-11-08 11:00:38,151 ERROR [http-nio-8080-exec-1] c.l.c.c.a.ExceptionAdvice [ExceptionAdvice.java:28] sun.reflect.NativeMethodAccessorImpl.invoke0(Native Method)
2022-11-08 11:00:38,152 ERROR [http-nio-8080-exec-1] c.l.c.c.a.ExceptionAdvice [ExceptionAdvice.java:28] sun.reflect.NativeMethodAccessorImpl.invoke(NativeMethodAccessorImpl.java:62)
2022-11-08 11:00:38,152 ERROR [http-nio-8080-exec-1] c.l.c.c.a.ExceptionAdvice [ExceptionAdvice.java:28] sun.reflect.DelegatingMethodAccessorImpl.invoke(DelegatingMethodAccessorImpl.java:43)
2022-11-08 11:00:38,152 ERROR [http-nio-8080-exec-1] c.l.c.c.a.ExceptionAdvice [ExceptionAdvice.java:28] java.lang.reflect.Method.invoke(Method.java:498)
2022-11-08 11:00:38,153 ERROR [http-nio-8080-exec-1] c.l.c.c.a.ExceptionAdvice [ExceptionAdvice.java:28] org.springframework.web.method.support.InvocableHandlerMethod.doInvoke(InvocableHandlerMethod.java:190)
2022-11-08 11:00:38,153 ERROR [http-nio-8080-exec-1] c.l.c.c.a.ExceptionAdvice [ExceptionAdvice.java:28] org.springframework.web.method.support.InvocableHandlerMethod.invokeForRequest(InvocableHandlerMethod.java:138)
2022-11-08 11:00:38,153 ERROR [http-nio-8080-exec-1] c.l.c.c.a.ExceptionAdvice [ExceptionAdvice.java:28] org.springframework.web.servlet.mvc.method.annotation.ServletInvocableHandlerMethod.invokeAndHandle(ServletInvocableHandlerMethod.java:106)
2022-11-08 11:00:38,153 ERROR [http-nio-8080-exec-1] c.l.c.c.a.ExceptionAdvice [ExceptionAdvice.java:28] org.springframework.web.servlet.mvc.method.annotation.RequestMappingHandlerAdapter.invokeHandlerMethod(RequestMappingHandlerAdapter.java:888)
2022-11-08 11:00:38,154 ERROR [http-nio-8080-exec-1] c.l.c.c.a.ExceptionAdvice [ExceptionAdvice.java:28] org.springframework.web.servlet.mvc.method.annotation.RequestMappingHandlerAdapter.handleInternal(RequestMappingHandlerAdapter.java:793)
2022-11-08 11:00:38,154 ERROR [http-nio-8080-exec-1] c.l.c.c.a.ExceptionAdvice [ExceptionAdvice.java:28] org.springframework.web.servlet.mvc.method.AbstractHandlerMethodAdapter.handle(AbstractHandlerMethodAdapter.java:87)
2022-11-08 11:00:38,154 ERROR [http-nio-8080-exec-1] c.l.c.c.a.ExceptionAdvice [ExceptionAdvice.java:28] org.springframework.web.servlet.DispatcherServlet.doDispatch(DispatcherServlet.java:1040)
2022-11-08 11:00:38,154 ERROR [http-nio-8080-exec-1] c.l.c.c.a.ExceptionAdvice [ExceptionAdvice.java:28] org.springframework.web.servlet.DispatcherServlet.doService(DispatcherServlet.java:943)
2022-11-08 11:00:38,155 ERROR [http-nio-8080-exec-1] c.l.c.c.a.ExceptionAdvice [ExceptionAdvice.java:28] org.springframework.web.servlet.FrameworkServlet.processRequest(FrameworkServlet.java:1006)
2022-11-08 11:00:38,155 ERROR [http-nio-8080-exec-1] c.l.c.c.a.ExceptionAdvice [ExceptionAdvice.java:28] org.springframework.web.servlet.FrameworkServlet.doGet(FrameworkServlet.java:898)
2022-11-08 11:00:38,155 ERROR [http-nio-8080-exec-1] c.l.c.c.a.ExceptionAdvice [ExceptionAdvice.java:28] javax.servlet.http.HttpServlet.service(HttpServlet.java:634)
2022-11-08 11:00:38,155 ERROR [http-nio-8080-exec-1] c.l.c.c.a.ExceptionAdvice [ExceptionAdvice.java:28] org.springframework.web.servlet.FrameworkServlet.service(FrameworkServlet.java:883)
2022-11-08 11:00:38,155 ERROR [http-nio-8080-exec-1] c.l.c.c.a.ExceptionAdvice [ExceptionAdvice.java:28] javax.servlet.http.HttpServlet.service(HttpServlet.java:741)
2022-11-08 11:00:38,155 ERROR [http-nio-8080-exec-1] c.l.c.c.a.ExceptionAdvice [ExceptionAdvice.java:28] org.apache.catalina.core.ApplicationFilterChain.internalDoFilter(ApplicationFilterChain.java:231)
2022-11-08 11:00:38,156 ERROR [http-nio-8080-exec-1] c.l.c.c.a.ExceptionAdvice [ExceptionAdvice.java:28] org.apache.catalina.core.ApplicationFilterChain.doFilter(ApplicationFilterChain.java:166)
2022-11-08 11:00:38,156 ERROR [http-nio-8080-exec-1] c.l.c.c.a.ExceptionAdvice [ExceptionAdvice.java:28] org.apache.tomcat.websocket.server.WsFilter.doFilter(WsFilter.java:53)
2022-11-08 11:00:38,156 ERROR [http-nio-8080-exec-1] c.l.c.c.a.ExceptionAdvice [ExceptionAdvice.java:28] org.apache.catalina.core.ApplicationFilterChain.internalDoFilter(ApplicationFilterChain.java:193)
2022-11-08 11:00:38,157 ERROR [http-nio-8080-exec-1] c.l.c.c.a.ExceptionAdvice [ExceptionAdvice.java:28] org.apache.catalina.core.ApplicationFilterChain.doFilter(ApplicationFilterChain.java:166)
2022-11-08 11:00:38,157 ERROR [http-nio-8080-exec-1] c.l.c.c.a.ExceptionAdvice [ExceptionAdvice.java:28] org.springframework.web.filter.RequestContextFilter.doFilterInternal(RequestContextFilter.java:100)
2022-11-08 11:00:38,157 ERROR [http-nio-8080-exec-1] c.l.c.c.a.ExceptionAdvice [ExceptionAdvice.java:28] org.springframework.web.filter.OncePerRequestFilter.doFilter(OncePerRequestFilter.java:119)
2022-11-08 11:00:38,158 ERROR [http-nio-8080-exec-1] c.l.c.c.a.ExceptionAdvice [ExceptionAdvice.java:28] org.apache.catalina.core.ApplicationFilterChain.internalDoFilter(ApplicationFilterChain.java:193)
2022-11-08 11:00:38,158 ERROR [http-nio-8080-exec-1] c.l.c.c.a.ExceptionAdvice [ExceptionAdvice.java:28] org.apache.catalina.core.ApplicationFilterChain.doFilter(ApplicationFilterChain.java:166)
2022-11-08 11:00:38,158 ERROR [http-nio-8080-exec-1] c.l.c.c.a.ExceptionAdvice [ExceptionAdvice.java:28] org.springframework.web.filter.FormContentFilter.doFilterInternal(FormContentFilter.java:93)
2022-11-08 11:00:38,158 ERROR [http-nio-8080-exec-1] c.l.c.c.a.ExceptionAdvice [ExceptionAdvice.java:28] org.springframework.web.filter.OncePerRequestFilter.doFilter(OncePerRequestFilter.java:119)
2022-11-08 11:00:38,158 ERROR [http-nio-8080-exec-1] c.l.c.c.a.ExceptionAdvice [ExceptionAdvice.java:28] org.apache.catalina.core.ApplicationFilterChain.internalDoFilter(ApplicationFilterChain.java:193)
2022-11-08 11:00:38,159 ERROR [http-nio-8080-exec-1] c.l.c.c.a.ExceptionAdvice [ExceptionAdvice.java:28] org.apache.catalina.core.ApplicationFilterChain.doFilter(ApplicationFilterChain.java:166)
2022-11-08 11:00:38,159 ERROR [http-nio-8080-exec-1] c.l.c.c.a.ExceptionAdvice [ExceptionAdvice.java:28] org.springframework.web.filter.CharacterEncodingFilter.doFilterInternal(CharacterEncodingFilter.java:201)
2022-11-08 11:00:38,159 ERROR [http-nio-8080-exec-1] c.l.c.c.a.ExceptionAdvice [ExceptionAdvice.java:28] org.springframework.web.filter.OncePerRequestFilter.doFilter(OncePerRequestFilter.java:119)
2022-11-08 11:00:38,160 ERROR [http-nio-8080-exec-1] c.l.c.c.a.ExceptionAdvice [ExceptionAdvice.java:28] org.apache.catalina.core.ApplicationFilterChain.internalDoFilter(ApplicationFilterChain.java:193)
2022-11-08 11:00:38,160 ERROR [http-nio-8080-exec-1] c.l.c.c.a.ExceptionAdvice [ExceptionAdvice.java:28] org.apache.catalina.core.ApplicationFilterChain.doFilter(ApplicationFilterChain.java:166)
2022-11-08 11:00:38,160 ERROR [http-nio-8080-exec-1] c.l.c.c.a.ExceptionAdvice [ExceptionAdvice.java:28] org.apache.catalina.core.StandardWrapperValve.invoke(StandardWrapperValve.java:202)
2022-11-08 11:00:38,160 ERROR [http-nio-8080-exec-1] c.l.c.c.a.ExceptionAdvice [ExceptionAdvice.java:28] org.apache.catalina.core.StandardContextValve.invoke(StandardContextValve.java:96)
2022-11-08 11:00:38,160 ERROR [http-nio-8080-exec-1] c.l.c.c.a.ExceptionAdvice [ExceptionAdvice.java:28] org.apache.catalina.authenticator.AuthenticatorBase.invoke(AuthenticatorBase.java:526)
2022-11-08 11:00:38,161 ERROR [http-nio-8080-exec-1] c.l.c.c.a.ExceptionAdvice [ExceptionAdvice.java:28] org.apache.catalina.core.StandardHostValve.invoke(StandardHostValve.java:139)
2022-11-08 11:00:38,161 ERROR [http-nio-8080-exec-1] c.l.c.c.a.ExceptionAdvice [ExceptionAdvice.java:28] org.apache.catalina.valves.ErrorReportValve.invoke(ErrorReportValve.java:92)
2022-11-08 11:00:38,161 ERROR [http-nio-8080-exec-1] c.l.c.c.a.ExceptionAdvice [ExceptionAdvice.java:28] org.apache.catalina.core.StandardEngineValve.invoke(StandardEngineValve.java:74)
2022-11-08 11:00:38,161 ERROR [http-nio-8080-exec-1] c.l.c.c.a.ExceptionAdvice [ExceptionAdvice.java:28] org.apache.catalina.connector.CoyoteAdapter.service(CoyoteAdapter.java:343)
2022-11-08 11:00:38,161 ERROR [http-nio-8080-exec-1] c.l.c.c.a.ExceptionAdvice [ExceptionAdvice.java:28] org.apache.coyote.http11.Http11Processor.service(Http11Processor.java:367)
2022-11-08 11:00:38,162 ERROR [http-nio-8080-exec-1] c.l.c.c.a.ExceptionAdvice [ExceptionAdvice.java:28] org.apache.coyote.AbstractProcessorLight.process(AbstractProcessorLight.java:65)
2022-11-08 11:00:38,162 ERROR [http-nio-8080-exec-1] c.l.c.c.a.ExceptionAdvice [ExceptionAdvice.java:28] org.apache.coyote.AbstractProtocol$ConnectionHandler.process(AbstractProtocol.java:860)
2022-11-08 11:00:38,162 ERROR [http-nio-8080-exec-1] c.l.c.c.a.ExceptionAdvice [ExceptionAdvice.java:28] org.apache.tomcat.util.net.NioEndpoint$SocketProcessor.doRun(NioEndpoint.java:1591)
2022-11-08 11:00:38,163 ERROR [http-nio-8080-exec-1] c.l.c.c.a.ExceptionAdvice [ExceptionAdvice.java:28] org.apache.tomcat.util.net.SocketProcessorBase.run(SocketProcessorBase.java:49)
2022-11-08 11:00:38,163 ERROR [http-nio-8080-exec-1] c.l.c.c.a.ExceptionAdvice [ExceptionAdvice.java:28] java.util.concurrent.ThreadPoolExecutor.runWorker(ThreadPoolExecutor.java:1149)
2022-11-08 11:00:38,163 ERROR [http-nio-8080-exec-1] c.l.c.c.a.ExceptionAdvice [ExceptionAdvice.java:28] java.util.concurrent.ThreadPoolExecutor$Worker.run(ThreadPoolExecutor.java:624)
2022-11-08 11:00:38,164 ERROR [http-nio-8080-exec-1] c.l.c.c.a.ExceptionAdvice [ExceptionAdvice.java:28] org.apache.tomcat.util.threads.TaskThread$WrappingRunnable.run(TaskThread.java:61)
2022-11-08 11:00:38,164 ERROR [http-nio-8080-exec-1] c.l.c.c.a.ExceptionAdvice [ExceptionAdvice.java:28] java.lang.Thread.run(Thread.java:748)
2022-11-08 11:01:50,945 ERROR [http-nio-8080-exec-8] c.l.c.c.a.ExceptionAdvice [ExceptionAdvice.java:26] 服务器发生异常: For input string: "abc"
2022-11-08 11:01:50,947 ERROR [http-nio-8080-exec-8] c.l.c.c.a.ExceptionAdvice [ExceptionAdvice.java:28] java.lang.NumberFormatException.forInputString(NumberFormatException.java:65)
2022-11-08 11:01:50,948 ERROR [http-nio-8080-exec-8] c.l.c.c.a.ExceptionAdvice [ExceptionAdvice.java:28] java.lang.Integer.parseInt(Integer.java:580)
2022-11-08 11:01:50,948 ERROR [http-nio-8080-exec-8] c.l.c.c.a.ExceptionAdvice [ExceptionAdvice.java:28] java.lang.Integer.valueOf(Integer.java:766)
2022-11-08 11:01:50,949 ERROR [http-nio-8080-exec-8] c.l.c.c.a.ExceptionAdvice [ExceptionAdvice.java:28] com.ljn.communityljn.controller.MessageController.sendLetter(MessageController.java:133)
2022-11-08 11:01:50,949 ERROR [http-nio-8080-exec-8] c.l.c.c.a.ExceptionAdvice [ExceptionAdvice.java:28] sun.reflect.NativeMethodAccessorImpl.invoke0(Native Method)
2022-11-08 11:01:50,951 ERROR [http-nio-8080-exec-8] c.l.c.c.a.ExceptionAdvice [ExceptionAdvice.java:28] sun.reflect.NativeMethodAccessorImpl.invoke(NativeMethodAccessorImpl.java:62)
2022-11-08 11:01:50,953 ERROR [http-nio-8080-exec-8] c.l.c.c.a.ExceptionAdvice [ExceptionAdvice.java:28] sun.reflect.DelegatingMethodAccessorImpl.invoke(DelegatingMethodAccessorImpl.java:43)
2022-11-08 11:01:50,954 ERROR [http-nio-8080-exec-8] c.l.c.c.a.ExceptionAdvice [ExceptionAdvice.java:28] java.lang.reflect.Method.invoke(Method.java:498)
2022-11-08 11:01:50,954 ERROR [http-nio-8080-exec-8] c.l.c.c.a.ExceptionAdvice [ExceptionAdvice.java:28] org.springframework.web.method.support.InvocableHandlerMethod.doInvoke(InvocableHandlerMethod.java:190)
2022-11-08 11:01:50,955 ERROR [http-nio-8080-exec-8] c.l.c.c.a.ExceptionAdvice [ExceptionAdvice.java:28] org.springframework.web.method.support.InvocableHandlerMethod.invokeForRequest(InvocableHandlerMethod.java:138)
2022-11-08 11:01:50,955 ERROR [http-nio-8080-exec-8] c.l.c.c.a.ExceptionAdvice [ExceptionAdvice.java:28] org.springframework.web.servlet.mvc.method.annotation.ServletInvocableHandlerMethod.invokeAndHandle(ServletInvocableHandlerMethod.java:106)
2022-11-08 11:01:50,956 ERROR [http-nio-8080-exec-8] c.l.c.c.a.ExceptionAdvice [ExceptionAdvice.java:28] org.springframework.web.servlet.mvc.method.annotation.RequestMappingHandlerAdapter.invokeHandlerMethod(RequestMappingHandlerAdapter.java:888)
2022-11-08 11:01:50,956 ERROR [http-nio-8080-exec-8] c.l.c.c.a.ExceptionAdvice [ExceptionAdvice.java:28] org.springframework.web.servlet.mvc.method.annotation.RequestMappingHandlerAdapter.handleInternal(RequestMappingHandlerAdapter.java:793)
2022-11-08 11:01:50,957 ERROR [http-nio-8080-exec-8] c.l.c.c.a.ExceptionAdvice [ExceptionAdvice.java:28] org.springframework.web.servlet.mvc.method.AbstractHandlerMethodAdapter.handle(AbstractHandlerMethodAdapter.java:87)
2022-11-08 11:01:50,957 ERROR [http-nio-8080-exec-8] c.l.c.c.a.ExceptionAdvice [ExceptionAdvice.java:28] org.springframework.web.servlet.DispatcherServlet.doDispatch(DispatcherServlet.java:1040)
2022-11-08 11:01:50,958 ERROR [http-nio-8080-exec-8] c.l.c.c.a.ExceptionAdvice [ExceptionAdvice.java:28] org.springframework.web.servlet.DispatcherServlet.doService(DispatcherServlet.java:943)
2022-11-08 11:01:50,959 ERROR [http-nio-8080-exec-8] c.l.c.c.a.ExceptionAdvice [ExceptionAdvice.java:28] org.springframework.web.servlet.FrameworkServlet.processRequest(FrameworkServlet.java:1006)
2022-11-08 11:01:50,960 ERROR [http-nio-8080-exec-8] c.l.c.c.a.ExceptionAdvice [ExceptionAdvice.java:28] org.springframework.web.servlet.FrameworkServlet.doPost(FrameworkServlet.java:909)
2022-11-08 11:01:50,960 ERROR [http-nio-8080-exec-8] c.l.c.c.a.ExceptionAdvice [ExceptionAdvice.java:28] javax.servlet.http.HttpServlet.service(HttpServlet.java:660)
2022-11-08 11:01:50,960 ERROR [http-nio-8080-exec-8] c.l.c.c.a.ExceptionAdvice [ExceptionAdvice.java:28] org.springframework.web.servlet.FrameworkServlet.service(FrameworkServlet.java:883)
2022-11-08 11:01:50,961 ERROR [http-nio-8080-exec-8] c.l.c.c.a.ExceptionAdvice [ExceptionAdvice.java:28] javax.servlet.http.HttpServlet.service(HttpServlet.java:741)
2022-11-08 11:01:50,962 ERROR [http-nio-8080-exec-8] c.l.c.c.a.ExceptionAdvice [ExceptionAdvice.java:28] org.apache.catalina.core.ApplicationFilterChain.internalDoFilter(ApplicationFilterChain.java:231)
2022-11-08 11:01:50,963 ERROR [http-nio-8080-exec-8] c.l.c.c.a.ExceptionAdvice [ExceptionAdvice.java:28] org.apache.catalina.core.ApplicationFilterChain.doFilter(ApplicationFilterChain.java:166)
2022-11-08 11:01:50,964 ERROR [http-nio-8080-exec-8] c.l.c.c.a.ExceptionAdvice [ExceptionAdvice.java:28] org.apache.tomcat.websocket.server.WsFilter.doFilter(WsFilter.java:53)
2022-11-08 11:01:50,964 ERROR [http-nio-8080-exec-8] c.l.c.c.a.ExceptionAdvice [ExceptionAdvice.java:28] org.apache.catalina.core.ApplicationFilterChain.internalDoFilter(ApplicationFilterChain.java:193)
2022-11-08 11:01:50,964 ERROR [http-nio-8080-exec-8] c.l.c.c.a.ExceptionAdvice [ExceptionAdvice.java:28] org.apache.catalina.core.ApplicationFilterChain.doFilter(ApplicationFilterChain.java:166)
2022-11-08 11:01:50,964 ERROR [http-nio-8080-exec-8] c.l.c.c.a.ExceptionAdvice [ExceptionAdvice.java:28] org.springframework.web.filter.RequestContextFilter.doFilterInternal(RequestContextFilter.java:100)
2022-11-08 11:01:50,965 ERROR [http-nio-8080-exec-8] c.l.c.c.a.ExceptionAdvice [ExceptionAdvice.java:28] org.springframework.web.filter.OncePerRequestFilter.doFilter(OncePerRequestFilter.java:119)
2022-11-08 11:01:50,965 ERROR [http-nio-8080-exec-8] c.l.c.c.a.ExceptionAdvice [ExceptionAdvice.java:28] org.apache.catalina.core.ApplicationFilterChain.internalDoFilter(ApplicationFilterChain.java:193)
2022-11-08 11:01:50,965 ERROR [http-nio-8080-exec-8] c.l.c.c.a.ExceptionAdvice [ExceptionAdvice.java:28] org.apache.catalina.core.ApplicationFilterChain.doFilter(ApplicationFilterChain.java:166)
2022-11-08 11:01:50,965 ERROR [http-nio-8080-exec-8] c.l.c.c.a.ExceptionAdvice [ExceptionAdvice.java:28] org.springframework.web.filter.FormContentFilter.doFilterInternal(FormContentFilter.java:93)
2022-11-08 11:01:50,965 ERROR [http-nio-8080-exec-8] c.l.c.c.a.ExceptionAdvice [ExceptionAdvice.java:28] org.springframework.web.filter.OncePerRequestFilter.doFilter(OncePerRequestFilter.java:119)
2022-11-08 11:01:50,966 ERROR [http-nio-8080-exec-8] c.l.c.c.a.ExceptionAdvice [ExceptionAdvice.java:28] org.apache.catalina.core.ApplicationFilterChain.internalDoFilter(ApplicationFilterChain.java:193)
2022-11-08 11:01:50,966 ERROR [http-nio-8080-exec-8] c.l.c.c.a.ExceptionAdvice [ExceptionAdvice.java:28] org.apache.catalina.core.ApplicationFilterChain.doFilter(ApplicationFilterChain.java:166)
2022-11-08 11:01:50,966 ERROR [http-nio-8080-exec-8] c.l.c.c.a.ExceptionAdvice [ExceptionAdvice.java:28] org.springframework.web.filter.CharacterEncodingFilter.doFilterInternal(CharacterEncodingFilter.java:201)
2022-11-08 11:01:50,967 ERROR [http-nio-8080-exec-8] c.l.c.c.a.ExceptionAdvice [ExceptionAdvice.java:28] org.springframework.web.filter.OncePerRequestFilter.doFilter(OncePerRequestFilter.java:119)
2022-11-08 11:01:50,967 ERROR [http-nio-8080-exec-8] c.l.c.c.a.ExceptionAdvice [ExceptionAdvice.java:28] org.apache.catalina.core.ApplicationFilterChain.internalDoFilter(ApplicationFilterChain.java:193)
2022-11-08 11:01:50,967 ERROR [http-nio-8080-exec-8] c.l.c.c.a.ExceptionAdvice [ExceptionAdvice.java:28] org.apache.catalina.core.ApplicationFilterChain.doFilter(ApplicationFilterChain.java:166)
2022-11-08 11:01:50,968 ERROR [http-nio-8080-exec-8] c.l.c.c.a.ExceptionAdvice [ExceptionAdvice.java:28] org.apache.catalina.core.StandardWrapperValve.invoke(StandardWrapperValve.java:202)
2022-11-08 11:01:50,969 ERROR [http-nio-8080-exec-8] c.l.c.c.a.ExceptionAdvice [ExceptionAdvice.java:28] org.apache.catalina.core.StandardContextValve.invoke(StandardContextValve.java:96)
2022-11-08 11:01:50,970 ERROR [http-nio-8080-exec-8] c.l.c.c.a.ExceptionAdvice [ExceptionAdvice.java:28] org.apache.catalina.authenticator.AuthenticatorBase.invoke(AuthenticatorBase.java:526)
2022-11-08 11:01:50,971 ERROR [http-nio-8080-exec-8] c.l.c.c.a.ExceptionAdvice [ExceptionAdvice.java:28] org.apache.catalina.core.StandardHostValve.invoke(StandardHostValve.java:139)
2022-11-08 11:01:50,971 ERROR [http-nio-8080-exec-8] c.l.c.c.a.ExceptionAdvice [ExceptionAdvice.java:28] org.apache.catalina.valves.ErrorReportValve.invoke(ErrorReportValve.java:92)
2022-11-08 11:01:50,971 ERROR [http-nio-8080-exec-8] c.l.c.c.a.ExceptionAdvice [ExceptionAdvice.java:28] org.apache.catalina.core.StandardEngineValve.invoke(StandardEngineValve.java:74)
2022-11-08 11:01:50,972 ERROR [http-nio-8080-exec-8] c.l.c.c.a.ExceptionAdvice [ExceptionAdvice.java:28] org.apache.catalina.connector.CoyoteAdapter.service(CoyoteAdapter.java:343)
2022-11-08 11:01:50,972 ERROR [http-nio-8080-exec-8] c.l.c.c.a.ExceptionAdvice [ExceptionAdvice.java:28] org.apache.coyote.http11.Http11Processor.service(Http11Processor.java:367)
2022-11-08 11:01:50,972 ERROR [http-nio-8080-exec-8] c.l.c.c.a.ExceptionAdvice [ExceptionAdvice.java:28] org.apache.coyote.AbstractProcessorLight.process(AbstractProcessorLight.java:65)
2022-11-08 11:01:50,973 ERROR [http-nio-8080-exec-8] c.l.c.c.a.ExceptionAdvice [ExceptionAdvice.java:28] org.apache.coyote.AbstractProtocol$ConnectionHandler.process(AbstractProtocol.java:860)
2022-11-08 11:01:50,973 ERROR [http-nio-8080-exec-8] c.l.c.c.a.ExceptionAdvice [ExceptionAdvice.java:28] org.apache.tomcat.util.net.NioEndpoint$SocketProcessor.doRun(NioEndpoint.java:1591)
2022-11-08 11:01:50,973 ERROR [http-nio-8080-exec-8] c.l.c.c.a.ExceptionAdvice [ExceptionAdvice.java:28] org.apache.tomcat.util.net.SocketProcessorBase.run(SocketProcessorBase.java:49)
2022-11-08 11:01:50,973 ERROR [http-nio-8080-exec-8] c.l.c.c.a.ExceptionAdvice [ExceptionAdvice.java:28] java.util.concurrent.ThreadPoolExecutor.runWorker(ThreadPoolExecutor.java:1149)
2022-11-08 11:01:50,974 ERROR [http-nio-8080-exec-8] c.l.c.c.a.ExceptionAdvice [ExceptionAdvice.java:28] java.util.concurrent.ThreadPoolExecutor$Worker.run(ThreadPoolExecutor.java:624)
2022-11-08 11:01:50,974 ERROR [http-nio-8080-exec-8] c.l.c.c.a.ExceptionAdvice [ExceptionAdvice.java:28] org.apache.tomcat.util.threads.TaskThread$WrappingRunnable.run(TaskThread.java:61)
2022-11-08 11:01:50,974 ERROR [http-nio-8080-exec-8] c.l.c.c.a.ExceptionAdvice [ExceptionAdvice.java:28] java.lang.Thread.run(Thread.java:748)
2022-11-08 21:00:39,104 ERROR [restartedMain] o.s.b.SpringApplication [SpringApplication.java:826] Application run failed
java.lang.IllegalStateException: Error processing condition on org.springframework.boot.autoconfigure.context.PropertyPlaceholderAutoConfiguration.propertySourcesPlaceholderConfigurer
	at org.springframework.boot.autoconfigure.condition.SpringBootCondition.matches(SpringBootCondition.java:60)
	at org.springframework.context.annotation.ConditionEvaluator.shouldSkip(ConditionEvaluator.java:108)
	at org.springframework.context.annotation.ConfigurationClassBeanDefinitionReader.loadBeanDefinitionsForBeanMethod(ConfigurationClassBeanDefinitionReader.java:184)
	at org.springframework.context.annotation.ConfigurationClassBeanDefinitionReader.loadBeanDefinitionsForConfigurationClass(ConfigurationClassBeanDefinitionReader.java:144)
	at org.springframework.context.annotation.ConfigurationClassBeanDefinitionReader.loadBeanDefinitions(ConfigurationClassBeanDefinitionReader.java:120)
	at org.springframework.context.annotation.ConfigurationClassPostProcessor.processConfigBeanDefinitions(ConfigurationClassPostProcessor.java:337)
	at org.springframework.context.annotation.ConfigurationClassPostProcessor.postProcessBeanDefinitionRegistry(ConfigurationClassPostProcessor.java:242)
	at org.springframework.context.support.PostProcessorRegistrationDelegate.invokeBeanDefinitionRegistryPostProcessors(PostProcessorRegistrationDelegate.java:275)
	at org.springframework.context.support.PostProcessorRegistrationDelegate.invokeBeanFactoryPostProcessors(PostProcessorRegistrationDelegate.java:95)
	at org.springframework.context.support.AbstractApplicationContext.invokeBeanFactoryPostProcessors(AbstractApplicationContext.java:706)
	at org.springframework.context.support.AbstractApplicationContext.refresh(AbstractApplicationContext.java:532)
	at org.springframework.boot.web.servlet.context.ServletWebServerApplicationContext.refresh(ServletWebServerApplicationContext.java:141)
	at org.springframework.boot.SpringApplication.refresh(SpringApplication.java:747)
	at org.springframework.boot.SpringApplication.refreshContext(SpringApplication.java:397)
	at org.springframework.boot.SpringApplication.run(SpringApplication.java:315)
	at org.springframework.boot.SpringApplication.run(SpringApplication.java:1226)
	at org.springframework.boot.SpringApplication.run(SpringApplication.java:1215)
	at com.ljn.communityljn.CommunityLjnApplication.main(CommunityLjnApplication.java:10)
	at sun.reflect.NativeMethodAccessorImpl.invoke0(Native Method)
	at sun.reflect.NativeMethodAccessorImpl.invoke(NativeMethodAccessorImpl.java:62)
	at sun.reflect.DelegatingMethodAccessorImpl.invoke(DelegatingMethodAccessorImpl.java:43)
	at java.lang.reflect.Method.invoke(Method.java:498)
	at org.springframework.boot.devtools.restart.RestartLauncher.run(RestartLauncher.java:49)
Caused by: java.lang.IllegalStateException: Failed to introspect Class [com.ljn.communityljn.config.RedisConfig] from ClassLoader [org.springframework.boot.devtools.restart.classloader.RestartClassLoader@7a8f82c7]
	at org.springframework.util.ReflectionUtils.getDeclaredMethods(ReflectionUtils.java:481)
	at org.springframework.util.ReflectionUtils.doWithMethods(ReflectionUtils.java:358)
	at org.springframework.util.ReflectionUtils.getUniqueDeclaredMethods(ReflectionUtils.java:414)
	at org.springframework.beans.factory.support.AbstractAutowireCapableBeanFactory.lambda$getTypeForFactoryMethod$2(AbstractAutowireCapableBeanFactory.java:743)
	at java.util.concurrent.ConcurrentHashMap.computeIfAbsent(ConcurrentHashMap.java:1660)
	at org.springframework.beans.factory.support.AbstractAutowireCapableBeanFactory.getTypeForFactoryMethod(AbstractAutowireCapableBeanFactory.java:742)
	at org.springframework.beans.factory.support.AbstractAutowireCapableBeanFactory.determineTargetType(AbstractAutowireCapableBeanFactory.java:681)
	at org.springframework.beans.factory.support.AbstractAutowireCapableBeanFactory.predictBeanType(AbstractAutowireCapableBeanFactory.java:649)
	at org.springframework.beans.factory.support.AbstractBeanFactory.isFactoryBean(AbstractBeanFactory.java:1604)
	at org.springframework.beans.factory.support.DefaultListableBeanFactory.doGetBeanNamesForType(DefaultListableBeanFactory.java:520)
	at org.springframework.beans.factory.support.DefaultListableBeanFactory.getBeanNamesForType(DefaultListableBeanFactory.java:491)
	at org.springframework.boot.autoconfigure.condition.OnBeanCondition.collectBeanNamesForType(OnBeanCondition.java:230)
	at org.springframework.boot.autoconfigure.condition.OnBeanCondition.getBeanNamesForType(OnBeanCondition.java:223)
	at org.springframework.boot.autoconfigure.condition.OnBeanCondition.getBeanNamesForType(OnBeanCondition.java:213)
	at org.springframework.boot.autoconfigure.condition.OnBeanCondition.getMatchingBeans(OnBeanCondition.java:167)
	at org.springframework.boot.autoconfigure.condition.OnBeanCondition.getMatchOutcome(OnBeanCondition.java:142)
	at org.springframework.boot.autoconfigure.condition.SpringBootCondition.matches(SpringBootCondition.java:47)
	... 22 common frames omitted
Caused by: java.lang.NoClassDefFoundError: org/springframework/data/redis/connection/RedisConnectionFactory
	at java.lang.Class.getDeclaredMethods0(Native Method)
	at java.lang.Class.privateGetDeclaredMethods(Class.java:2701)
	at java.lang.Class.getDeclaredMethods(Class.java:1975)
	at org.springframework.util.ReflectionUtils.getDeclaredMethods(ReflectionUtils.java:463)
	... 38 common frames omitted
Caused by: java.lang.ClassNotFoundException: org.springframework.data.redis.connection.RedisConnectionFactory
	at java.net.URLClassLoader.findClass(URLClassLoader.java:382)
	at java.lang.ClassLoader.loadClass(ClassLoader.java:424)
	at sun.misc.Launcher$AppClassLoader.loadClass(Launcher.java:349)
	at java.lang.ClassLoader.loadClass(ClassLoader.java:357)
	at org.springframework.boot.devtools.restart.classloader.RestartClassLoader.loadClass(RestartClassLoader.java:144)
	at java.lang.ClassLoader.loadClass(ClassLoader.java:357)
	... 42 common frames omitted
