2022-11-12 10:34:59,707 ERROR [http-nio-8080-exec-1] c.l.c.c.a.ExceptionAdvice [ExceptionAdvice.java:26] 服务器发生异常: Missing cookie 'ticket' for method parameter of type String
2022-11-12 10:34:59,712 ERROR [http-nio-8080-exec-1] c.l.c.c.a.ExceptionAdvice [ExceptionAdvice.java:28] org.springframework.web.method.annotation.AbstractCookieValueMethodArgumentResolver.handleMissingValue(AbstractCookieValueMethodArgumentResolver.java:70)
2022-11-12 10:34:59,712 ERROR [http-nio-8080-exec-1] c.l.c.c.a.ExceptionAdvice [ExceptionAdvice.java:28] org.springframework.web.method.annotation.AbstractNamedValueMethodArgumentResolver.handleMissingValue(AbstractNamedValueMethodArgumentResolver.java:221)
2022-11-12 10:34:59,712 ERROR [http-nio-8080-exec-1] c.l.c.c.a.ExceptionAdvice [ExceptionAdvice.java:28] org.springframework.web.method.annotation.AbstractNamedValueMethodArgumentResolver.resolveArgument(AbstractNamedValueMethodArgumentResolver.java:114)
2022-11-12 10:34:59,712 ERROR [http-nio-8080-exec-1] c.l.c.c.a.ExceptionAdvice [ExceptionAdvice.java:28] org.springframework.web.method.support.HandlerMethodArgumentResolverComposite.resolveArgument(HandlerMethodArgumentResolverComposite.java:121)
2022-11-12 10:34:59,713 ERROR [http-nio-8080-exec-1] c.l.c.c.a.ExceptionAdvice [ExceptionAdvice.java:28] org.springframework.web.method.support.InvocableHandlerMethod.getMethodArgumentValues(InvocableHandlerMethod.java:167)
2022-11-12 10:34:59,713 ERROR [http-nio-8080-exec-1] c.l.c.c.a.ExceptionAdvice [ExceptionAdvice.java:28] org.springframework.web.method.support.InvocableHandlerMethod.invokeForRequest(InvocableHandlerMethod.java:134)
2022-11-12 10:34:59,713 ERROR [http-nio-8080-exec-1] c.l.c.c.a.ExceptionAdvice [ExceptionAdvice.java:28] org.springframework.web.servlet.mvc.method.annotation.ServletInvocableHandlerMethod.invokeAndHandle(ServletInvocableHandlerMethod.java:106)
2022-11-12 10:34:59,713 ERROR [http-nio-8080-exec-1] c.l.c.c.a.ExceptionAdvice [ExceptionAdvice.java:28] org.springframework.web.servlet.mvc.method.annotation.RequestMappingHandlerAdapter.invokeHandlerMethod(RequestMappingHandlerAdapter.java:888)
2022-11-12 10:34:59,713 ERROR [http-nio-8080-exec-1] c.l.c.c.a.ExceptionAdvice [ExceptionAdvice.java:28] org.springframework.web.servlet.mvc.method.annotation.RequestMappingHandlerAdapter.handleInternal(RequestMappingHandlerAdapter.java:793)
2022-11-12 10:34:59,713 ERROR [http-nio-8080-exec-1] c.l.c.c.a.ExceptionAdvice [ExceptionAdvice.java:28] org.springframework.web.servlet.mvc.method.AbstractHandlerMethodAdapter.handle(AbstractHandlerMethodAdapter.java:87)
2022-11-12 10:34:59,714 ERROR [http-nio-8080-exec-1] c.l.c.c.a.ExceptionAdvice [ExceptionAdvice.java:28] org.springframework.web.servlet.DispatcherServlet.doDispatch(DispatcherServlet.java:1040)
2022-11-12 10:34:59,714 ERROR [http-nio-8080-exec-1] c.l.c.c.a.ExceptionAdvice [ExceptionAdvice.java:28] org.springframework.web.servlet.DispatcherServlet.doService(DispatcherServlet.java:943)
2022-11-12 10:34:59,714 ERROR [http-nio-8080-exec-1] c.l.c.c.a.ExceptionAdvice [ExceptionAdvice.java:28] org.springframework.web.servlet.FrameworkServlet.processRequest(FrameworkServlet.java:1006)
2022-11-12 10:34:59,714 ERROR [http-nio-8080-exec-1] c.l.c.c.a.ExceptionAdvice [ExceptionAdvice.java:28] org.springframework.web.servlet.FrameworkServlet.doGet(FrameworkServlet.java:898)
2022-11-12 10:34:59,714 ERROR [http-nio-8080-exec-1] c.l.c.c.a.ExceptionAdvice [ExceptionAdvice.java:28] javax.servlet.http.HttpServlet.service(HttpServlet.java:634)
2022-11-12 10:34:59,714 ERROR [http-nio-8080-exec-1] c.l.c.c.a.ExceptionAdvice [ExceptionAdvice.java:28] org.springframework.web.servlet.FrameworkServlet.service(FrameworkServlet.java:883)
2022-11-12 10:34:59,714 ERROR [http-nio-8080-exec-1] c.l.c.c.a.ExceptionAdvice [ExceptionAdvice.java:28] javax.servlet.http.HttpServlet.service(HttpServlet.java:741)
2022-11-12 10:34:59,715 ERROR [http-nio-8080-exec-1] c.l.c.c.a.ExceptionAdvice [ExceptionAdvice.java:28] org.apache.catalina.core.ApplicationFilterChain.internalDoFilter(ApplicationFilterChain.java:231)
2022-11-12 10:34:59,715 ERROR [http-nio-8080-exec-1] c.l.c.c.a.ExceptionAdvice [ExceptionAdvice.java:28] org.apache.catalina.core.ApplicationFilterChain.doFilter(ApplicationFilterChain.java:166)
2022-11-12 10:34:59,715 ERROR [http-nio-8080-exec-1] c.l.c.c.a.ExceptionAdvice [ExceptionAdvice.java:28] org.apache.tomcat.websocket.server.WsFilter.doFilter(WsFilter.java:53)
2022-11-12 10:34:59,715 ERROR [http-nio-8080-exec-1] c.l.c.c.a.ExceptionAdvice [ExceptionAdvice.java:28] org.apache.catalina.core.ApplicationFilterChain.internalDoFilter(ApplicationFilterChain.java:193)
2022-11-12 10:34:59,715 ERROR [http-nio-8080-exec-1] c.l.c.c.a.ExceptionAdvice [ExceptionAdvice.java:28] org.apache.catalina.core.ApplicationFilterChain.doFilter(ApplicationFilterChain.java:166)
2022-11-12 10:34:59,715 ERROR [http-nio-8080-exec-1] c.l.c.c.a.ExceptionAdvice [ExceptionAdvice.java:28] org.springframework.web.filter.RequestContextFilter.doFilterInternal(RequestContextFilter.java:100)
2022-11-12 10:34:59,716 ERROR [http-nio-8080-exec-1] c.l.c.c.a.ExceptionAdvice [ExceptionAdvice.java:28] org.springframework.web.filter.OncePerRequestFilter.doFilter(OncePerRequestFilter.java:119)
2022-11-12 10:34:59,716 ERROR [http-nio-8080-exec-1] c.l.c.c.a.ExceptionAdvice [ExceptionAdvice.java:28] org.apache.catalina.core.ApplicationFilterChain.internalDoFilter(ApplicationFilterChain.java:193)
2022-11-12 10:34:59,716 ERROR [http-nio-8080-exec-1] c.l.c.c.a.ExceptionAdvice [ExceptionAdvice.java:28] org.apache.catalina.core.ApplicationFilterChain.doFilter(ApplicationFilterChain.java:166)
2022-11-12 10:34:59,716 ERROR [http-nio-8080-exec-1] c.l.c.c.a.ExceptionAdvice [ExceptionAdvice.java:28] org.springframework.web.filter.FormContentFilter.doFilterInternal(FormContentFilter.java:93)
2022-11-12 10:34:59,716 ERROR [http-nio-8080-exec-1] c.l.c.c.a.ExceptionAdvice [ExceptionAdvice.java:28] org.springframework.web.filter.OncePerRequestFilter.doFilter(OncePerRequestFilter.java:119)
2022-11-12 10:34:59,716 ERROR [http-nio-8080-exec-1] c.l.c.c.a.ExceptionAdvice [ExceptionAdvice.java:28] org.apache.catalina.core.ApplicationFilterChain.internalDoFilter(ApplicationFilterChain.java:193)
2022-11-12 10:34:59,716 ERROR [http-nio-8080-exec-1] c.l.c.c.a.ExceptionAdvice [ExceptionAdvice.java:28] org.apache.catalina.core.ApplicationFilterChain.doFilter(ApplicationFilterChain.java:166)
2022-11-12 10:34:59,717 ERROR [http-nio-8080-exec-1] c.l.c.c.a.ExceptionAdvice [ExceptionAdvice.java:28] org.springframework.web.filter.CharacterEncodingFilter.doFilterInternal(CharacterEncodingFilter.java:201)
2022-11-12 10:34:59,717 ERROR [http-nio-8080-exec-1] c.l.c.c.a.ExceptionAdvice [ExceptionAdvice.java:28] org.springframework.web.filter.OncePerRequestFilter.doFilter(OncePerRequestFilter.java:119)
2022-11-12 10:34:59,717 ERROR [http-nio-8080-exec-1] c.l.c.c.a.ExceptionAdvice [ExceptionAdvice.java:28] org.apache.catalina.core.ApplicationFilterChain.internalDoFilter(ApplicationFilterChain.java:193)
2022-11-12 10:34:59,717 ERROR [http-nio-8080-exec-1] c.l.c.c.a.ExceptionAdvice [ExceptionAdvice.java:28] org.apache.catalina.core.ApplicationFilterChain.doFilter(ApplicationFilterChain.java:166)
2022-11-12 10:34:59,717 ERROR [http-nio-8080-exec-1] c.l.c.c.a.ExceptionAdvice [ExceptionAdvice.java:28] org.apache.catalina.core.StandardWrapperValve.invoke(StandardWrapperValve.java:202)
2022-11-12 10:34:59,717 ERROR [http-nio-8080-exec-1] c.l.c.c.a.ExceptionAdvice [ExceptionAdvice.java:28] org.apache.catalina.core.StandardContextValve.invoke(StandardContextValve.java:96)
2022-11-12 10:34:59,717 ERROR [http-nio-8080-exec-1] c.l.c.c.a.ExceptionAdvice [ExceptionAdvice.java:28] org.apache.catalina.authenticator.AuthenticatorBase.invoke(AuthenticatorBase.java:526)
2022-11-12 10:34:59,718 ERROR [http-nio-8080-exec-1] c.l.c.c.a.ExceptionAdvice [ExceptionAdvice.java:28] org.apache.catalina.core.StandardHostValve.invoke(StandardHostValve.java:139)
2022-11-12 10:34:59,718 ERROR [http-nio-8080-exec-1] c.l.c.c.a.ExceptionAdvice [ExceptionAdvice.java:28] org.apache.catalina.valves.ErrorReportValve.invoke(ErrorReportValve.java:92)
2022-11-12 10:34:59,718 ERROR [http-nio-8080-exec-1] c.l.c.c.a.ExceptionAdvice [ExceptionAdvice.java:28] org.apache.catalina.core.StandardEngineValve.invoke(StandardEngineValve.java:74)
2022-11-12 10:34:59,718 ERROR [http-nio-8080-exec-1] c.l.c.c.a.ExceptionAdvice [ExceptionAdvice.java:28] org.apache.catalina.connector.CoyoteAdapter.service(CoyoteAdapter.java:343)
2022-11-12 10:34:59,718 ERROR [http-nio-8080-exec-1] c.l.c.c.a.ExceptionAdvice [ExceptionAdvice.java:28] org.apache.coyote.http11.Http11Processor.service(Http11Processor.java:367)
2022-11-12 10:34:59,719 ERROR [http-nio-8080-exec-1] c.l.c.c.a.ExceptionAdvice [ExceptionAdvice.java:28] org.apache.coyote.AbstractProcessorLight.process(AbstractProcessorLight.java:65)
2022-11-12 10:34:59,719 ERROR [http-nio-8080-exec-1] c.l.c.c.a.ExceptionAdvice [ExceptionAdvice.java:28] org.apache.coyote.AbstractProtocol$ConnectionHandler.process(AbstractProtocol.java:860)
2022-11-12 10:34:59,719 ERROR [http-nio-8080-exec-1] c.l.c.c.a.ExceptionAdvice [ExceptionAdvice.java:28] org.apache.tomcat.util.net.NioEndpoint$SocketProcessor.doRun(NioEndpoint.java:1591)
2022-11-12 10:34:59,719 ERROR [http-nio-8080-exec-1] c.l.c.c.a.ExceptionAdvice [ExceptionAdvice.java:28] org.apache.tomcat.util.net.SocketProcessorBase.run(SocketProcessorBase.java:49)
2022-11-12 10:34:59,719 ERROR [http-nio-8080-exec-1] c.l.c.c.a.ExceptionAdvice [ExceptionAdvice.java:28] java.util.concurrent.ThreadPoolExecutor.runWorker(ThreadPoolExecutor.java:1149)
2022-11-12 10:34:59,719 ERROR [http-nio-8080-exec-1] c.l.c.c.a.ExceptionAdvice [ExceptionAdvice.java:28] java.util.concurrent.ThreadPoolExecutor$Worker.run(ThreadPoolExecutor.java:624)
2022-11-12 10:34:59,719 ERROR [http-nio-8080-exec-1] c.l.c.c.a.ExceptionAdvice [ExceptionAdvice.java:28] org.apache.tomcat.util.threads.TaskThread$WrappingRunnable.run(TaskThread.java:61)
2022-11-12 10:34:59,720 ERROR [http-nio-8080-exec-1] c.l.c.c.a.ExceptionAdvice [ExceptionAdvice.java:28] java.lang.Thread.run(Thread.java:748)
2022-11-12 10:57:58,196 ERROR [http-nio-8080-exec-4] c.l.c.c.a.ExceptionAdvice [ExceptionAdvice.java:26] 服务器发生异常: Missing cookie 'kaptchaOwner' for method parameter of type String
2022-11-12 10:57:58,196 ERROR [http-nio-8080-exec-4] c.l.c.c.a.ExceptionAdvice [ExceptionAdvice.java:28] org.springframework.web.method.annotation.AbstractCookieValueMethodArgumentResolver.handleMissingValue(AbstractCookieValueMethodArgumentResolver.java:70)
2022-11-12 10:57:58,197 ERROR [http-nio-8080-exec-4] c.l.c.c.a.ExceptionAdvice [ExceptionAdvice.java:28] org.springframework.web.method.annotation.AbstractNamedValueMethodArgumentResolver.handleMissingValue(AbstractNamedValueMethodArgumentResolver.java:221)
2022-11-12 10:57:58,197 ERROR [http-nio-8080-exec-4] c.l.c.c.a.ExceptionAdvice [ExceptionAdvice.java:28] org.springframework.web.method.annotation.AbstractNamedValueMethodArgumentResolver.resolveArgument(AbstractNamedValueMethodArgumentResolver.java:114)
2022-11-12 10:57:58,197 ERROR [http-nio-8080-exec-4] c.l.c.c.a.ExceptionAdvice [ExceptionAdvice.java:28] org.springframework.web.method.support.HandlerMethodArgumentResolverComposite.resolveArgument(HandlerMethodArgumentResolverComposite.java:121)
2022-11-12 10:57:58,197 ERROR [http-nio-8080-exec-4] c.l.c.c.a.ExceptionAdvice [ExceptionAdvice.java:28] org.springframework.web.method.support.InvocableHandlerMethod.getMethodArgumentValues(InvocableHandlerMethod.java:167)
2022-11-12 10:57:58,198 ERROR [http-nio-8080-exec-4] c.l.c.c.a.ExceptionAdvice [ExceptionAdvice.java:28] org.springframework.web.method.support.InvocableHandlerMethod.invokeForRequest(InvocableHandlerMethod.java:134)
2022-11-12 10:57:58,198 ERROR [http-nio-8080-exec-4] c.l.c.c.a.ExceptionAdvice [ExceptionAdvice.java:28] org.springframework.web.servlet.mvc.method.annotation.ServletInvocableHandlerMethod.invokeAndHandle(ServletInvocableHandlerMethod.java:106)
2022-11-12 10:57:58,198 ERROR [http-nio-8080-exec-4] c.l.c.c.a.ExceptionAdvice [ExceptionAdvice.java:28] org.springframework.web.servlet.mvc.method.annotation.RequestMappingHandlerAdapter.invokeHandlerMethod(RequestMappingHandlerAdapter.java:888)
2022-11-12 10:57:58,199 ERROR [http-nio-8080-exec-4] c.l.c.c.a.ExceptionAdvice [ExceptionAdvice.java:28] org.springframework.web.servlet.mvc.method.annotation.RequestMappingHandlerAdapter.handleInternal(RequestMappingHandlerAdapter.java:793)
2022-11-12 10:57:58,199 ERROR [http-nio-8080-exec-4] c.l.c.c.a.ExceptionAdvice [ExceptionAdvice.java:28] org.springframework.web.servlet.mvc.method.AbstractHandlerMethodAdapter.handle(AbstractHandlerMethodAdapter.java:87)
2022-11-12 10:57:58,199 ERROR [http-nio-8080-exec-4] c.l.c.c.a.ExceptionAdvice [ExceptionAdvice.java:28] org.springframework.web.servlet.DispatcherServlet.doDispatch(DispatcherServlet.java:1040)
2022-11-12 10:57:58,199 ERROR [http-nio-8080-exec-4] c.l.c.c.a.ExceptionAdvice [ExceptionAdvice.java:28] org.springframework.web.servlet.DispatcherServlet.doService(DispatcherServlet.java:943)
2022-11-12 10:57:58,199 ERROR [http-nio-8080-exec-4] c.l.c.c.a.ExceptionAdvice [ExceptionAdvice.java:28] org.springframework.web.servlet.FrameworkServlet.processRequest(FrameworkServlet.java:1006)
2022-11-12 10:57:58,200 ERROR [http-nio-8080-exec-4] c.l.c.c.a.ExceptionAdvice [ExceptionAdvice.java:28] org.springframework.web.servlet.FrameworkServlet.doPost(FrameworkServlet.java:909)
2022-11-12 10:57:58,200 ERROR [http-nio-8080-exec-4] c.l.c.c.a.ExceptionAdvice [ExceptionAdvice.java:28] javax.servlet.http.HttpServlet.service(HttpServlet.java:660)
2022-11-12 10:57:58,200 ERROR [http-nio-8080-exec-4] c.l.c.c.a.ExceptionAdvice [ExceptionAdvice.java:28] org.springframework.web.servlet.FrameworkServlet.service(FrameworkServlet.java:883)
2022-11-12 10:57:58,200 ERROR [http-nio-8080-exec-4] c.l.c.c.a.ExceptionAdvice [ExceptionAdvice.java:28] javax.servlet.http.HttpServlet.service(HttpServlet.java:741)
2022-11-12 10:57:58,200 ERROR [http-nio-8080-exec-4] c.l.c.c.a.ExceptionAdvice [ExceptionAdvice.java:28] org.apache.catalina.core.ApplicationFilterChain.internalDoFilter(ApplicationFilterChain.java:231)
2022-11-12 10:57:58,200 ERROR [http-nio-8080-exec-4] c.l.c.c.a.ExceptionAdvice [ExceptionAdvice.java:28] org.apache.catalina.core.ApplicationFilterChain.doFilter(ApplicationFilterChain.java:166)
2022-11-12 10:57:58,201 ERROR [http-nio-8080-exec-4] c.l.c.c.a.ExceptionAdvice [ExceptionAdvice.java:28] org.apache.tomcat.websocket.server.WsFilter.doFilter(WsFilter.java:53)
2022-11-12 10:57:58,201 ERROR [http-nio-8080-exec-4] c.l.c.c.a.ExceptionAdvice [ExceptionAdvice.java:28] org.apache.catalina.core.ApplicationFilterChain.internalDoFilter(ApplicationFilterChain.java:193)
2022-11-12 10:57:58,201 ERROR [http-nio-8080-exec-4] c.l.c.c.a.ExceptionAdvice [ExceptionAdvice.java:28] org.apache.catalina.core.ApplicationFilterChain.doFilter(ApplicationFilterChain.java:166)
2022-11-12 10:57:58,201 ERROR [http-nio-8080-exec-4] c.l.c.c.a.ExceptionAdvice [ExceptionAdvice.java:28] org.springframework.web.filter.RequestContextFilter.doFilterInternal(RequestContextFilter.java:100)
2022-11-12 10:57:58,201 ERROR [http-nio-8080-exec-4] c.l.c.c.a.ExceptionAdvice [ExceptionAdvice.java:28] org.springframework.web.filter.OncePerRequestFilter.doFilter(OncePerRequestFilter.java:119)
2022-11-12 10:57:58,201 ERROR [http-nio-8080-exec-4] c.l.c.c.a.ExceptionAdvice [ExceptionAdvice.java:28] org.apache.catalina.core.ApplicationFilterChain.internalDoFilter(ApplicationFilterChain.java:193)
2022-11-12 10:57:58,202 ERROR [http-nio-8080-exec-4] c.l.c.c.a.ExceptionAdvice [ExceptionAdvice.java:28] org.apache.catalina.core.ApplicationFilterChain.doFilter(ApplicationFilterChain.java:166)
2022-11-12 10:57:58,202 ERROR [http-nio-8080-exec-4] c.l.c.c.a.ExceptionAdvice [ExceptionAdvice.java:28] org.springframework.web.filter.FormContentFilter.doFilterInternal(FormContentFilter.java:93)
2022-11-12 10:57:58,202 ERROR [http-nio-8080-exec-4] c.l.c.c.a.ExceptionAdvice [ExceptionAdvice.java:28] org.springframework.web.filter.OncePerRequestFilter.doFilter(OncePerRequestFilter.java:119)
2022-11-12 10:57:58,202 ERROR [http-nio-8080-exec-4] c.l.c.c.a.ExceptionAdvice [ExceptionAdvice.java:28] org.apache.catalina.core.ApplicationFilterChain.internalDoFilter(ApplicationFilterChain.java:193)
2022-11-12 10:57:58,202 ERROR [http-nio-8080-exec-4] c.l.c.c.a.ExceptionAdvice [ExceptionAdvice.java:28] org.apache.catalina.core.ApplicationFilterChain.doFilter(ApplicationFilterChain.java:166)
2022-11-12 10:57:58,203 ERROR [http-nio-8080-exec-4] c.l.c.c.a.ExceptionAdvice [ExceptionAdvice.java:28] org.springframework.web.filter.CharacterEncodingFilter.doFilterInternal(CharacterEncodingFilter.java:201)
2022-11-12 10:57:58,203 ERROR [http-nio-8080-exec-4] c.l.c.c.a.ExceptionAdvice [ExceptionAdvice.java:28] org.springframework.web.filter.OncePerRequestFilter.doFilter(OncePerRequestFilter.java:119)
2022-11-12 10:57:58,203 ERROR [http-nio-8080-exec-4] c.l.c.c.a.ExceptionAdvice [ExceptionAdvice.java:28] org.apache.catalina.core.ApplicationFilterChain.internalDoFilter(ApplicationFilterChain.java:193)
2022-11-12 10:57:58,203 ERROR [http-nio-8080-exec-4] c.l.c.c.a.ExceptionAdvice [ExceptionAdvice.java:28] org.apache.catalina.core.ApplicationFilterChain.doFilter(ApplicationFilterChain.java:166)
2022-11-12 10:57:58,203 ERROR [http-nio-8080-exec-4] c.l.c.c.a.ExceptionAdvice [ExceptionAdvice.java:28] org.apache.catalina.core.StandardWrapperValve.invoke(StandardWrapperValve.java:202)
2022-11-12 10:57:58,203 ERROR [http-nio-8080-exec-4] c.l.c.c.a.ExceptionAdvice [ExceptionAdvice.java:28] org.apache.catalina.core.StandardContextValve.invoke(StandardContextValve.java:96)
2022-11-12 10:57:58,204 ERROR [http-nio-8080-exec-4] c.l.c.c.a.ExceptionAdvice [ExceptionAdvice.java:28] org.apache.catalina.authenticator.AuthenticatorBase.invoke(AuthenticatorBase.java:526)
2022-11-12 10:57:58,204 ERROR [http-nio-8080-exec-4] c.l.c.c.a.ExceptionAdvice [ExceptionAdvice.java:28] org.apache.catalina.core.StandardHostValve.invoke(StandardHostValve.java:139)
2022-11-12 10:57:58,204 ERROR [http-nio-8080-exec-4] c.l.c.c.a.ExceptionAdvice [ExceptionAdvice.java:28] org.apache.catalina.valves.ErrorReportValve.invoke(ErrorReportValve.java:92)
2022-11-12 10:57:58,204 ERROR [http-nio-8080-exec-4] c.l.c.c.a.ExceptionAdvice [ExceptionAdvice.java:28] org.apache.catalina.core.StandardEngineValve.invoke(StandardEngineValve.java:74)
2022-11-12 10:57:58,204 ERROR [http-nio-8080-exec-4] c.l.c.c.a.ExceptionAdvice [ExceptionAdvice.java:28] org.apache.catalina.connector.CoyoteAdapter.service(CoyoteAdapter.java:343)
2022-11-12 10:57:58,204 ERROR [http-nio-8080-exec-4] c.l.c.c.a.ExceptionAdvice [ExceptionAdvice.java:28] org.apache.coyote.http11.Http11Processor.service(Http11Processor.java:367)
2022-11-12 10:57:58,205 ERROR [http-nio-8080-exec-4] c.l.c.c.a.ExceptionAdvice [ExceptionAdvice.java:28] org.apache.coyote.AbstractProcessorLight.process(AbstractProcessorLight.java:65)
2022-11-12 10:57:58,205 ERROR [http-nio-8080-exec-4] c.l.c.c.a.ExceptionAdvice [ExceptionAdvice.java:28] org.apache.coyote.AbstractProtocol$ConnectionHandler.process(AbstractProtocol.java:860)
2022-11-12 10:57:58,205 ERROR [http-nio-8080-exec-4] c.l.c.c.a.ExceptionAdvice [ExceptionAdvice.java:28] org.apache.tomcat.util.net.NioEndpoint$SocketProcessor.doRun(NioEndpoint.java:1591)
2022-11-12 10:57:58,205 ERROR [http-nio-8080-exec-4] c.l.c.c.a.ExceptionAdvice [ExceptionAdvice.java:28] org.apache.tomcat.util.net.SocketProcessorBase.run(SocketProcessorBase.java:49)
2022-11-12 10:57:58,205 ERROR [http-nio-8080-exec-4] c.l.c.c.a.ExceptionAdvice [ExceptionAdvice.java:28] java.util.concurrent.ThreadPoolExecutor.runWorker(ThreadPoolExecutor.java:1149)
2022-11-12 10:57:58,205 ERROR [http-nio-8080-exec-4] c.l.c.c.a.ExceptionAdvice [ExceptionAdvice.java:28] java.util.concurrent.ThreadPoolExecutor$Worker.run(ThreadPoolExecutor.java:624)
2022-11-12 10:57:58,206 ERROR [http-nio-8080-exec-4] c.l.c.c.a.ExceptionAdvice [ExceptionAdvice.java:28] org.apache.tomcat.util.threads.TaskThread$WrappingRunnable.run(TaskThread.java:61)
2022-11-12 10:57:58,206 ERROR [http-nio-8080-exec-4] c.l.c.c.a.ExceptionAdvice [ExceptionAdvice.java:28] java.lang.Thread.run(Thread.java:748)
2022-11-12 15:06:36,526 ERROR [http-nio-8080-exec-3] o.a.c.c.C.[.[.[.[dispatcherServlet] [DirectJDKLog.java:175] Servlet.service() for servlet [dispatcherServlet] in context with path [/community] threw exception [Request processing failed; nested exception is org.springframework.web.multipart.MaxUploadSizeExceededException: Maximum upload size exceeded; nested exception is java.lang.IllegalStateException: org.apache.tomcat.util.http.fileupload.FileUploadBase$FileSizeLimitExceededException: The field headerImage exceeds its maximum permitted size of 1048576 bytes.] with root cause
org.apache.tomcat.util.http.fileupload.FileUploadBase$FileSizeLimitExceededException: The field headerImage exceeds its maximum permitted size of 1048576 bytes.
	at org.apache.tomcat.util.http.fileupload.FileUploadBase$FileItemIteratorImpl$FileItemStreamImpl$1.raiseError(FileUploadBase.java:633)
	at org.apache.tomcat.util.http.fileupload.util.LimitedInputStream.checkLimit(LimitedInputStream.java:76)
	at org.apache.tomcat.util.http.fileupload.util.LimitedInputStream.read(LimitedInputStream.java:135)
	at java.io.FilterInputStream.read(FilterInputStream.java:107)
	at org.apache.tomcat.util.http.fileupload.util.Streams.copy(Streams.java:98)
	at org.apache.tomcat.util.http.fileupload.FileUploadBase.parseRequest(FileUploadBase.java:294)
	at org.apache.catalina.connector.Request.parseParts(Request.java:2868)
	at org.apache.catalina.connector.Request.getParts(Request.java:2770)
	at org.apache.catalina.connector.RequestFacade.getParts(RequestFacade.java:1098)
	at org.springframework.web.multipart.support.StandardMultipartHttpServletRequest.parseRequest(StandardMultipartHttpServletRequest.java:95)
	at org.springframework.web.multipart.support.StandardMultipartHttpServletRequest.<init>(StandardMultipartHttpServletRequest.java:88)
	at org.springframework.web.multipart.support.StandardServletMultipartResolver.resolveMultipart(StandardServletMultipartResolver.java:87)
	at org.springframework.web.servlet.DispatcherServlet.checkMultipart(DispatcherServlet.java:1178)
	at org.springframework.web.servlet.DispatcherServlet.doDispatch(DispatcherServlet.java:1012)
	at org.springframework.web.servlet.DispatcherServlet.doService(DispatcherServlet.java:943)
	at org.springframework.web.servlet.FrameworkServlet.processRequest(FrameworkServlet.java:1006)
	at org.springframework.web.servlet.FrameworkServlet.doPost(FrameworkServlet.java:909)
	at javax.servlet.http.HttpServlet.service(HttpServlet.java:660)
	at org.springframework.web.servlet.FrameworkServlet.service(FrameworkServlet.java:883)
	at javax.servlet.http.HttpServlet.service(HttpServlet.java:741)
	at org.apache.catalina.core.ApplicationFilterChain.internalDoFilter(ApplicationFilterChain.java:231)
	at org.apache.catalina.core.ApplicationFilterChain.doFilter(ApplicationFilterChain.java:166)
	at org.apache.tomcat.websocket.server.WsFilter.doFilter(WsFilter.java:53)
	at org.apache.catalina.core.ApplicationFilterChain.internalDoFilter(ApplicationFilterChain.java:193)
	at org.apache.catalina.core.ApplicationFilterChain.doFilter(ApplicationFilterChain.java:166)
	at org.springframework.web.filter.RequestContextFilter.doFilterInternal(RequestContextFilter.java:100)
	at org.springframework.web.filter.OncePerRequestFilter.doFilter(OncePerRequestFilter.java:119)
	at org.apache.catalina.core.ApplicationFilterChain.internalDoFilter(ApplicationFilterChain.java:193)
	at org.apache.catalina.core.ApplicationFilterChain.doFilter(ApplicationFilterChain.java:166)
	at org.springframework.web.filter.FormContentFilter.doFilterInternal(FormContentFilter.java:93)
	at org.springframework.web.filter.OncePerRequestFilter.doFilter(OncePerRequestFilter.java:119)
	at org.apache.catalina.core.ApplicationFilterChain.internalDoFilter(ApplicationFilterChain.java:193)
	at org.apache.catalina.core.ApplicationFilterChain.doFilter(ApplicationFilterChain.java:166)
	at org.springframework.web.filter.CharacterEncodingFilter.doFilterInternal(CharacterEncodingFilter.java:201)
	at org.springframework.web.filter.OncePerRequestFilter.doFilter(OncePerRequestFilter.java:119)
	at org.apache.catalina.core.ApplicationFilterChain.internalDoFilter(ApplicationFilterChain.java:193)
	at org.apache.catalina.core.ApplicationFilterChain.doFilter(ApplicationFilterChain.java:166)
	at org.apache.catalina.core.StandardWrapperValve.invoke(StandardWrapperValve.java:202)
	at org.apache.catalina.core.StandardContextValve.invoke(StandardContextValve.java:96)
	at org.apache.catalina.authenticator.AuthenticatorBase.invoke(AuthenticatorBase.java:526)
	at org.apache.catalina.core.StandardHostValve.invoke(StandardHostValve.java:139)
	at org.apache.catalina.valves.ErrorReportValve.invoke(ErrorReportValve.java:92)
	at org.apache.catalina.core.StandardEngineValve.invoke(StandardEngineValve.java:74)
	at org.apache.catalina.connector.CoyoteAdapter.service(CoyoteAdapter.java:343)
	at org.apache.coyote.http11.Http11Processor.service(Http11Processor.java:367)
	at org.apache.coyote.AbstractProcessorLight.process(AbstractProcessorLight.java:65)
	at org.apache.coyote.AbstractProtocol$ConnectionHandler.process(AbstractProtocol.java:860)
	at org.apache.tomcat.util.net.NioEndpoint$SocketProcessor.doRun(NioEndpoint.java:1591)
	at org.apache.tomcat.util.net.SocketProcessorBase.run(SocketProcessorBase.java:49)
	at java.util.concurrent.ThreadPoolExecutor.runWorker(ThreadPoolExecutor.java:1149)
	at java.util.concurrent.ThreadPoolExecutor$Worker.run(ThreadPoolExecutor.java:624)
	at org.apache.tomcat.util.threads.TaskThread$WrappingRunnable.run(TaskThread.java:61)
	at java.lang.Thread.run(Thread.java:748)
2022-11-12 15:13:12,076 ERROR [http-nio-8080-exec-6] c.l.c.c.a.ExceptionAdvice [ExceptionAdvice.java:26] 服务器发生异常: Failed to convert value of type 'java.lang.String' to required type 'int'; nested exception is java.lang.NumberFormatException: For input string: "my-post.html"
2022-11-12 15:13:12,077 ERROR [http-nio-8080-exec-6] c.l.c.c.a.ExceptionAdvice [ExceptionAdvice.java:28] org.springframework.web.method.annotation.AbstractNamedValueMethodArgumentResolver.resolveArgument(AbstractNamedValueMethodArgumentResolver.java:133)
2022-11-12 15:13:12,077 ERROR [http-nio-8080-exec-6] c.l.c.c.a.ExceptionAdvice [ExceptionAdvice.java:28] org.springframework.web.method.support.HandlerMethodArgumentResolverComposite.resolveArgument(HandlerMethodArgumentResolverComposite.java:121)
2022-11-12 15:13:12,077 ERROR [http-nio-8080-exec-6] c.l.c.c.a.ExceptionAdvice [ExceptionAdvice.java:28] org.springframework.web.method.support.InvocableHandlerMethod.getMethodArgumentValues(InvocableHandlerMethod.java:167)
2022-11-12 15:13:12,078 ERROR [http-nio-8080-exec-6] c.l.c.c.a.ExceptionAdvice [ExceptionAdvice.java:28] org.springframework.web.method.support.InvocableHandlerMethod.invokeForRequest(InvocableHandlerMethod.java:134)
2022-11-12 15:13:12,078 ERROR [http-nio-8080-exec-6] c.l.c.c.a.ExceptionAdvice [ExceptionAdvice.java:28] org.springframework.web.servlet.mvc.method.annotation.ServletInvocableHandlerMethod.invokeAndHandle(ServletInvocableHandlerMethod.java:106)
2022-11-12 15:13:12,078 ERROR [http-nio-8080-exec-6] c.l.c.c.a.ExceptionAdvice [ExceptionAdvice.java:28] org.springframework.web.servlet.mvc.method.annotation.RequestMappingHandlerAdapter.invokeHandlerMethod(RequestMappingHandlerAdapter.java:888)
2022-11-12 15:13:12,078 ERROR [http-nio-8080-exec-6] c.l.c.c.a.ExceptionAdvice [ExceptionAdvice.java:28] org.springframework.web.servlet.mvc.method.annotation.RequestMappingHandlerAdapter.handleInternal(RequestMappingHandlerAdapter.java:793)
2022-11-12 15:13:12,078 ERROR [http-nio-8080-exec-6] c.l.c.c.a.ExceptionAdvice [ExceptionAdvice.java:28] org.springframework.web.servlet.mvc.method.AbstractHandlerMethodAdapter.handle(AbstractHandlerMethodAdapter.java:87)
2022-11-12 15:13:12,078 ERROR [http-nio-8080-exec-6] c.l.c.c.a.ExceptionAdvice [ExceptionAdvice.java:28] org.springframework.web.servlet.DispatcherServlet.doDispatch(DispatcherServlet.java:1040)
2022-11-12 15:13:12,078 ERROR [http-nio-8080-exec-6] c.l.c.c.a.ExceptionAdvice [ExceptionAdvice.java:28] org.springframework.web.servlet.DispatcherServlet.doService(DispatcherServlet.java:943)
2022-11-12 15:13:12,079 ERROR [http-nio-8080-exec-6] c.l.c.c.a.ExceptionAdvice [ExceptionAdvice.java:28] org.springframework.web.servlet.FrameworkServlet.processRequest(FrameworkServlet.java:1006)
2022-11-12 15:13:12,079 ERROR [http-nio-8080-exec-6] c.l.c.c.a.ExceptionAdvice [ExceptionAdvice.java:28] org.springframework.web.servlet.FrameworkServlet.doGet(FrameworkServlet.java:898)
2022-11-12 15:13:12,079 ERROR [http-nio-8080-exec-6] c.l.c.c.a.ExceptionAdvice [ExceptionAdvice.java:28] javax.servlet.http.HttpServlet.service(HttpServlet.java:634)
2022-11-12 15:13:12,079 ERROR [http-nio-8080-exec-6] c.l.c.c.a.ExceptionAdvice [ExceptionAdvice.java:28] org.springframework.web.servlet.FrameworkServlet.service(FrameworkServlet.java:883)
2022-11-12 15:13:12,079 ERROR [http-nio-8080-exec-6] c.l.c.c.a.ExceptionAdvice [ExceptionAdvice.java:28] javax.servlet.http.HttpServlet.service(HttpServlet.java:741)
2022-11-12 15:13:12,079 ERROR [http-nio-8080-exec-6] c.l.c.c.a.ExceptionAdvice [ExceptionAdvice.java:28] org.apache.catalina.core.ApplicationFilterChain.internalDoFilter(ApplicationFilterChain.java:231)
2022-11-12 15:13:12,080 ERROR [http-nio-8080-exec-6] c.l.c.c.a.ExceptionAdvice [ExceptionAdvice.java:28] org.apache.catalina.core.ApplicationFilterChain.doFilter(ApplicationFilterChain.java:166)
2022-11-12 15:13:12,080 ERROR [http-nio-8080-exec-6] c.l.c.c.a.ExceptionAdvice [ExceptionAdvice.java:28] org.apache.tomcat.websocket.server.WsFilter.doFilter(WsFilter.java:53)
2022-11-12 15:13:12,080 ERROR [http-nio-8080-exec-6] c.l.c.c.a.ExceptionAdvice [ExceptionAdvice.java:28] org.apache.catalina.core.ApplicationFilterChain.internalDoFilter(ApplicationFilterChain.java:193)
2022-11-12 15:13:12,080 ERROR [http-nio-8080-exec-6] c.l.c.c.a.ExceptionAdvice [ExceptionAdvice.java:28] org.apache.catalina.core.ApplicationFilterChain.doFilter(ApplicationFilterChain.java:166)
2022-11-12 15:13:12,080 ERROR [http-nio-8080-exec-6] c.l.c.c.a.ExceptionAdvice [ExceptionAdvice.java:28] org.springframework.web.filter.RequestContextFilter.doFilterInternal(RequestContextFilter.java:100)
2022-11-12 15:13:12,080 ERROR [http-nio-8080-exec-6] c.l.c.c.a.ExceptionAdvice [ExceptionAdvice.java:28] org.springframework.web.filter.OncePerRequestFilter.doFilter(OncePerRequestFilter.java:119)
2022-11-12 15:13:12,080 ERROR [http-nio-8080-exec-6] c.l.c.c.a.ExceptionAdvice [ExceptionAdvice.java:28] org.apache.catalina.core.ApplicationFilterChain.internalDoFilter(ApplicationFilterChain.java:193)
2022-11-12 15:13:12,081 ERROR [http-nio-8080-exec-6] c.l.c.c.a.ExceptionAdvice [ExceptionAdvice.java:28] org.apache.catalina.core.ApplicationFilterChain.doFilter(ApplicationFilterChain.java:166)
2022-11-12 15:13:12,081 ERROR [http-nio-8080-exec-6] c.l.c.c.a.ExceptionAdvice [ExceptionAdvice.java:28] org.springframework.web.filter.FormContentFilter.doFilterInternal(FormContentFilter.java:93)
2022-11-12 15:13:12,081 ERROR [http-nio-8080-exec-6] c.l.c.c.a.ExceptionAdvice [ExceptionAdvice.java:28] org.springframework.web.filter.OncePerRequestFilter.doFilter(OncePerRequestFilter.java:119)
2022-11-12 15:13:12,081 ERROR [http-nio-8080-exec-6] c.l.c.c.a.ExceptionAdvice [ExceptionAdvice.java:28] org.apache.catalina.core.ApplicationFilterChain.internalDoFilter(ApplicationFilterChain.java:193)
2022-11-12 15:13:12,081 ERROR [http-nio-8080-exec-6] c.l.c.c.a.ExceptionAdvice [ExceptionAdvice.java:28] org.apache.catalina.core.ApplicationFilterChain.doFilter(ApplicationFilterChain.java:166)
2022-11-12 15:13:12,081 ERROR [http-nio-8080-exec-6] c.l.c.c.a.ExceptionAdvice [ExceptionAdvice.java:28] org.springframework.web.filter.CharacterEncodingFilter.doFilterInternal(CharacterEncodingFilter.java:201)
2022-11-12 15:13:12,082 ERROR [http-nio-8080-exec-6] c.l.c.c.a.ExceptionAdvice [ExceptionAdvice.java:28] org.springframework.web.filter.OncePerRequestFilter.doFilter(OncePerRequestFilter.java:119)
2022-11-12 15:13:12,082 ERROR [http-nio-8080-exec-6] c.l.c.c.a.ExceptionAdvice [ExceptionAdvice.java:28] org.apache.catalina.core.ApplicationFilterChain.internalDoFilter(ApplicationFilterChain.java:193)
2022-11-12 15:13:12,082 ERROR [http-nio-8080-exec-6] c.l.c.c.a.ExceptionAdvice [ExceptionAdvice.java:28] org.apache.catalina.core.ApplicationFilterChain.doFilter(ApplicationFilterChain.java:166)
2022-11-12 15:13:12,082 ERROR [http-nio-8080-exec-6] c.l.c.c.a.ExceptionAdvice [ExceptionAdvice.java:28] org.apache.catalina.core.StandardWrapperValve.invoke(StandardWrapperValve.java:202)
2022-11-12 15:13:12,082 ERROR [http-nio-8080-exec-6] c.l.c.c.a.ExceptionAdvice [ExceptionAdvice.java:28] org.apache.catalina.core.StandardContextValve.invoke(StandardContextValve.java:96)
2022-11-12 15:13:12,082 ERROR [http-nio-8080-exec-6] c.l.c.c.a.ExceptionAdvice [ExceptionAdvice.java:28] org.apache.catalina.authenticator.AuthenticatorBase.invoke(AuthenticatorBase.java:526)
2022-11-12 15:13:12,083 ERROR [http-nio-8080-exec-6] c.l.c.c.a.ExceptionAdvice [ExceptionAdvice.java:28] org.apache.catalina.core.StandardHostValve.invoke(StandardHostValve.java:139)
2022-11-12 15:13:12,083 ERROR [http-nio-8080-exec-6] c.l.c.c.a.ExceptionAdvice [ExceptionAdvice.java:28] org.apache.catalina.valves.ErrorReportValve.invoke(ErrorReportValve.java:92)
2022-11-12 15:13:12,083 ERROR [http-nio-8080-exec-6] c.l.c.c.a.ExceptionAdvice [ExceptionAdvice.java:28] org.apache.catalina.core.StandardEngineValve.invoke(StandardEngineValve.java:74)
2022-11-12 15:13:12,083 ERROR [http-nio-8080-exec-6] c.l.c.c.a.ExceptionAdvice [ExceptionAdvice.java:28] org.apache.catalina.connector.CoyoteAdapter.service(CoyoteAdapter.java:343)
2022-11-12 15:13:12,084 ERROR [http-nio-8080-exec-6] c.l.c.c.a.ExceptionAdvice [ExceptionAdvice.java:28] org.apache.coyote.http11.Http11Processor.service(Http11Processor.java:367)
2022-11-12 15:13:12,084 ERROR [http-nio-8080-exec-6] c.l.c.c.a.ExceptionAdvice [ExceptionAdvice.java:28] org.apache.coyote.AbstractProcessorLight.process(AbstractProcessorLight.java:65)
2022-11-12 15:13:12,084 ERROR [http-nio-8080-exec-6] c.l.c.c.a.ExceptionAdvice [ExceptionAdvice.java:28] org.apache.coyote.AbstractProtocol$ConnectionHandler.process(AbstractProtocol.java:860)
2022-11-12 15:13:12,084 ERROR [http-nio-8080-exec-6] c.l.c.c.a.ExceptionAdvice [ExceptionAdvice.java:28] org.apache.tomcat.util.net.NioEndpoint$SocketProcessor.doRun(NioEndpoint.java:1591)
2022-11-12 15:13:12,084 ERROR [http-nio-8080-exec-6] c.l.c.c.a.ExceptionAdvice [ExceptionAdvice.java:28] org.apache.tomcat.util.net.SocketProcessorBase.run(SocketProcessorBase.java:49)
2022-11-12 15:13:12,085 ERROR [http-nio-8080-exec-6] c.l.c.c.a.ExceptionAdvice [ExceptionAdvice.java:28] java.util.concurrent.ThreadPoolExecutor.runWorker(ThreadPoolExecutor.java:1149)
2022-11-12 15:13:12,085 ERROR [http-nio-8080-exec-6] c.l.c.c.a.ExceptionAdvice [ExceptionAdvice.java:28] java.util.concurrent.ThreadPoolExecutor$Worker.run(ThreadPoolExecutor.java:624)
2022-11-12 15:13:12,085 ERROR [http-nio-8080-exec-6] c.l.c.c.a.ExceptionAdvice [ExceptionAdvice.java:28] org.apache.tomcat.util.threads.TaskThread$WrappingRunnable.run(TaskThread.java:61)
2022-11-12 15:13:12,085 ERROR [http-nio-8080-exec-6] c.l.c.c.a.ExceptionAdvice [ExceptionAdvice.java:28] java.lang.Thread.run(Thread.java:748)
