2022-11-07 09:08:30,922 INFO [Thread-10] o.s.s.c.ThreadPoolTaskExecutor [ExecutorConfigurationSupport.java:208] Shutting down ExecutorService 'applicationTaskExecutor'
2022-11-07 09:08:30,953 INFO [Thread-10] c.z.h.HikariDataSource [HikariDataSource.java:350] HikariPool-1 - Shutdown initiated...
2022-11-07 09:08:31,006 INFO [Thread-10] c.z.h.HikariDataSource [HikariDataSource.java:352] HikariPool-1 - Shutdown completed.
2022-11-07 09:08:32,039 INFO [restartedMain] c.l.c.CommunityLjnApplication [StartupInfoLogger.java:55] Starting CommunityLjnApplication on lideMacBook-Pro.local with PID 34047 (/Users/li/Downloads/community-ljn/target/classes started by li in /Users/li/Downloads/community-ljn)
2022-11-07 09:08:32,040 INFO [restartedMain] c.l.c.CommunityLjnApplication [SpringApplication.java:655] The following profiles are active: develop
2022-11-07 09:08:32,621 INFO [restartedMain] o.s.b.w.e.t.TomcatWebServer [TomcatWebServer.java:92] Tomcat initialized with port(s): 8080 (http)
2022-11-07 09:08:32,622 INFO [restartedMain] o.a.c.h.Http11NioProtocol [DirectJDKLog.java:173] Initializing ProtocolHandler ["http-nio-8080"]
2022-11-07 09:08:32,622 INFO [restartedMain] o.a.c.c.StandardService [DirectJDKLog.java:173] Starting service [Tomcat]
2022-11-07 09:08:32,622 INFO [restartedMain] o.a.c.c.StandardEngine [DirectJDKLog.java:173] Starting Servlet engine: [Apache Tomcat/9.0.29]
2022-11-07 09:08:32,636 INFO [restartedMain] o.a.c.c.C.[.[.[/community] [DirectJDKLog.java:173] Initializing Spring embedded WebApplicationContext
2022-11-07 09:08:32,636 INFO [restartedMain] o.s.w.c.ContextLoader [ServletWebServerApplicationContext.java:284] Root WebApplicationContext: initialization completed in 587 ms
2022-11-07 09:08:32,988 INFO [restartedMain] o.s.s.c.ThreadPoolTaskExecutor [ExecutorConfigurationSupport.java:171] Initializing ExecutorService 'applicationTaskExecutor'
2022-11-07 09:08:33,034 INFO [restartedMain] o.s.b.a.w.s.WelcomePageHandlerMapping [WelcomePageHandlerMapping.java:58] Adding welcome page template: index
2022-11-07 09:08:33,184 INFO [restartedMain] o.s.b.d.a.OptionalLiveReloadServer [OptionalLiveReloadServer.java:58] LiveReload server is running on port 35729
2022-11-07 09:08:33,211 INFO [restartedMain] o.a.c.h.Http11NioProtocol [DirectJDKLog.java:173] Starting ProtocolHandler ["http-nio-8080"]
2022-11-07 09:08:33,218 INFO [restartedMain] o.s.b.w.e.t.TomcatWebServer [TomcatWebServer.java:204] Tomcat started on port(s): 8080 (http) with context path '/community'
2022-11-07 09:08:33,218 INFO [restartedMain] c.l.c.CommunityLjnApplication [StartupInfoLogger.java:61] Started CommunityLjnApplication in 1.309 seconds (JVM running for 8122.691)
2022-11-07 09:08:33,222 INFO [restartedMain] o.s.b.d.a.ConditionEvaluationDeltaLoggingListener [ConditionEvaluationDeltaLoggingListener.java:63] Condition evaluation unchanged
2022-11-07 09:37:44,214 INFO [SpringContextShutdownHook] o.s.s.c.ThreadPoolTaskExecutor [ExecutorConfigurationSupport.java:208] Shutting down ExecutorService 'applicationTaskExecutor'
2022-11-07 09:37:48,116 INFO [restartedMain] c.l.c.CommunityLjnApplication [StartupInfoLogger.java:55] Starting CommunityLjnApplication on lideMacBook-Pro.local with PID 43565 (/Users/li/Downloads/community-ljn/target/classes started by li in /Users/li/Downloads/community-ljn)
2022-11-07 09:37:48,119 INFO [restartedMain] c.l.c.CommunityLjnApplication [SpringApplication.java:655] The following profiles are active: develop
2022-11-07 09:37:48,164 INFO [restartedMain] o.s.b.d.e.DevToolsPropertyDefaultsPostProcessor [DeferredLog.java:225] Devtools property defaults active! Set 'spring.devtools.add-properties' to 'false' to disable
2022-11-07 09:37:48,164 INFO [restartedMain] o.s.b.d.e.DevToolsPropertyDefaultsPostProcessor [DeferredLog.java:225] For additional web related logging consider setting the 'logging.level.web' property to 'DEBUG'
2022-11-07 09:37:49,471 INFO [restartedMain] o.s.b.w.e.t.TomcatWebServer [TomcatWebServer.java:92] Tomcat initialized with port(s): 8080 (http)
2022-11-07 09:37:49,485 INFO [restartedMain] o.a.c.h.Http11NioProtocol [DirectJDKLog.java:173] Initializing ProtocolHandler ["http-nio-8080"]
2022-11-07 09:37:49,486 INFO [restartedMain] o.a.c.c.StandardService [DirectJDKLog.java:173] Starting service [Tomcat]
2022-11-07 09:37:49,486 INFO [restartedMain] o.a.c.c.StandardEngine [DirectJDKLog.java:173] Starting Servlet engine: [Apache Tomcat/9.0.29]
2022-11-07 09:37:49,582 INFO [restartedMain] o.a.c.c.C.[.[.[/community] [DirectJDKLog.java:173] Initializing Spring embedded WebApplicationContext
2022-11-07 09:37:49,583 INFO [restartedMain] o.s.w.c.ContextLoader [ServletWebServerApplicationContext.java:284] Root WebApplicationContext: initialization completed in 1419 ms
2022-11-07 09:37:50,234 INFO [restartedMain] o.s.s.c.ThreadPoolTaskExecutor [ExecutorConfigurationSupport.java:171] Initializing ExecutorService 'applicationTaskExecutor'
2022-11-07 09:37:50,300 INFO [restartedMain] o.s.b.a.w.s.WelcomePageHandlerMapping [WelcomePageHandlerMapping.java:58] Adding welcome page template: index
2022-11-07 09:37:50,411 INFO [restartedMain] o.s.b.d.a.OptionalLiveReloadServer [OptionalLiveReloadServer.java:58] LiveReload server is running on port 35729
2022-11-07 09:37:50,435 INFO [restartedMain] o.a.c.h.Http11NioProtocol [DirectJDKLog.java:173] Starting ProtocolHandler ["http-nio-8080"]
2022-11-07 09:37:50,468 INFO [restartedMain] o.s.b.w.e.t.TomcatWebServer [TomcatWebServer.java:204] Tomcat started on port(s): 8080 (http) with context path '/community'
2022-11-07 09:37:50,478 INFO [restartedMain] c.l.c.CommunityLjnApplication [StartupInfoLogger.java:61] Started CommunityLjnApplication in 2.898 seconds (JVM running for 3.925)
2022-11-07 09:38:10,014 INFO [http-nio-8080-exec-1] o.a.t.u.h.p.Cookie [DirectJDKLog.java:173] A cookie header was received [1665405107] that contained an invalid cookie. That cookie will be ignored.
 Note: further occurrences of this error will be logged at DEBUG level.
2022-11-07 09:38:10,025 INFO [http-nio-8080-exec-1] o.a.c.c.C.[.[.[/community] [DirectJDKLog.java:173] Initializing Spring DispatcherServlet 'dispatcherServlet'
2022-11-07 09:38:10,025 INFO [http-nio-8080-exec-1] o.s.w.s.DispatcherServlet [FrameworkServlet.java:525] Initializing Servlet 'dispatcherServlet'
2022-11-07 09:38:10,033 INFO [http-nio-8080-exec-1] o.s.w.s.DispatcherServlet [FrameworkServlet.java:547] Completed initialization in 7 ms
2022-11-07 09:38:10,107 INFO [http-nio-8080-exec-1] c.z.h.HikariDataSource [HikariDataSource.java:110] HikariPool-1 - Starting...
2022-11-07 09:38:10,285 INFO [http-nio-8080-exec-1] c.z.h.HikariDataSource [HikariDataSource.java:123] HikariPool-1 - Start completed.
2022-11-07 10:48:40,782 INFO [Thread-12] o.s.s.c.ThreadPoolTaskExecutor [ExecutorConfigurationSupport.java:208] Shutting down ExecutorService 'applicationTaskExecutor'
2022-11-07 10:48:40,813 INFO [Thread-12] c.z.h.HikariDataSource [HikariDataSource.java:350] HikariPool-1 - Shutdown initiated...
2022-11-07 10:48:40,833 INFO [Thread-12] c.z.h.HikariDataSource [HikariDataSource.java:352] HikariPool-1 - Shutdown completed.
2022-11-07 10:48:41,862 INFO [restartedMain] c.l.c.CommunityLjnApplication [StartupInfoLogger.java:55] Starting CommunityLjnApplication on lideMacBook-Pro.local with PID 43565 (/Users/li/Downloads/community-ljn/target/classes started by li in /Users/li/Downloads/community-ljn)
2022-11-07 10:48:41,863 INFO [restartedMain] c.l.c.CommunityLjnApplication [SpringApplication.java:655] The following profiles are active: develop
2022-11-07 10:48:42,752 INFO [restartedMain] o.s.b.w.e.t.TomcatWebServer [TomcatWebServer.java:92] Tomcat initialized with port(s): 8080 (http)
2022-11-07 10:48:42,753 INFO [restartedMain] o.a.c.h.Http11NioProtocol [DirectJDKLog.java:173] Initializing ProtocolHandler ["http-nio-8080"]
2022-11-07 10:48:42,753 INFO [restartedMain] o.a.c.c.StandardService [DirectJDKLog.java:173] Starting service [Tomcat]
2022-11-07 10:48:42,754 INFO [restartedMain] o.a.c.c.StandardEngine [DirectJDKLog.java:173] Starting Servlet engine: [Apache Tomcat/9.0.29]
2022-11-07 10:48:42,789 INFO [restartedMain] o.a.c.c.C.[.[.[/community] [DirectJDKLog.java:173] Initializing Spring embedded WebApplicationContext
2022-11-07 10:48:42,790 INFO [restartedMain] o.s.w.c.ContextLoader [ServletWebServerApplicationContext.java:284] Root WebApplicationContext: initialization completed in 922 ms
2022-11-07 10:48:43,231 INFO [restartedMain] o.s.s.c.ThreadPoolTaskExecutor [ExecutorConfigurationSupport.java:171] Initializing ExecutorService 'applicationTaskExecutor'
2022-11-07 10:48:43,284 INFO [restartedMain] o.s.b.a.w.s.WelcomePageHandlerMapping [WelcomePageHandlerMapping.java:58] Adding welcome page template: index
2022-11-07 10:48:43,401 INFO [restartedMain] o.s.b.d.a.OptionalLiveReloadServer [OptionalLiveReloadServer.java:58] LiveReload server is running on port 35729
2022-11-07 10:48:43,437 INFO [restartedMain] o.a.c.h.Http11NioProtocol [DirectJDKLog.java:173] Starting ProtocolHandler ["http-nio-8080"]
2022-11-07 10:48:43,446 INFO [restartedMain] o.s.b.w.e.t.TomcatWebServer [TomcatWebServer.java:204] Tomcat started on port(s): 8080 (http) with context path '/community'
2022-11-07 10:48:43,447 INFO [restartedMain] c.l.c.CommunityLjnApplication [StartupInfoLogger.java:61] Started CommunityLjnApplication in 1.682 seconds (JVM running for 4256.661)
2022-11-07 10:48:43,450 INFO [restartedMain] o.s.b.d.a.ConditionEvaluationDeltaLoggingListener [ConditionEvaluationDeltaLoggingListener.java:63] Condition evaluation unchanged
2022-11-07 10:48:44,445 INFO [SpringContextShutdownHook] o.s.s.c.ThreadPoolTaskExecutor [ExecutorConfigurationSupport.java:208] Shutting down ExecutorService 'applicationTaskExecutor'
2022-11-07 10:48:48,659 INFO [restartedMain] c.l.c.CommunityLjnApplication [StartupInfoLogger.java:55] Starting CommunityLjnApplication on lideMacBook-Pro.local with PID 47475 (/Users/li/Downloads/community-ljn/target/classes started by li in /Users/li/Downloads/community-ljn)
2022-11-07 10:48:48,662 INFO [restartedMain] c.l.c.CommunityLjnApplication [SpringApplication.java:655] The following profiles are active: develop
2022-11-07 10:48:48,762 INFO [restartedMain] o.s.b.d.e.DevToolsPropertyDefaultsPostProcessor [DeferredLog.java:225] Devtools property defaults active! Set 'spring.devtools.add-properties' to 'false' to disable
2022-11-07 10:48:48,762 INFO [restartedMain] o.s.b.d.e.DevToolsPropertyDefaultsPostProcessor [DeferredLog.java:225] For additional web related logging consider setting the 'logging.level.web' property to 'DEBUG'
2022-11-07 10:48:50,641 INFO [restartedMain] o.s.b.w.e.t.TomcatWebServer [TomcatWebServer.java:92] Tomcat initialized with port(s): 8080 (http)
2022-11-07 10:48:50,660 INFO [restartedMain] o.a.c.h.Http11NioProtocol [DirectJDKLog.java:173] Initializing ProtocolHandler ["http-nio-8080"]
2022-11-07 10:48:50,661 INFO [restartedMain] o.a.c.c.StandardService [DirectJDKLog.java:173] Starting service [Tomcat]
2022-11-07 10:48:50,661 INFO [restartedMain] o.a.c.c.StandardEngine [DirectJDKLog.java:173] Starting Servlet engine: [Apache Tomcat/9.0.29]
2022-11-07 10:48:50,758 INFO [restartedMain] o.a.c.c.C.[.[.[/community] [DirectJDKLog.java:173] Initializing Spring embedded WebApplicationContext
2022-11-07 10:48:50,758 INFO [restartedMain] o.s.w.c.ContextLoader [ServletWebServerApplicationContext.java:284] Root WebApplicationContext: initialization completed in 1996 ms
2022-11-07 10:48:51,627 INFO [restartedMain] o.s.s.c.ThreadPoolTaskExecutor [ExecutorConfigurationSupport.java:171] Initializing ExecutorService 'applicationTaskExecutor'
2022-11-07 10:48:51,715 INFO [restartedMain] o.s.b.a.w.s.WelcomePageHandlerMapping [WelcomePageHandlerMapping.java:58] Adding welcome page template: index
2022-11-07 10:48:51,848 INFO [restartedMain] o.s.b.d.a.OptionalLiveReloadServer [OptionalLiveReloadServer.java:58] LiveReload server is running on port 35729
2022-11-07 10:48:51,884 INFO [restartedMain] o.a.c.h.Http11NioProtocol [DirectJDKLog.java:173] Starting ProtocolHandler ["http-nio-8080"]
2022-11-07 10:48:51,929 INFO [restartedMain] o.s.b.w.e.t.TomcatWebServer [TomcatWebServer.java:204] Tomcat started on port(s): 8080 (http) with context path '/community'
2022-11-07 10:48:51,933 INFO [restartedMain] c.l.c.CommunityLjnApplication [StartupInfoLogger.java:61] Started CommunityLjnApplication in 3.874 seconds (JVM running for 4.907)
2022-11-07 10:49:11,418 INFO [http-nio-8080-exec-1] o.a.t.u.h.p.Cookie [DirectJDKLog.java:173] A cookie header was received [1665405107] that contained an invalid cookie. That cookie will be ignored.
 Note: further occurrences of this error will be logged at DEBUG level.
2022-11-07 10:49:11,425 INFO [http-nio-8080-exec-1] o.a.c.c.C.[.[.[/community] [DirectJDKLog.java:173] Initializing Spring DispatcherServlet 'dispatcherServlet'
2022-11-07 10:49:11,425 INFO [http-nio-8080-exec-1] o.s.w.s.DispatcherServlet [FrameworkServlet.java:525] Initializing Servlet 'dispatcherServlet'
2022-11-07 10:49:11,434 INFO [http-nio-8080-exec-1] o.s.w.s.DispatcherServlet [FrameworkServlet.java:547] Completed initialization in 8 ms
2022-11-07 10:49:11,501 INFO [http-nio-8080-exec-1] c.z.h.HikariDataSource [HikariDataSource.java:110] HikariPool-1 - Starting...
2022-11-07 10:49:11,684 INFO [http-nio-8080-exec-1] c.z.h.HikariDataSource [HikariDataSource.java:123] HikariPool-1 - Start completed.
2022-11-07 15:08:15,720 INFO [Thread-13] o.s.s.c.ThreadPoolTaskExecutor [ExecutorConfigurationSupport.java:208] Shutting down ExecutorService 'applicationTaskExecutor'
2022-11-07 15:08:15,780 INFO [Thread-13] c.z.h.HikariDataSource [HikariDataSource.java:350] HikariPool-1 - Shutdown initiated...
2022-11-07 15:08:15,809 INFO [Thread-13] c.z.h.HikariDataSource [HikariDataSource.java:352] HikariPool-1 - Shutdown completed.
2022-11-07 15:08:17,255 INFO [restartedMain] c.l.c.CommunityLjnApplication [StartupInfoLogger.java:55] Starting CommunityLjnApplication on lideMacBook-Pro.local with PID 47475 (/Users/li/Downloads/community-ljn/target/classes started by li in /Users/li/Downloads/community-ljn)
2022-11-07 15:08:17,256 INFO [restartedMain] c.l.c.CommunityLjnApplication [SpringApplication.java:655] The following profiles are active: develop
2022-11-07 15:08:17,947 INFO [restartedMain] o.s.b.w.e.t.TomcatWebServer [TomcatWebServer.java:92] Tomcat initialized with port(s): 8080 (http)
2022-11-07 15:08:17,948 INFO [restartedMain] o.a.c.h.Http11NioProtocol [DirectJDKLog.java:173] Initializing ProtocolHandler ["http-nio-8080"]
2022-11-07 15:08:17,948 INFO [restartedMain] o.a.c.c.StandardService [DirectJDKLog.java:173] Starting service [Tomcat]
2022-11-07 15:08:17,949 INFO [restartedMain] o.a.c.c.StandardEngine [DirectJDKLog.java:173] Starting Servlet engine: [Apache Tomcat/9.0.29]
2022-11-07 15:08:17,964 INFO [restartedMain] o.a.c.c.C.[.[.[/community] [DirectJDKLog.java:173] Initializing Spring embedded WebApplicationContext
2022-11-07 15:08:17,964 INFO [restartedMain] o.s.w.c.ContextLoader [ServletWebServerApplicationContext.java:284] Root WebApplicationContext: initialization completed in 699 ms
2022-11-07 15:08:18,344 INFO [restartedMain] o.s.s.c.ThreadPoolTaskExecutor [ExecutorConfigurationSupport.java:171] Initializing ExecutorService 'applicationTaskExecutor'
2022-11-07 15:08:18,377 INFO [restartedMain] o.s.b.a.w.s.WelcomePageHandlerMapping [WelcomePageHandlerMapping.java:58] Adding welcome page template: index
2022-11-07 15:08:18,468 INFO [restartedMain] o.s.b.d.a.OptionalLiveReloadServer [OptionalLiveReloadServer.java:58] LiveReload server is running on port 35729
2022-11-07 15:08:18,492 INFO [restartedMain] o.a.c.h.Http11NioProtocol [DirectJDKLog.java:173] Starting ProtocolHandler ["http-nio-8080"]
2022-11-07 15:08:18,496 INFO [restartedMain] o.s.b.w.e.t.TomcatWebServer [TomcatWebServer.java:204] Tomcat started on port(s): 8080 (http) with context path '/community'
2022-11-07 15:08:18,497 INFO [restartedMain] c.l.c.CommunityLjnApplication [StartupInfoLogger.java:61] Started CommunityLjnApplication in 1.49 seconds (JVM running for 5172.488)
2022-11-07 15:08:18,500 INFO [restartedMain] o.s.b.d.a.ConditionEvaluationDeltaLoggingListener [ConditionEvaluationDeltaLoggingListener.java:63] Condition evaluation unchanged
2022-11-07 15:14:16,448 INFO [SpringContextShutdownHook] o.s.s.c.ThreadPoolTaskExecutor [ExecutorConfigurationSupport.java:208] Shutting down ExecutorService 'applicationTaskExecutor'
2022-11-07 15:14:19,776 INFO [restartedMain] c.l.c.CommunityLjnApplication [StartupInfoLogger.java:55] Starting CommunityLjnApplication on lideMacBook-Pro.local with PID 52551 (/Users/li/Downloads/community-ljn/target/classes started by li in /Users/li/Downloads/community-ljn)
2022-11-07 15:14:19,779 INFO [restartedMain] c.l.c.CommunityLjnApplication [SpringApplication.java:655] The following profiles are active: develop
2022-11-07 15:14:19,822 INFO [restartedMain] o.s.b.d.e.DevToolsPropertyDefaultsPostProcessor [DeferredLog.java:225] Devtools property defaults active! Set 'spring.devtools.add-properties' to 'false' to disable
2022-11-07 15:14:19,822 INFO [restartedMain] o.s.b.d.e.DevToolsPropertyDefaultsPostProcessor [DeferredLog.java:225] For additional web related logging consider setting the 'logging.level.web' property to 'DEBUG'
2022-11-07 15:14:20,966 INFO [restartedMain] o.s.b.w.e.t.TomcatWebServer [TomcatWebServer.java:92] Tomcat initialized with port(s): 8080 (http)
2022-11-07 15:14:20,977 INFO [restartedMain] o.a.c.h.Http11NioProtocol [DirectJDKLog.java:173] Initializing ProtocolHandler ["http-nio-8080"]
2022-11-07 15:14:20,978 INFO [restartedMain] o.a.c.c.StandardService [DirectJDKLog.java:173] Starting service [Tomcat]
2022-11-07 15:14:20,978 INFO [restartedMain] o.a.c.c.StandardEngine [DirectJDKLog.java:173] Starting Servlet engine: [Apache Tomcat/9.0.29]
2022-11-07 15:14:21,049 INFO [restartedMain] o.a.c.c.C.[.[.[/community] [DirectJDKLog.java:173] Initializing Spring embedded WebApplicationContext
2022-11-07 15:14:21,049 INFO [restartedMain] o.s.w.c.ContextLoader [ServletWebServerApplicationContext.java:284] Root WebApplicationContext: initialization completed in 1227 ms
2022-11-07 15:14:21,794 INFO [restartedMain] o.s.s.c.ThreadPoolTaskExecutor [ExecutorConfigurationSupport.java:171] Initializing ExecutorService 'applicationTaskExecutor'
2022-11-07 15:14:21,855 INFO [restartedMain] o.s.b.a.w.s.WelcomePageHandlerMapping [WelcomePageHandlerMapping.java:58] Adding welcome page template: index
2022-11-07 15:14:21,961 INFO [restartedMain] o.s.b.d.a.OptionalLiveReloadServer [OptionalLiveReloadServer.java:58] LiveReload server is running on port 35729
2022-11-07 15:14:21,984 INFO [restartedMain] o.a.c.h.Http11NioProtocol [DirectJDKLog.java:173] Starting ProtocolHandler ["http-nio-8080"]
2022-11-07 15:14:22,017 INFO [restartedMain] o.s.b.w.e.t.TomcatWebServer [TomcatWebServer.java:204] Tomcat started on port(s): 8080 (http) with context path '/community'
2022-11-07 15:14:22,020 INFO [restartedMain] c.l.c.CommunityLjnApplication [StartupInfoLogger.java:61] Started CommunityLjnApplication in 2.654 seconds (JVM running for 3.328)
2022-11-07 15:18:09,803 INFO [http-nio-8080-exec-1] o.a.t.u.h.p.Cookie [DirectJDKLog.java:173] A cookie header was received [1665405107] that contained an invalid cookie. That cookie will be ignored.
 Note: further occurrences of this error will be logged at DEBUG level.
2022-11-07 15:18:09,809 INFO [http-nio-8080-exec-1] o.a.c.c.C.[.[.[/community] [DirectJDKLog.java:173] Initializing Spring DispatcherServlet 'dispatcherServlet'
2022-11-07 15:18:09,810 INFO [http-nio-8080-exec-1] o.s.w.s.DispatcherServlet [FrameworkServlet.java:525] Initializing Servlet 'dispatcherServlet'
2022-11-07 15:18:09,817 INFO [http-nio-8080-exec-1] o.s.w.s.DispatcherServlet [FrameworkServlet.java:547] Completed initialization in 7 ms
2022-11-07 15:18:09,860 INFO [http-nio-8080-exec-1] c.z.h.HikariDataSource [HikariDataSource.java:110] HikariPool-1 - Starting...
2022-11-07 15:18:10,060 INFO [http-nio-8080-exec-1] c.z.h.HikariDataSource [HikariDataSource.java:123] HikariPool-1 - Start completed.
2022-11-07 15:32:22,439 INFO [Thread-11] o.s.s.c.ThreadPoolTaskExecutor [ExecutorConfigurationSupport.java:208] Shutting down ExecutorService 'applicationTaskExecutor'
2022-11-07 15:32:22,450 INFO [Thread-11] c.z.h.HikariDataSource [HikariDataSource.java:350] HikariPool-1 - Shutdown initiated...
2022-11-07 15:32:22,465 INFO [Thread-11] c.z.h.HikariDataSource [HikariDataSource.java:352] HikariPool-1 - Shutdown completed.
2022-11-07 15:32:22,990 INFO [restartedMain] c.l.c.CommunityLjnApplication [StartupInfoLogger.java:55] Starting CommunityLjnApplication on lideMacBook-Pro.local with PID 52551 (/Users/li/Downloads/community-ljn/target/classes started by li in /Users/li/Downloads/community-ljn)
2022-11-07 15:32:22,990 INFO [restartedMain] c.l.c.CommunityLjnApplication [SpringApplication.java:655] The following profiles are active: develop
2022-11-07 15:32:23,473 INFO [restartedMain] o.s.b.w.e.t.TomcatWebServer [TomcatWebServer.java:92] Tomcat initialized with port(s): 8080 (http)
2022-11-07 15:32:23,473 INFO [restartedMain] o.a.c.h.Http11NioProtocol [DirectJDKLog.java:173] Initializing ProtocolHandler ["http-nio-8080"]
2022-11-07 15:32:23,474 INFO [restartedMain] o.a.c.c.StandardService [DirectJDKLog.java:173] Starting service [Tomcat]
2022-11-07 15:32:23,474 INFO [restartedMain] o.a.c.c.StandardEngine [DirectJDKLog.java:173] Starting Servlet engine: [Apache Tomcat/9.0.29]
2022-11-07 15:32:23,490 INFO [restartedMain] o.a.c.c.C.[.[.[/community] [DirectJDKLog.java:173] Initializing Spring embedded WebApplicationContext
2022-11-07 15:32:23,490 INFO [restartedMain] o.s.w.c.ContextLoader [ServletWebServerApplicationContext.java:284] Root WebApplicationContext: initialization completed in 495 ms
2022-11-07 15:32:23,742 INFO [restartedMain] o.s.s.c.ThreadPoolTaskExecutor [ExecutorConfigurationSupport.java:171] Initializing ExecutorService 'applicationTaskExecutor'
2022-11-07 15:32:23,763 INFO [restartedMain] o.s.b.a.w.s.WelcomePageHandlerMapping [WelcomePageHandlerMapping.java:58] Adding welcome page template: index
2022-11-07 15:32:23,821 INFO [restartedMain] o.s.b.d.a.OptionalLiveReloadServer [OptionalLiveReloadServer.java:58] LiveReload server is running on port 35729
2022-11-07 15:32:23,837 INFO [restartedMain] o.a.c.h.Http11NioProtocol [DirectJDKLog.java:173] Starting ProtocolHandler ["http-nio-8080"]
2022-11-07 15:32:23,840 INFO [restartedMain] o.s.b.w.e.t.TomcatWebServer [TomcatWebServer.java:204] Tomcat started on port(s): 8080 (http) with context path '/community'
2022-11-07 15:32:23,841 INFO [restartedMain] c.l.c.CommunityLjnApplication [StartupInfoLogger.java:61] Started CommunityLjnApplication in 0.905 seconds (JVM running for 1085.062)
2022-11-07 15:32:23,843 INFO [restartedMain] o.s.b.d.a.ConditionEvaluationDeltaLoggingListener [ConditionEvaluationDeltaLoggingListener.java:63] Condition evaluation unchanged
2022-11-07 15:41:37,836 INFO [SpringContextShutdownHook] o.s.s.c.ThreadPoolTaskExecutor [ExecutorConfigurationSupport.java:208] Shutting down ExecutorService 'applicationTaskExecutor'
2022-11-07 15:41:41,241 INFO [restartedMain] c.l.c.CommunityLjnApplication [StartupInfoLogger.java:55] Starting CommunityLjnApplication on lideMacBook-Pro.local with PID 54033 (/Users/li/Downloads/community-ljn/target/classes started by li in /Users/li/Downloads/community-ljn)
2022-11-07 15:41:41,243 INFO [restartedMain] c.l.c.CommunityLjnApplication [SpringApplication.java:655] The following profiles are active: develop
2022-11-07 15:41:41,280 INFO [restartedMain] o.s.b.d.e.DevToolsPropertyDefaultsPostProcessor [DeferredLog.java:225] Devtools property defaults active! Set 'spring.devtools.add-properties' to 'false' to disable
2022-11-07 15:41:41,280 INFO [restartedMain] o.s.b.d.e.DevToolsPropertyDefaultsPostProcessor [DeferredLog.java:225] For additional web related logging consider setting the 'logging.level.web' property to 'DEBUG'
2022-11-07 15:41:42,379 INFO [restartedMain] o.s.b.w.e.t.TomcatWebServer [TomcatWebServer.java:92] Tomcat initialized with port(s): 8080 (http)
2022-11-07 15:41:42,386 INFO [restartedMain] o.a.c.h.Http11NioProtocol [DirectJDKLog.java:173] Initializing ProtocolHandler ["http-nio-8080"]
2022-11-07 15:41:42,387 INFO [restartedMain] o.a.c.c.StandardService [DirectJDKLog.java:173] Starting service [Tomcat]
2022-11-07 15:41:42,387 INFO [restartedMain] o.a.c.c.StandardEngine [DirectJDKLog.java:173] Starting Servlet engine: [Apache Tomcat/9.0.29]
2022-11-07 15:41:42,443 INFO [restartedMain] o.a.c.c.C.[.[.[/community] [DirectJDKLog.java:173] Initializing Spring embedded WebApplicationContext
2022-11-07 15:41:42,443 INFO [restartedMain] o.s.w.c.ContextLoader [ServletWebServerApplicationContext.java:284] Root WebApplicationContext: initialization completed in 1162 ms
2022-11-07 15:41:42,938 INFO [restartedMain] o.s.s.c.ThreadPoolTaskExecutor [ExecutorConfigurationSupport.java:171] Initializing ExecutorService 'applicationTaskExecutor'
2022-11-07 15:41:42,985 INFO [restartedMain] o.s.b.a.w.s.WelcomePageHandlerMapping [WelcomePageHandlerMapping.java:58] Adding welcome page template: index
2022-11-07 15:41:43,068 INFO [restartedMain] o.s.b.d.a.OptionalLiveReloadServer [OptionalLiveReloadServer.java:58] LiveReload server is running on port 35729
2022-11-07 15:41:43,088 INFO [restartedMain] o.a.c.h.Http11NioProtocol [DirectJDKLog.java:173] Starting ProtocolHandler ["http-nio-8080"]
2022-11-07 15:41:43,114 INFO [restartedMain] o.s.b.w.e.t.TomcatWebServer [TomcatWebServer.java:204] Tomcat started on port(s): 8080 (http) with context path '/community'
2022-11-07 15:41:43,118 INFO [restartedMain] c.l.c.CommunityLjnApplication [StartupInfoLogger.java:61] Started CommunityLjnApplication in 2.219 seconds (JVM running for 2.806)
2022-11-07 15:42:37,749 INFO [http-nio-8080-exec-1] o.a.t.u.h.p.Cookie [DirectJDKLog.java:173] A cookie header was received [1665405107] that contained an invalid cookie. That cookie will be ignored.
 Note: further occurrences of this error will be logged at DEBUG level.
2022-11-07 15:42:37,754 INFO [http-nio-8080-exec-1] o.a.c.c.C.[.[.[/community] [DirectJDKLog.java:173] Initializing Spring DispatcherServlet 'dispatcherServlet'
2022-11-07 15:42:37,755 INFO [http-nio-8080-exec-1] o.s.w.s.DispatcherServlet [FrameworkServlet.java:525] Initializing Servlet 'dispatcherServlet'
2022-11-07 15:42:37,759 INFO [http-nio-8080-exec-1] o.s.w.s.DispatcherServlet [FrameworkServlet.java:547] Completed initialization in 4 ms
2022-11-07 15:42:37,782 INFO [http-nio-8080-exec-1] c.z.h.HikariDataSource [HikariDataSource.java:110] HikariPool-1 - Starting...
2022-11-07 15:42:37,891 INFO [http-nio-8080-exec-1] c.z.h.HikariDataSource [HikariDataSource.java:123] HikariPool-1 - Start completed.
